-2024_9_14-21_28_26
21_28_41 | INFO | UtopiaAirdropModule has started
21_33_41 | DEBUG | [AIRDROP] AirdropEventHandler dropLocations count: 3
21_33_41 | DEBUG | [AIRDROP] Player count: 0
21_33_41 | INFO | [AIRDROP] Players to start the airdrop.0
21_38_41 | DEBUG | [AIRDROP] AirdropEventHandler dropLocations count: 3
21_38_41 | DEBUG | [AIRDROP] Player count: 0
21_38_41 | INFO | [AIRDROP] Players to start the airdrop.0
21_43_41 | DEBUG | [AIRDROP] AirdropEventHandler dropLocations count: 3
21_43_41 | DEBUG | [AIRDROP] Player count: 0
21_43_41 | INFO | [AIRDROP] Players to start the airdrop.0
21_48_41 | DEBUG | [AIRDROP] AirdropEventHandler dropLocations count: 3
21_48_41 | DEBUG | [AIRDROP] Player count: 0
21_48_41 | INFO | [AIRDROP] Players to start the airdrop.0
21_53_41 | DEBUG | [AIRDROP] AirdropEventHandler dropLocations count: 3
21_53_41 | DEBUG | [AIRDROP] Player count: 0
21_53_41 | INFO | [AIRDROP] Players to start the airdrop.0
21_58_41 | DEBUG | [AIRDROP] AirdropEventHandler dropLocations count: 3
21_58_41 | DEBUG | [AIRDROP] Player count: 0
21_58_41 | INFO | [AIRDROP] Players to start the airdrop.0
22_3_41 | DEBUG | [AIRDROP] AirdropEventHandler dropLocations count: 3
22_3_41 | DEBUG | [AIRDROP] Player count: 0
22_3_41 | INFO | [AIRDROP] Players to start the airdrop.0
22_8_41 | DEBUG | [AIRDROP] AirdropEventHandler dropLocations count: 3
22_8_41 | DEBUG | [AIRDROP] Player count: 0
22_8_41 | INFO | [AIRDROP] Players to start the airdrop.0
22_13_41 | DEBUG | [AIRDROP] AirdropEventHandler dropLocations count: 3
22_13_41 | DEBUG | [AIRDROP] Player count: 0
22_13_41 | INFO | [AIRDROP] Players to start the airdrop.0
22_18_41 | DEBUG | [AIRDROP] AirdropEventHandler dropLocations count: 3
22_18_41 | DEBUG | [AIRDROP] Player count: 0
22_18_41 | INFO | [AIRDROP] Players to start the airdrop.0
22_23_41 | DEBUG | [AIRDROP] AirdropEventHandler dropLocations count: 3
22_23_41 | DEBUG | [AIRDROP] Player count: 0
22_23_41 | INFO | [AIRDROP] Players to start the airdrop.0
22_28_41 | DEBUG | [AIRDROP] AirdropEventHandler dropLocations count: 3
22_28_41 | DEBUG | [AIRDROP] Player count: 0
22_28_41 | INFO | [AIRDROP] Players to start the airdrop.0
22_33_41 | DEBUG | [AIRDROP] AirdropEventHandler dropLocations count: 3
22_33_41 | DEBUG | [AIRDROP] Player count: 0
22_33_41 | INFO | [AIRDROP] Players to start the airdrop.0
22_38_41 | DEBUG | [AIRDROP] AirdropEventHandler dropLocations count: 3
22_38_41 | DEBUG | [AIRDROP] Player count: 0
22_38_41 | INFO | [AIRDROP] Players to start the airdrop.0
22_43_41 | DEBUG | [AIRDROP] AirdropEventHandler dropLocations count: 3
22_43_41 | DEBUG | [AIRDROP] Player count: 0
22_43_41 | INFO | [AIRDROP] Players to start the airdrop.0
22_48_41 | DEBUG | [AIRDROP] AirdropEventHandler dropLocations count: 3
22_48_41 | DEBUG | [AIRDROP] Player count: 0
22_48_41 | INFO | [AIRDROP] Players to start the airdrop.0
22_53_41 | DEBUG | [AIRDROP] AirdropEventHandler dropLocations count: 3
22_53_41 | DEBUG | [AIRDROP] Player count: 0
22_53_41 | INFO | [AIRDROP] Players to start the airdrop.0
22_58_41 | DEBUG | [AIRDROP] AirdropEventHandler dropLocations count: 3
22_58_41 | DEBUG | [AIRDROP] Player count: 0
22_58_41 | INFO | [AIRDROP] Players to start the airdrop.0
23_3_41 | DEBUG | [AIRDROP] AirdropEventHandler dropLocations count: 3
23_3_41 | DEBUG | [AIRDROP] Player count: 0
23_3_41 | INFO | [AIRDROP] Players to start the airdrop.0
23_8_41 | DEBUG | [AIRDROP] AirdropEventHandler dropLocations count: 3
23_8_41 | DEBUG | [AIRDROP] Player count: 0
23_8_41 | INFO | [AIRDROP] Players to start the airdrop.0
23_13_41 | DEBUG | [AIRDROP] AirdropEventHandler dropLocations count: 3
23_13_41 | DEBUG | [AIRDROP] Player count: 0
23_13_41 | INFO | [AIRDROP] Players to start the airdrop.0
23_18_41 | DEBUG | [AIRDROP] AirdropEventHandler dropLocations count: 3
23_18_41 | DEBUG | [AIRDROP] Player count: 0
23_18_41 | INFO | [AIRDROP] Players to start the airdrop.0
23_23_41 | DEBUG | [AIRDROP] AirdropEventHandler dropLocations count: 3
23_23_41 | DEBUG | [AIRDROP] Player count: 0
23_23_41 | INFO | [AIRDROP] Players to start the airdrop.0
23_28_41 | DEBUG | [AIRDROP] AirdropEventHandler dropLocations count: 3
23_28_41 | DEBUG | [AIRDROP] Player count: 0
23_28_41 | INFO | [AIRDROP] Players to start the airdrop.0
23_33_41 | DEBUG | [AIRDROP] AirdropEventHandler dropLocations count: 3
23_33_41 | DEBUG | [AIRDROP] Player count: 0
23_33_41 | INFO | [AIRDROP] Players to start the airdrop.0
23_38_41 | DEBUG | [AIRDROP] AirdropEventHandler dropLocations count: 3
23_38_41 | DEBUG | [AIRDROP] Player count: 0
23_38_41 | INFO | [AIRDROP] Players to start the airdrop.0
23_43_41 | DEBUG | [AIRDROP] AirdropEventHandler dropLocations count: 3
23_43_41 | DEBUG | [AIRDROP] Player count: 0
23_43_41 | INFO | [AIRDROP] Players to start the airdrop.0
23_48_41 | DEBUG | [AIRDROP] AirdropEventHandler dropLocations count: 3
23_48_41 | DEBUG | [AIRDROP] Player count: 0
23_48_41 | INFO | [AIRDROP] Players to start the airdrop.0
23_53_41 | DEBUG | [AIRDROP] AirdropEventHandler dropLocations count: 3
23_53_41 | DEBUG | [AIRDROP] Player count: 0
23_53_41 | INFO | [AIRDROP] Players to start the airdrop.0
23_58_41 | DEBUG | [AIRDROP] AirdropEventHandler dropLocations count: 3
23_58_41 | DEBUG | [AIRDROP] Player count: 0
23_58_41 | INFO | [AIRDROP] Players to start the airdrop.0
0_3_41 | DEBUG | [AIRDROP] AirdropEventHandler dropLocations count: 3
0_3_41 | DEBUG | [AIRDROP] Player count: 0
0_3_41 | INFO | [AIRDROP] Players to start the airdrop.0
0_8_41 | DEBUG | [AIRDROP] AirdropEventHandler dropLocations count: 3
0_8_41 | DEBUG | [AIRDROP] Player count: 0
0_8_41 | INFO | [AIRDROP] Players to start the airdrop.0
0_13_41 | DEBUG | [AIRDROP] AirdropEventHandler dropLocations count: 3
0_13_41 | DEBUG | [AIRDROP] Player count: 0
0_13_41 | INFO | [AIRDROP] Players to start the airdrop.0
0_18_41 | DEBUG | [AIRDROP] AirdropEventHandler dropLocations count: 3
0_18_41 | DEBUG | [AIRDROP] Player count: 0
0_18_41 | INFO | [AIRDROP] Players to start the airdrop.0
0_23_41 | DEBUG | [AIRDROP] AirdropEventHandler dropLocations count: 3
0_23_41 | DEBUG | [AIRDROP] Player count: 0
0_23_41 | INFO | [AIRDROP] Players to start the airdrop.0
0_28_41 | DEBUG | [AIRDROP] AirdropEventHandler dropLocations count: 3
0_28_41 | DEBUG | [AIRDROP] Player count: 0
0_28_41 | INFO | [AIRDROP] Players to start the airdrop.0
0_33_41 | DEBUG | [AIRDROP] AirdropEventHandler dropLocations count: 3
0_33_41 | DEBUG | [AIRDROP] Player count: 0
0_33_41 | INFO | [AIRDROP] Players to start the airdrop.0
0_38_41 | DEBUG | [AIRDROP] AirdropEventHandler dropLocations count: 3
0_38_41 | DEBUG | [AIRDROP] Player count: 0
0_38_41 | INFO | [AIRDROP] Players to start the airdrop.0
0_43_41 | DEBUG | [AIRDROP] AirdropEventHandler dropLocations count: 3
0_43_41 | DEBUG | [AIRDROP] Player count: 0
0_43_41 | INFO | [AIRDROP] Players to start the airdrop.0
0_48_41 | DEBUG | [AIRDROP] AirdropEventHandler dropLocations count: 3
0_48_41 | DEBUG | [AIRDROP] Player count: 0
0_48_41 | INFO | [AIRDROP] Players to start the airdrop.0
0_53_41 | DEBUG | [AIRDROP] AirdropEventHandler dropLocations count: 3
0_53_41 | DEBUG | [AIRDROP] Player count: 0
0_53_41 | INFO | [AIRDROP] Players to start the airdrop.0
0_58_41 | DEBUG | [AIRDROP] AirdropEventHandler dropLocations count: 3
0_58_41 | DEBUG | [AIRDROP] Player count: 0
0_58_41 | INFO | [AIRDROP] Players to start the airdrop.0
1_3_41 | DEBUG | [AIRDROP] AirdropEventHandler dropLocations count: 3
1_3_41 | DEBUG | [AIRDROP] Player count: 0
1_3_41 | INFO | [AIRDROP] Players to start the airdrop.0
1_8_41 | DEBUG | [AIRDROP] AirdropEventHandler dropLocations count: 3
1_8_41 | DEBUG | [AIRDROP] Player count: 0
1_8_41 | INFO | [AIRDROP] Players to start the airdrop.0
1_13_41 | DEBUG | [AIRDROP] AirdropEventHandler dropLocations count: 3
1_13_41 | DEBUG | [AIRDROP] Player count: 0
1_13_41 | INFO | [AIRDROP] Players to start the airdrop.0
1_18_41 | DEBUG | [AIRDROP] AirdropEventHandler dropLocations count: 3
1_18_41 | DEBUG | [AIRDROP] Player count: 0
1_18_41 | INFO | [AIRDROP] Players to start the airdrop.0
1_23_41 | DEBUG | [AIRDROP] AirdropEventHandler dropLocations count: 3
1_23_41 | DEBUG | [AIRDROP] Player count: 0
1_23_41 | INFO | [AIRDROP] Players to start the airdrop.0
1_28_41 | DEBUG | [AIRDROP] AirdropEventHandler dropLocations count: 3
1_28_41 | DEBUG | [AIRDROP] Player count: 0
1_28_41 | INFO | [AIRDROP] Players to start the airdrop.0
1_33_41 | DEBUG | [AIRDROP] AirdropEventHandler dropLocations count: 3
1_33_41 | DEBUG | [AIRDROP] Player count: 0
1_33_41 | INFO | [AIRDROP] Players to start the airdrop.0
1_38_41 | DEBUG | [AIRDROP] AirdropEventHandler dropLocations count: 3
1_38_41 | DEBUG | [AIRDROP] Player count: 0
1_38_41 | INFO | [AIRDROP] Players to start the airdrop.0
1_43_41 | DEBUG | [AIRDROP] AirdropEventHandler dropLocations count: 3
1_43_41 | DEBUG | [AIRDROP] Player count: 0
1_43_41 | INFO | [AIRDROP] Players to start the airdrop.0
1_48_41 | DEBUG | [AIRDROP] AirdropEventHandler dropLocations count: 3
1_48_41 | DEBUG | [AIRDROP] Player count: 0
1_48_41 | INFO | [AIRDROP] Players to start the airdrop.0
1_53_41 | DEBUG | [AIRDROP] AirdropEventHandler dropLocations count: 3
1_53_41 | DEBUG | [AIRDROP] Player count: 0
1_53_41 | INFO | [AIRDROP] Players to start the airdrop.0
1_58_41 | DEBUG | [AIRDROP] AirdropEventHandler dropLocations count: 3
1_58_41 | DEBUG | [AIRDROP] Player count: 0
1_58_41 | INFO | [AIRDROP] Players to start the airdrop.0
2_3_41 | DEBUG | [AIRDROP] AirdropEventHandler dropLocations count: 3
2_3_41 | DEBUG | [AIRDROP] Player count: 0
2_3_41 | INFO | [AIRDROP] Players to start the airdrop.0
2_8_41 | DEBUG | [AIRDROP] AirdropEventHandler dropLocations count: 3
2_8_41 | DEBUG | [AIRDROP] Player count: 0
2_8_41 | INFO | [AIRDROP] Players to start the airdrop.0
2_13_41 | DEBUG | [AIRDROP] AirdropEventHandler dropLocations count: 3
2_13_41 | DEBUG | [AIRDROP] Player count: 0
2_13_41 | INFO | [AIRDROP] Players to start the airdrop.0
2_18_41 | DEBUG | [AIRDROP] AirdropEventHandler dropLocations count: 3
2_18_41 | DEBUG | [AIRDROP] Player count: 0
2_18_41 | INFO | [AIRDROP] Players to start the airdrop.0
2_23_41 | DEBUG | [AIRDROP] AirdropEventHandler dropLocations count: 3
2_23_41 | DEBUG | [AIRDROP] Player count: 0
2_23_41 | INFO | [AIRDROP] Players to start the airdrop.0
2_28_41 | DEBUG | [AIRDROP] AirdropEventHandler dropLocations count: 3
2_28_41 | DEBUG | [AIRDROP] Player count: 0
2_28_41 | INFO | [AIRDROP] Players to start the airdrop.0
2_33_41 | DEBUG | [AIRDROP] AirdropEventHandler dropLocations count: 3
2_33_41 | DEBUG | [AIRDROP] Player count: 0
2_33_41 | INFO | [AIRDROP] Players to start the airdrop.0
2_38_41 | DEBUG | [AIRDROP] AirdropEventHandler dropLocations count: 3
2_38_41 | DEBUG | [AIRDROP] Player count: 0
2_38_41 | INFO | [AIRDROP] Players to start the airdrop.0
2_43_41 | DEBUG | [AIRDROP] AirdropEventHandler dropLocations count: 3
2_43_41 | DEBUG | [AIRDROP] Player count: 0
2_43_41 | INFO | [AIRDROP] Players to start the airdrop.0
2_48_41 | DEBUG | [AIRDROP] AirdropEventHandler dropLocations count: 3
2_48_41 | DEBUG | [AIRDROP] Player count: 0
2_48_41 | INFO | [AIRDROP] Players to start the airdrop.0
2_53_41 | DEBUG | [AIRDROP] AirdropEventHandler dropLocations count: 3
2_53_41 | DEBUG | [AIRDROP] Player count: 0
2_53_41 | INFO | [AIRDROP] Players to start the airdrop.0
2_58_41 | DEBUG | [AIRDROP] AirdropEventHandler dropLocations count: 3
2_58_41 | DEBUG | [AIRDROP] Player count: 0
2_58_41 | INFO | [AIRDROP] Players to start the airdrop.0
3_3_41 | DEBUG | [AIRDROP] AirdropEventHandler dropLocations count: 3
3_3_41 | DEBUG | [AIRDROP] Player count: 0
3_3_41 | INFO | [AIRDROP] Players to start the airdrop.0
3_8_41 | DEBUG | [AIRDROP] AirdropEventHandler dropLocations count: 3
3_8_41 | DEBUG | [AIRDROP] Player count: 0
3_8_41 | INFO | [AIRDROP] Players to start the airdrop.0
3_13_41 | DEBUG | [AIRDROP] AirdropEventHandler dropLocations count: 3
3_13_41 | DEBUG | [AIRDROP] Player count: 0
3_13_41 | INFO | [AIRDROP] Players to start the airdrop.0
3_18_41 | DEBUG | [AIRDROP] AirdropEventHandler dropLocations count: 3
3_18_41 | DEBUG | [AIRDROP] Player count: 0
3_18_41 | INFO | [AIRDROP] Players to start the airdrop.0
3_23_41 | DEBUG | [AIRDROP] AirdropEventHandler dropLocations count: 3
3_23_41 | DEBUG | [AIRDROP] Player count: 0
3_23_41 | INFO | [AIRDROP] Players to start the airdrop.0
3_28_41 | DEBUG | [AIRDROP] AirdropEventHandler dropLocations count: 3
3_28_41 | DEBUG | [AIRDROP] Player count: 0
3_28_41 | INFO | [AIRDROP] Players to start the airdrop.0
3_33_41 | DEBUG | [AIRDROP] AirdropEventHandler dropLocations count: 3
3_33_41 | DEBUG | [AIRDROP] Player count: 0
3_33_41 | INFO | [AIRDROP] Players to start the airdrop.0
3_38_41 | DEBUG | [AIRDROP] AirdropEventHandler dropLocations count: 3
3_38_41 | DEBUG | [AIRDROP] Player count: 0
3_38_41 | INFO | [AIRDROP] Players to start the airdrop.0
3_43_41 | DEBUG | [AIRDROP] AirdropEventHandler dropLocations count: 3
3_43_41 | DEBUG | [AIRDROP] Player count: 0
3_43_41 | INFO | [AIRDROP] Players to start the airdrop.0
3_48_41 | DEBUG | [AIRDROP] AirdropEventHandler dropLocations count: 3
3_48_41 | DEBUG | [AIRDROP] Player count: 0
3_48_41 | INFO | [AIRDROP] Players to start the airdrop.0
3_53_41 | DEBUG | [AIRDROP] AirdropEventHandler dropLocations count: 3
3_53_41 | DEBUG | [AIRDROP] Player count: 0
3_53_41 | INFO | [AIRDROP] Players to start the airdrop.0
3_58_41 | DEBUG | [AIRDROP] AirdropEventHandler dropLocations count: 3
3_58_41 | DEBUG | [AIRDROP] Player count: 0
3_58_41 | INFO | [AIRDROP] Players to start the airdrop.0
4_3_41 | DEBUG | [AIRDROP] AirdropEventHandler dropLocations count: 3
4_3_41 | DEBUG | [AIRDROP] Player count: 0
4_3_41 | INFO | [AIRDROP] Players to start the airdrop.0
4_8_41 | DEBUG | [AIRDROP] AirdropEventHandler dropLocations count: 3
4_8_41 | DEBUG | [AIRDROP] Player count: 0
4_8_41 | INFO | [AIRDROP] Players to start the airdrop.0
4_13_41 | DEBUG | [AIRDROP] AirdropEventHandler dropLocations count: 3
4_13_41 | DEBUG | [AIRDROP] Player count: 0
4_13_41 | INFO | [AIRDROP] Players to start the airdrop.0
4_18_41 | DEBUG | [AIRDROP] AirdropEventHandler dropLocations count: 3
4_18_41 | DEBUG | [AIRDROP] Player count: 0
4_18_41 | INFO | [AIRDROP] Players to start the airdrop.0
4_23_41 | DEBUG | [AIRDROP] AirdropEventHandler dropLocations count: 3
4_23_41 | DEBUG | [AIRDROP] Player count: 0
4_23_41 | INFO | [AIRDROP] Players to start the airdrop.0
4_28_41 | DEBUG | [AIRDROP] AirdropEventHandler dropLocations count: 3
4_28_41 | DEBUG | [AIRDROP] Player count: 0
4_28_41 | INFO | [AIRDROP] Players to start the airdrop.0
4_33_41 | DEBUG | [AIRDROP] AirdropEventHandler dropLocations count: 3
4_33_41 | DEBUG | [AIRDROP] Player count: 0
4_33_41 | INFO | [AIRDROP] Players to start the airdrop.0
4_38_41 | DEBUG | [AIRDROP] AirdropEventHandler dropLocations count: 3
4_38_41 | DEBUG | [AIRDROP] Player count: 0
4_38_41 | INFO | [AIRDROP] Players to start the airdrop.0
4_43_41 | DEBUG | [AIRDROP] AirdropEventHandler dropLocations count: 3
4_43_41 | DEBUG | [AIRDROP] Player count: 0
4_43_41 | INFO | [AIRDROP] Players to start the airdrop.0
4_48_41 | DEBUG | [AIRDROP] AirdropEventHandler dropLocations count: 3
4_48_41 | DEBUG | [AIRDROP] Player count: 0
4_48_41 | INFO | [AIRDROP] Players to start the airdrop.0
4_53_41 | DEBUG | [AIRDROP] AirdropEventHandler dropLocations count: 3
4_53_41 | DEBUG | [AIRDROP] Player count: 0
4_53_41 | INFO | [AIRDROP] Players to start the airdrop.0
4_58_41 | DEBUG | [AIRDROP] AirdropEventHandler dropLocations count: 3
4_58_41 | DEBUG | [AIRDROP] Player count: 0
4_58_41 | INFO | [AIRDROP] Players to start the airdrop.0
5_3_41 | DEBUG | [AIRDROP] AirdropEventHandler dropLocations count: 3
5_3_41 | DEBUG | [AIRDROP] Player count: 0
5_3_41 | INFO | [AIRDROP] Players to start the airdrop.0
5_8_41 | DEBUG | [AIRDROP] AirdropEventHandler dropLocations count: 3
5_8_41 | DEBUG | [AIRDROP] Player count: 0
5_8_41 | INFO | [AIRDROP] Players to start the airdrop.0
5_13_41 | DEBUG | [AIRDROP] AirdropEventHandler dropLocations count: 3
5_13_41 | DEBUG | [AIRDROP] Player count: 0
5_13_41 | INFO | [AIRDROP] Players to start the airdrop.0
5_18_41 | DEBUG | [AIRDROP] AirdropEventHandler dropLocations count: 3
5_18_41 | DEBUG | [AIRDROP] Player count: 0
5_18_41 | INFO | [AIRDROP] Players to start the airdrop.0
5_23_41 | DEBUG | [AIRDROP] AirdropEventHandler dropLocations count: 3
5_23_41 | DEBUG | [AIRDROP] Player count: 0
5_23_41 | INFO | [AIRDROP] Players to start the airdrop.0
5_28_41 | DEBUG | [AIRDROP] AirdropEventHandler dropLocations count: 3
5_28_41 | DEBUG | [AIRDROP] Player count: 0
5_28_41 | INFO | [AIRDROP] Players to start the airdrop.0
5_33_41 | DEBUG | [AIRDROP] AirdropEventHandler dropLocations count: 3
5_33_41 | DEBUG | [AIRDROP] Player count: 0
5_33_41 | INFO | [AIRDROP] Players to start the airdrop.0
5_38_41 | DEBUG | [AIRDROP] AirdropEventHandler dropLocations count: 3
5_38_41 | DEBUG | [AIRDROP] Player count: 0
5_38_41 | INFO | [AIRDROP] Players to start the airdrop.0
5_43_41 | DEBUG | [AIRDROP] AirdropEventHandler dropLocations count: 3
5_43_41 | DEBUG | [AIRDROP] Player count: 0
5_43_41 | INFO | [AIRDROP] Players to start the airdrop.0
5_48_41 | DEBUG | [AIRDROP] AirdropEventHandler dropLocations count: 3
5_48_41 | DEBUG | [AIRDROP] Player count: 0
5_48_41 | INFO | [AIRDROP] Players to start the airdrop.0
5_53_41 | DEBUG | [AIRDROP] AirdropEventHandler dropLocations count: 3
5_53_41 | DEBUG | [AIRDROP] Player count: 0
5_53_41 | INFO | [AIRDROP] Players to start the airdrop.0
5_58_41 | DEBUG | [AIRDROP] AirdropEventHandler dropLocations count: 3
5_58_41 | DEBUG | [AIRDROP] Player count: 0
5_58_41 | INFO | [AIRDROP] Players to start the airdrop.0
6_3_41 | DEBUG | [AIRDROP] AirdropEventHandler dropLocations count: 3
6_3_41 | DEBUG | [AIRDROP] Player count: 0
6_3_41 | INFO | [AIRDROP] Players to start the airdrop.0
6_8_41 | DEBUG | [AIRDROP] AirdropEventHandler dropLocations count: 3
6_8_41 | DEBUG | [AIRDROP] Player count: 0
6_8_41 | INFO | [AIRDROP] Players to start the airdrop.0
6_13_41 | DEBUG | [AIRDROP] AirdropEventHandler dropLocations count: 3
6_13_41 | DEBUG | [AIRDROP] Player count: 0
6_13_41 | INFO | [AIRDROP] Players to start the airdrop.0
6_18_41 | DEBUG | [AIRDROP] AirdropEventHandler dropLocations count: 3
6_18_41 | DEBUG | [AIRDROP] Player count: 0
6_18_41 | INFO | [AIRDROP] Players to start the airdrop.0
6_23_41 | DEBUG | [AIRDROP] AirdropEventHandler dropLocations count: 3
6_23_41 | DEBUG | [AIRDROP] Player count: 0
6_23_41 | INFO | [AIRDROP] Players to start the airdrop.0
6_28_41 | DEBUG | [AIRDROP] AirdropEventHandler dropLocations count: 3
6_28_41 | DEBUG | [AIRDROP] Player count: 0
6_28_41 | INFO | [AIRDROP] Players to start the airdrop.0
6_33_41 | DEBUG | [AIRDROP] AirdropEventHandler dropLocations count: 3
6_33_41 | DEBUG | [AIRDROP] Player count: 0
6_33_41 | INFO | [AIRDROP] Players to start the airdrop.0
6_38_41 | DEBUG | [AIRDROP] AirdropEventHandler dropLocations count: 3
6_38_41 | DEBUG | [AIRDROP] Player count: 0
6_38_41 | INFO | [AIRDROP] Players to start the airdrop.0
6_43_41 | DEBUG | [AIRDROP] AirdropEventHandler dropLocations count: 3
6_43_41 | DEBUG | [AIRDROP] Player count: 0
6_43_41 | INFO | [AIRDROP] Players to start the airdrop.0
6_48_41 | DEBUG | [AIRDROP] AirdropEventHandler dropLocations count: 3
6_48_41 | DEBUG | [AIRDROP] Player count: 0
6_48_41 | INFO | [AIRDROP] Players to start the airdrop.0
6_53_41 | DEBUG | [AIRDROP] AirdropEventHandler dropLocations count: 3
6_53_41 | DEBUG | [AIRDROP] Player count: 0
6_53_41 | INFO | [AIRDROP] Players to start the airdrop.0
6_58_41 | DEBUG | [AIRDROP] AirdropEventHandler dropLocations count: 3
6_58_41 | DEBUG | [AIRDROP] Player count: 0
6_58_41 | INFO | [AIRDROP] Players to start the airdrop.0
7_3_42 | DEBUG | [AIRDROP] AirdropEventHandler dropLocations count: 3
7_3_42 | DEBUG | [AIRDROP] Player count: 0
7_3_42 | INFO | [AIRDROP] Players to start the airdrop.0
7_8_42 | DEBUG | [AIRDROP] AirdropEventHandler dropLocations count: 3
7_8_42 | DEBUG | [AIRDROP] Player count: 0
7_8_42 | INFO | [AIRDROP] Players to start the airdrop.0
7_13_42 | DEBUG | [AIRDROP] AirdropEventHandler dropLocations count: 3
7_13_42 | DEBUG | [AIRDROP] Player count: 0
7_13_42 | INFO | [AIRDROP] Players to start the airdrop.0
7_18_42 | DEBUG | [AIRDROP] AirdropEventHandler dropLocations count: 3
7_18_42 | DEBUG | [AIRDROP] Player count: 0
7_18_42 | INFO | [AIRDROP] Players to start the airdrop.0
7_23_42 | DEBUG | [AIRDROP] AirdropEventHandler dropLocations count: 3
7_23_42 | DEBUG | [AIRDROP] Player count: 0
7_23_42 | INFO | [AIRDROP] Players to start the airdrop.0
7_28_42 | DEBUG | [AIRDROP] AirdropEventHandler dropLocations count: 3
7_28_42 | DEBUG | [AIRDROP] Player count: 0
7_28_42 | INFO | [AIRDROP] Players to start the airdrop.0
7_33_42 | DEBUG | [AIRDROP] AirdropEventHandler dropLocations count: 3
7_33_42 | DEBUG | [AIRDROP] Player count: 0
7_33_42 | INFO | [AIRDROP] Players to start the airdrop.0
7_38_42 | DEBUG | [AIRDROP] AirdropEventHandler dropLocations count: 3
7_38_42 | DEBUG | [AIRDROP] Player count: 0
7_38_42 | INFO | [AIRDROP] Players to start the airdrop.0
7_43_42 | DEBUG | [AIRDROP] AirdropEventHandler dropLocations count: 3
7_43_42 | DEBUG | [AIRDROP] Player count: 0
7_43_42 | INFO | [AIRDROP] Players to start the airdrop.0
7_48_42 | DEBUG | [AIRDROP] AirdropEventHandler dropLocations count: 3
7_48_42 | DEBUG | [AIRDROP] Player count: 0
7_48_42 | INFO | [AIRDROP] Players to start the airdrop.0
7_53_42 | DEBUG | [AIRDROP] AirdropEventHandler dropLocations count: 3
7_53_42 | DEBUG | [AIRDROP] Player count: 0
7_53_42 | INFO | [AIRDROP] Players to start the airdrop.0
7_58_42 | DEBUG | [AIRDROP] AirdropEventHandler dropLocations count: 3
7_58_42 | DEBUG | [AIRDROP] Player count: 0
7_58_42 | INFO | [AIRDROP] Players to start the airdrop.0
8_3_42 | DEBUG | [AIRDROP] AirdropEventHandler dropLocations count: 3
8_3_42 | DEBUG | [AIRDROP] Player count: 0
8_3_42 | INFO | [AIRDROP] Players to start the airdrop.0
8_8_42 | DEBUG | [AIRDROP] AirdropEventHandler dropLocations count: 3
8_8_42 | DEBUG | [AIRDROP] Player count: 0
8_8_42 | INFO | [AIRDROP] Players to start the airdrop.0
8_13_42 | DEBUG | [AIRDROP] AirdropEventHandler dropLocations count: 3
8_13_42 | DEBUG | [AIRDROP] Player count: 0
8_13_42 | INFO | [AIRDROP] Players to start the airdrop.0
8_18_42 | DEBUG | [AIRDROP] AirdropEventHandler dropLocations count: 3
8_18_42 | DEBUG | [AIRDROP] Player count: 0
8_18_42 | INFO | [AIRDROP] Players to start the airdrop.0
8_23_42 | DEBUG | [AIRDROP] AirdropEventHandler dropLocations count: 3
8_23_42 | DEBUG | [AIRDROP] Player count: 0
8_23_42 | INFO | [AIRDROP] Players to start the airdrop.0
8_28_42 | DEBUG | [AIRDROP] AirdropEventHandler dropLocations count: 3
8_28_42 | DEBUG | [AIRDROP] Player count: 0
8_28_42 | INFO | [AIRDROP] Players to start the airdrop.0
8_33_42 | DEBUG | [AIRDROP] AirdropEventHandler dropLocations count: 3
8_33_42 | DEBUG | [AIRDROP] Player count: 0
8_33_42 | INFO | [AIRDROP] Players to start the airdrop.0
8_38_42 | DEBUG | [AIRDROP] AirdropEventHandler dropLocations count: 3
8_38_42 | DEBUG | [AIRDROP] Player count: 0
8_38_42 | INFO | [AIRDROP] Players to start the airdrop.0
8_43_42 | DEBUG | [AIRDROP] AirdropEventHandler dropLocations count: 3
8_43_42 | DEBUG | [AIRDROP] Player count: 0
8_43_42 | INFO | [AIRDROP] Players to start the airdrop.0
8_48_42 | DEBUG | [AIRDROP] AirdropEventHandler dropLocations count: 3
8_48_42 | DEBUG | [AIRDROP] Player count: 0
8_48_42 | INFO | [AIRDROP] Players to start the airdrop.0
8_53_42 | DEBUG | [AIRDROP] AirdropEventHandler dropLocations count: 3
8_53_42 | DEBUG | [AIRDROP] Player count: 0
8_53_42 | INFO | [AIRDROP] Players to start the airdrop.0
8_58_42 | DEBUG | [AIRDROP] AirdropEventHandler dropLocations count: 3
8_58_42 | DEBUG | [AIRDROP] Player count: 0
8_58_42 | INFO | [AIRDROP] Players to start the airdrop.0
9_3_42 | DEBUG | [AIRDROP] AirdropEventHandler dropLocations count: 3
9_3_42 | DEBUG | [AIRDROP] Player count: 0
9_3_42 | INFO | [AIRDROP] Players to start the airdrop.0
9_8_42 | DEBUG | [AIRDROP] AirdropEventHandler dropLocations count: 3
9_8_42 | DEBUG | [AIRDROP] Player count: 0
9_8_42 | INFO | [AIRDROP] Players to start the airdrop.0
9_13_42 | DEBUG | [AIRDROP] AirdropEventHandler dropLocations count: 3
9_13_42 | DEBUG | [AIRDROP] Player count: 0
9_13_42 | INFO | [AIRDROP] Players to start the airdrop.0
