07.10.2024 10:57:05 [ZenMod] Player logged in: Ron Jeremy (76561198059652382) (pos=<8667.631836, 105.842690, 12803.712891>)
07.10.2024 11:54:08 [ZenMod] Player logged in: Ron Jeremy (76561198059652382) (pos=<3666.150146, 192.049484, 12934.490234>)
07.10.2024 12:08:19 [ZenMod] Player logged in: Ron Jeremy (76561198059652382) (pos=<8658.070313, 104.972458, 12798.607422>)
07.10.2024 13:44:54 [ZenMod] Player logged in: Ron Jeremy (76561198059652382) (pos=<3708.840088, 190.623413, 12955.887695>)
07.10.2024 14:17:34 [ZenMod] Player logged in: Ron Jeremy (76561198059652382) (pos=<3709.027588, 190.623291, 12962.018555>)
07.10.2024 14:38:04 [ZenMod] Player logged in: Ron Jeremy (76561198059652382) (pos=<3782.579102, 190.172455, 12997.109375>)
07.10.2024 15:32:27 [ZenMod] Player logged in: UrHucklebery (76561199248543272) (pos=<1422.263184, 309.091003, 9257.630859>)
07.10.2024 15:49:41 [ZenMod] Player logged in: Ron Jeremy (76561198059652382) (pos=<3805.263672, 190.434677, 12993.906250>)
07.10.2024 16:28:36 [ZenMod] Player logged out: UrHucklebery (76561199248543272) (pos=<940.329651, 181.065536, 7656.446289>)
07.10.2024 16:29:02 [ZenMod] Player logged in: UrHucklebery (76561199248543272) (pos=<940.329651, 181.065536, 7656.446289>)
07.10.2024 17:11:36 [ZenMod] Player logged in: UrHucklebery (76561199248543272) (pos=<1378.778564, 318.975494, 9258.046875>)
07.10.2024 17:26:58 [ZenMod] Player logged out: UrHucklebery (76561199248543272) (pos=<1380.686646, 335.861511, 9247.442383>)
07.10.2024 17:27:32 [ZenMod] Player logged in: UrHucklebery (76561199248543272) (pos=<1380.686646, 335.861511, 9247.442383>)
07.10.2024 17:29:11 [ZenMod] Player logged in: Ron Jeremy (76561198059652382) (pos=<3723.741455, 192.103134, 12944.217773>)
07.10.2024 17:31:47 [ZenMod] Player logged out: UrHucklebery (76561199248543272) (pos=<1380.417603, 326.082855, 9258.080078>)
07.10.2024 17:33:56 [ZenMod] Player logged in: UrHucklebery (76561199248543272) (pos=<1380.417603, 326.082855, 9258.080078>)
07.10.2024 18:02:47 [ZenMod] Player logged in: UrHucklebery (76561199248543272) (pos=<1601.911377, 190.693985, 6804.830078>)
07.10.2024 18:09:55 [ZenMod] Player logged in: Ron Jeremy (76561198059652382) (pos=<3707.578369, 190.624008, 12962.227539>)
07.10.2024 18:42:32 [ZenMod] Player logged out: Ron Jeremy (76561198059652382) (pos=<14127.462891, 5.918873, 13311.888672>)
07.10.2024 18:44:01 [ZenMod] Player logged in: Ron Jeremy (76561198059652382) (pos=<14127.462891, 5.918873, 13311.888672>)
07.10.2024 20:05:27 [ZenMod] Player logged in: silence (76561199357312015) (pos=<1381.356323, 319.053101, 9258.229492>)
07.10.2024 20:08:50 [ZenMod] Player logged out: Ron Jeremy (76561198059652382) (pos=<3713.552490, 190.621094, 12959.383789>)
07.10.2024 20:28:35 [ZenMod] Player logged in: Nate Higgers (76561198143738244) (pos=<8650.370117, 105.617523, 12788.531250>)
07.10.2024 20:37:54 [ZenMod] Player logged in: Ron Jeremy (76561198059652382) (pos=<3713.552490, 190.621094, 12959.383789>)
07.10.2024 20:51:58 [ZenMod] Player logged in: Nate Higgers (76561198143738244) (pos=<8782.649414, 203.203049, 11944.017578>)
07.10.2024 21:18:24 [ZenMod] Player logged in: silence (76561199357312015) (pos=<7108.568848, 131.769653, 12706.700195>)
07.10.2024 21:58:38 [ZenMod] Player logged out: Ron Jeremy (76561198059652382) (pos=<8639.916992, 104.972420, 12804.012695>)
07.10.2024 22:02:26 [ZenMod] Player logged in: Nate Higgers (76561198143738244) (pos=<8646.088867, 105.589401, 12786.125000>)
07.10.2024 22:02:51 [ZenMod] Player logged in: Ron Jeremy (76561198059652382) (pos=<8639.916992, 104.972420, 12804.012695>)
07.10.2024 22:03:10 [ZenMod] Player logged in: silence (76561199357312015) (pos=<1381.203979, 335.861481, 9243.754883>)
07.10.2024 22:03:17 [ZenMod] Player logged in: UrHucklebery (76561199248543272) (pos=<1383.668579, 326.048065, 9259.047852>)
07.10.2024 22:22:12 [ZenMod] Player logged out: Ron Jeremy (76561198059652382) (pos=<7664.534180, 122.545776, 12596.521484>)
07.10.2024 22:26:53 [ZenMod] Player logged in: silence (76561199357312015) (pos=<2800.078857, 223.915039, 12249.460938>)
08.10.2024 00:05:14 [ZenMod] Player logged out: silence (76561199357312015) (pos=<1380.980469, 319.052582, 9257.687500>)
08.10.2024 00:05:17 [ZenMod] Player logged out: UrHucklebery (76561199248543272) (pos=<1381.008911, 326.048065, 9256.880859>)
08.10.2024 01:57:53 [ZenMod] Player logged out: Nate Higgers (76561198143738244) (pos=<5593.510742, 158.902115, 12601.499023>)
08.10.2024 02:01:50 [ZenMod] Player logged in: Nate Higgers (76561198143738244) (pos=<5593.510742, 158.902115, 12601.499023>)
08.10.2024 03:10:34 [ZenMod] Player logged in: Nate Higgers (76561198143738244) (pos=<4616.828613, 339.844635, 10780.140625>)
08.10.2024 05:40:18 [ZenMod] Player logged out: Nate Higgers (76561198143738244) (pos=<8649.848633, 105.617531, 12789.074219>)
08.10.2024 07:11:50 [ZenMod] Player logged in: Ron Jeremy (76561198059652382) (pos=<7664.534180, 122.545776, 12596.521484>)
08.10.2024 07:16:02 [ZenMod] Player logged out: Ron Jeremy (76561198059652382) (pos=<3711.721680, 190.621994, 12958.900391>)
