02:49:18.756 [Expansion Quests] Initialize quest system on the connected client with UID=C6-V59th-6wDB528z-fMLRgWJWOrW-CZ0K9uNN42yOQ=
02:49:18.758 [Expansion Quests] Created new persistent player quest data for player UID=C6-V59th-6wDB528z-fMLRgWJWOrW-CZ0K9uNN42yOQ=
02:49:18.758 [Expansion Quests] Quest with ID=1 is not a a valid achievement or auto start quest. Skip quest for player with UID=C6-V59th-6wDB528z-fMLRgWJWOrW-CZ0K9uNN42yOQ=
02:49:18.758 [Expansion Quests] Quest with ID=2 is not a a valid achievement or auto start quest. Skip quest for player with UID=C6-V59th-6wDB528z-fMLRgWJWOrW-CZ0K9uNN42yOQ=
02:49:18.759 [Expansion Quests] Quest with ID=3 is not a a valid achievement or auto start quest. Skip quest for player with UID=C6-V59th-6wDB528z-fMLRgWJWOrW-CZ0K9uNN42yOQ=
02:49:18.759 [Expansion Quests] Quest with ID=4 is not a a valid achievement or auto start quest. Skip quest for player with UID=C6-V59th-6wDB528z-fMLRgWJWOrW-CZ0K9uNN42yOQ=
02:49:18.759 [Expansion Quests] Create new achievement/auto-start quest for quest ID=8 for player with UID=C6-V59th-6wDB528z-fMLRgWJWOrW-CZ0K9uNN42yOQ=
02:49:18.759 [Expansion Quests] Added new objective data for type=TARGET | Key= | ID=3
02:49:18.759 [Expansion Quests] Updated and saved persistent player quest data for player with UID=C6-V59th-6wDB528z-fMLRgWJWOrW-CZ0K9uNN42yOQ= | Quest ID=8
02:49:18.759 [Expansion Quests] Create new achievement/auto-start quest for quest ID=9 for player with UID=C6-V59th-6wDB528z-fMLRgWJWOrW-CZ0K9uNN42yOQ=
02:49:18.760 [Expansion Quests] Added new objective data for type=TARGET | Key= | ID=2
02:49:18.760 [Expansion Quests] Updated and saved persistent player quest data for player with UID=C6-V59th-6wDB528z-fMLRgWJWOrW-CZ0K9uNN42yOQ= | Quest ID=9
02:49:18.760 [Expansion Quests] Create new achievement/auto-start quest for quest ID=11 for player with UID=C6-V59th-6wDB528z-fMLRgWJWOrW-CZ0K9uNN42yOQ=
02:49:18.761 [Expansion Quests] Added new objective data for type=ACTION | Key= | ID=1
02:49:18.761 [Expansion Quests] Updated and saved persistent player quest data for player with UID=C6-V59th-6wDB528z-fMLRgWJWOrW-CZ0K9uNN42yOQ= | Quest ID=11
02:49:18.761 [Expansion Quests] Quest with ID=12 is not a a valid achievement or auto start quest. Skip quest for player with UID=C6-V59th-6wDB528z-fMLRgWJWOrW-CZ0K9uNN42yOQ=
02:49:18.761 [Expansion Quests] Quest with ID=13 is not a a valid achievement or auto start quest. Skip quest for player with UID=C6-V59th-6wDB528z-fMLRgWJWOrW-CZ0K9uNN42yOQ=
02:49:18.761 [Expansion Quests] Create new achievement/auto-start quest for quest ID=14 for player with UID=C6-V59th-6wDB528z-fMLRgWJWOrW-CZ0K9uNN42yOQ=
02:49:18.762 [Expansion Quests] Added new objective data for type=TRAVEL | Key= | ID=3
02:49:18.763 [Expansion Quests] Updated and saved persistent player quest data for player with UID=C6-V59th-6wDB528z-fMLRgWJWOrW-CZ0K9uNN42yOQ= | Quest ID=14
02:49:18.763 [Expansion Quests] Quest with ID=15 is not a a valid achievement or auto start quest. Skip quest for player with UID=C6-V59th-6wDB528z-fMLRgWJWOrW-CZ0K9uNN42yOQ=
02:49:18.763 [Expansion Quests] Quest with ID=16 is not a a valid achievement or auto start quest. Skip quest for player with UID=C6-V59th-6wDB528z-fMLRgWJWOrW-CZ0K9uNN42yOQ=
02:49:18.763 [Expansion Quests] Quest with ID=17 is not a a valid achievement or auto start quest. Skip quest for player with UID=C6-V59th-6wDB528z-fMLRgWJWOrW-CZ0K9uNN42yOQ=
02:49:18.764 [Expansion Quests] Quest with ID=18 is not a a valid achievement or auto start quest. Skip quest for player with UID=C6-V59th-6wDB528z-fMLRgWJWOrW-CZ0K9uNN42yOQ=
02:49:18.764 [Expansion Quests] Quest with ID=19 is not a a valid achievement or auto start quest. Skip quest for player with UID=C6-V59th-6wDB528z-fMLRgWJWOrW-CZ0K9uNN42yOQ=
02:49:18.764 [Expansion Quests] Quest with ID=22 is not a a valid achievement or auto start quest. Skip quest for player with UID=C6-V59th-6wDB528z-fMLRgWJWOrW-CZ0K9uNN42yOQ=
02:49:18.765 [Expansion Quests] Quest with ID=23 is not a a valid achievement or auto start quest. Skip quest for player with UID=C6-V59th-6wDB528z-fMLRgWJWOrW-CZ0K9uNN42yOQ=
02:49:18.765 [Expansion Quests] Quest with ID=24 is not a a valid achievement or auto start quest. Skip quest for player with UID=C6-V59th-6wDB528z-fMLRgWJWOrW-CZ0K9uNN42yOQ=
02:49:18.766 [Expansion Quests] Sending C6-V59th-6wDB528z-fMLRgWJWOrW-CZ0K9uNN42yOQ= quest configs to client for player with UID=C6-V59th-6wDB528z-fMLRgWJWOrW-CZ0K9uNN42yOQ=
02:49:18.767 [Expansion Quests] Sending player quest data for 4 quests to player with UID=C6-V59th-6wDB528z-fMLRgWJWOrW-CZ0K9uNN42yOQ=
02:49:19.219 [Expansion Quests] Added new objective data for type=TRAVEL | Key= | ID=3
02:49:19.221 [Expansion Quests] Updated and saved persistent player quest data for player with UID=C6-V59th-6wDB528z-fMLRgWJWOrW-CZ0K9uNN42yOQ= | Quest ID=14
02:49:57.752 [Expansion Quests] Added new objective data for type=TRAVEL | Key= | ID=3
02:49:57.754 [Expansion Quests] Updated and saved persistent player quest data for player with UID=C6-V59th-6wDB528z-fMLRgWJWOrW-CZ0K9uNN42yOQ= | Quest ID=14
02:49:57.754 [Expansion Quests] Player with UID=C6-V59th-6wDB528z-fMLRgWJWOrW-CZ0K9uNN42yOQ= has completed quest with ID=14
02:49:57.756 [Expansion Quests] Updated and saved persistent player quest data for player with UID=C6-V59th-6wDB528z-fMLRgWJWOrW-CZ0K9uNN42yOQ= | Quest ID=14
02:52:17.070 [MissionAirdrop] An airdrop is heading towards "Sosnovka" (pos=<2700.000000, 0.000000, 6193.000000> type=Random_Sosnovka) with a ExpansionAirdropContainer_Medical
02:56:03.946 [VehicleEnter] Player Ron Jeremy [uid=C6-V59th-6wDB528z-fMLRgWJWOrW-CZ0K9uNN42yOQ=] entered vehicle Mh-6 Little Bird (id=902BD8C3134674A7C2A665966E3FBDF9 pos=<3727.412598, 401.712555, 6010.709961>) as pilot
02:56:10.780 [VehicleEngine] Player Ron Jeremy [uid=C6-V59th-6wDB528z-fMLRgWJWOrW-CZ0K9uNN42yOQ=] started vehicle Mh-6 Little Bird (id=902BD8C3134674A7C2A665966E3FBDF9 pos=<3727.397705, 401.710327, 6010.715332>)
03:03:26.743 [Expansion Quests] Deleted quest with ID=8 is a of player with UID=C6-V59th-6wDB528z-fMLRgWJWOrW-CZ0K9uNN42yOQ=.
03:03:26.743 [Expansion Quests] Deleted quest with ID=9 is a of player with UID=C6-V59th-6wDB528z-fMLRgWJWOrW-CZ0K9uNN42yOQ=.
03:03:26.743 [Expansion Quests] Deleted quest with ID=11 is a of player with UID=C6-V59th-6wDB528z-fMLRgWJWOrW-CZ0K9uNN42yOQ=.
