03:07:47.847 [Expansion Quests] Initialize quest system on the connected client with UID=gX-mGzx9RFx9F8jGKTZXFHTX2RzKzzdngvqPfvfqbSY=
03:07:47.848 [Expansion Quests] Created new persistent player quest data for player UID=gX-mGzx9RFx9F8jGKTZXFHTX2RzKzzdngvqPfvfqbSY=
03:07:47.849 [Expansion Quests] Quest with ID=1 is not a a valid achievement or auto start quest. Skip quest for player with UID=gX-mGzx9RFx9F8jGKTZXFHTX2RzKzzdngvqPfvfqbSY=
03:07:47.849 [Expansion Quests] Quest with ID=2 is not a a valid achievement or auto start quest. Skip quest for player with UID=gX-mGzx9RFx9F8jGKTZXFHTX2RzKzzdngvqPfvfqbSY=
03:07:47.849 [Expansion Quests] Quest with ID=3 is not a a valid achievement or auto start quest. Skip quest for player with UID=gX-mGzx9RFx9F8jGKTZXFHTX2RzKzzdngvqPfvfqbSY=
03:07:47.849 [Expansion Quests] Quest with ID=4 is not a a valid achievement or auto start quest. Skip quest for player with UID=gX-mGzx9RFx9F8jGKTZXFHTX2RzKzzdngvqPfvfqbSY=
03:07:47.849 [Expansion Quests] Create new achievement/auto-start quest for quest ID=8 for player with UID=gX-mGzx9RFx9F8jGKTZXFHTX2RzKzzdngvqPfvfqbSY=
03:07:47.849 [Expansion Quests] Added new objective data for type=TARGET | Key= | ID=3
03:07:47.850 [Expansion Quests] Updated and saved persistent player quest data for player with UID=gX-mGzx9RFx9F8jGKTZXFHTX2RzKzzdngvqPfvfqbSY= | Quest ID=8
03:07:47.850 [Expansion Quests] Create new achievement/auto-start quest for quest ID=9 for player with UID=gX-mGzx9RFx9F8jGKTZXFHTX2RzKzzdngvqPfvfqbSY=
03:07:47.850 [Expansion Quests] Added new objective data for type=TARGET | Key= | ID=2
03:07:47.850 [Expansion Quests] Updated and saved persistent player quest data for player with UID=gX-mGzx9RFx9F8jGKTZXFHTX2RzKzzdngvqPfvfqbSY= | Quest ID=9
03:07:47.850 [Expansion Quests] Create new achievement/auto-start quest for quest ID=11 for player with UID=gX-mGzx9RFx9F8jGKTZXFHTX2RzKzzdngvqPfvfqbSY=
03:07:47.851 [Expansion Quests] Added new objective data for type=ACTION | Key= | ID=1
03:07:47.851 [Expansion Quests] Updated and saved persistent player quest data for player with UID=gX-mGzx9RFx9F8jGKTZXFHTX2RzKzzdngvqPfvfqbSY= | Quest ID=11
03:07:47.851 [Expansion Quests] Quest with ID=12 is not a a valid achievement or auto start quest. Skip quest for player with UID=gX-mGzx9RFx9F8jGKTZXFHTX2RzKzzdngvqPfvfqbSY=
03:07:47.851 [Expansion Quests] Quest with ID=13 is not a a valid achievement or auto start quest. Skip quest for player with UID=gX-mGzx9RFx9F8jGKTZXFHTX2RzKzzdngvqPfvfqbSY=
03:07:47.851 [Expansion Quests] Create new achievement/auto-start quest for quest ID=14 for player with UID=gX-mGzx9RFx9F8jGKTZXFHTX2RzKzzdngvqPfvfqbSY=
03:07:47.852 [Expansion Quests] Added new objective data for type=TRAVEL | Key= | ID=3
03:07:47.852 [Expansion Quests] Updated and saved persistent player quest data for player with UID=gX-mGzx9RFx9F8jGKTZXFHTX2RzKzzdngvqPfvfqbSY= | Quest ID=14
03:07:47.853 [Expansion Quests] Quest with ID=15 is not a a valid achievement or auto start quest. Skip quest for player with UID=gX-mGzx9RFx9F8jGKTZXFHTX2RzKzzdngvqPfvfqbSY=
03:07:47.853 [Expansion Quests] Quest with ID=16 is not a a valid achievement or auto start quest. Skip quest for player with UID=gX-mGzx9RFx9F8jGKTZXFHTX2RzKzzdngvqPfvfqbSY=
03:07:47.853 [Expansion Quests] Quest with ID=17 is not a a valid achievement or auto start quest. Skip quest for player with UID=gX-mGzx9RFx9F8jGKTZXFHTX2RzKzzdngvqPfvfqbSY=
03:07:47.853 [Expansion Quests] Quest with ID=18 is not a a valid achievement or auto start quest. Skip quest for player with UID=gX-mGzx9RFx9F8jGKTZXFHTX2RzKzzdngvqPfvfqbSY=
03:07:47.853 [Expansion Quests] Quest with ID=19 is not a a valid achievement or auto start quest. Skip quest for player with UID=gX-mGzx9RFx9F8jGKTZXFHTX2RzKzzdngvqPfvfqbSY=
03:07:47.853 [Expansion Quests] Quest with ID=22 is not a a valid achievement or auto start quest. Skip quest for player with UID=gX-mGzx9RFx9F8jGKTZXFHTX2RzKzzdngvqPfvfqbSY=
03:07:47.855 [Expansion Quests] Quest with ID=23 is not a a valid achievement or auto start quest. Skip quest for player with UID=gX-mGzx9RFx9F8jGKTZXFHTX2RzKzzdngvqPfvfqbSY=
03:07:47.855 [Expansion Quests] Quest with ID=24 is not a a valid achievement or auto start quest. Skip quest for player with UID=gX-mGzx9RFx9F8jGKTZXFHTX2RzKzzdngvqPfvfqbSY=
03:07:47.856 [Expansion Quests] Sending gX-mGzx9RFx9F8jGKTZXFHTX2RzKzzdngvqPfvfqbSY= quest configs to client for player with UID=gX-mGzx9RFx9F8jGKTZXFHTX2RzKzzdngvqPfvfqbSY=
03:07:47.857 [Expansion Quests] Sending player quest data for 4 quests to player with UID=gX-mGzx9RFx9F8jGKTZXFHTX2RzKzzdngvqPfvfqbSY=
03:07:48.327 [Expansion Quests] Added new objective data for type=TRAVEL | Key= | ID=3
03:07:48.329 [Expansion Quests] Updated and saved persistent player quest data for player with UID=gX-mGzx9RFx9F8jGKTZXFHTX2RzKzzdngvqPfvfqbSY= | Quest ID=14
03:11:38.059 [MissionAirdrop] An airdrop is heading towards "Elektrozavodsk" (pos=<9371.000000, 0.000000, 2229.000000> type=Random_Elektrozavodsk) with a ExpansionAirdropContainer_Medical
03:12:09.536 [Expansion Quests] Initialize quest system on the connected client with UID=x2cBt07ysyHuu-qw3OSsex1l6x7hMGidhpxfzTIxw04=
03:12:09.538 [Expansion Quests] Created new persistent player quest data for player UID=x2cBt07ysyHuu-qw3OSsex1l6x7hMGidhpxfzTIxw04=
03:12:09.539 [Expansion Quests] Quest with ID=1 is not a a valid achievement or auto start quest. Skip quest for player with UID=x2cBt07ysyHuu-qw3OSsex1l6x7hMGidhpxfzTIxw04=
03:12:09.539 [Expansion Quests] Quest with ID=2 is not a a valid achievement or auto start quest. Skip quest for player with UID=x2cBt07ysyHuu-qw3OSsex1l6x7hMGidhpxfzTIxw04=
03:12:09.539 [Expansion Quests] Quest with ID=3 is not a a valid achievement or auto start quest. Skip quest for player with UID=x2cBt07ysyHuu-qw3OSsex1l6x7hMGidhpxfzTIxw04=
03:12:09.539 [Expansion Quests] Quest with ID=4 is not a a valid achievement or auto start quest. Skip quest for player with UID=x2cBt07ysyHuu-qw3OSsex1l6x7hMGidhpxfzTIxw04=
03:12:09.539 [Expansion Quests] Create new achievement/auto-start quest for quest ID=8 for player with UID=x2cBt07ysyHuu-qw3OSsex1l6x7hMGidhpxfzTIxw04=
03:12:09.540 [Expansion Quests] Added new objective data for type=TARGET | Key= | ID=3
03:12:09.540 [Expansion Quests] Updated and saved persistent player quest data for player with UID=x2cBt07ysyHuu-qw3OSsex1l6x7hMGidhpxfzTIxw04= | Quest ID=8
03:12:09.540 [Expansion Quests] Create new achievement/auto-start quest for quest ID=9 for player with UID=x2cBt07ysyHuu-qw3OSsex1l6x7hMGidhpxfzTIxw04=
03:12:09.541 [Expansion Quests] Added new objective data for type=TARGET | Key= | ID=2
03:12:09.541 [Expansion Quests] Updated and saved persistent player quest data for player with UID=x2cBt07ysyHuu-qw3OSsex1l6x7hMGidhpxfzTIxw04= | Quest ID=9
03:12:09.541 [Expansion Quests] Create new achievement/auto-start quest for quest ID=11 for player with UID=x2cBt07ysyHuu-qw3OSsex1l6x7hMGidhpxfzTIxw04=
03:12:09.541 [Expansion Quests] Added new objective data for type=ACTION | Key= | ID=1
03:12:09.541 [Expansion Quests] Updated and saved persistent player quest data for player with UID=x2cBt07ysyHuu-qw3OSsex1l6x7hMGidhpxfzTIxw04= | Quest ID=11
03:12:09.541 [Expansion Quests] Quest with ID=12 is not a a valid achievement or auto start quest. Skip quest for player with UID=x2cBt07ysyHuu-qw3OSsex1l6x7hMGidhpxfzTIxw04=
03:12:09.541 [Expansion Quests] Quest with ID=13 is not a a valid achievement or auto start quest. Skip quest for player with UID=x2cBt07ysyHuu-qw3OSsex1l6x7hMGidhpxfzTIxw04=
03:12:09.541 [Expansion Quests] Create new achievement/auto-start quest for quest ID=14 for player with UID=x2cBt07ysyHuu-qw3OSsex1l6x7hMGidhpxfzTIxw04=
03:12:09.542 [Expansion Quests] Added new objective data for type=TRAVEL | Key= | ID=3
03:12:09.542 [Expansion Quests] Updated and saved persistent player quest data for player with UID=x2cBt07ysyHuu-qw3OSsex1l6x7hMGidhpxfzTIxw04= | Quest ID=14
03:12:09.542 [Expansion Quests] Quest with ID=15 is not a a valid achievement or auto start quest. Skip quest for player with UID=x2cBt07ysyHuu-qw3OSsex1l6x7hMGidhpxfzTIxw04=
03:12:09.542 [Expansion Quests] Quest with ID=16 is not a a valid achievement or auto start quest. Skip quest for player with UID=x2cBt07ysyHuu-qw3OSsex1l6x7hMGidhpxfzTIxw04=
03:12:09.542 [Expansion Quests] Quest with ID=17 is not a a valid achievement or auto start quest. Skip quest for player with UID=x2cBt07ysyHuu-qw3OSsex1l6x7hMGidhpxfzTIxw04=
03:12:09.542 [Expansion Quests] Quest with ID=18 is not a a valid achievement or auto start quest. Skip quest for player with UID=x2cBt07ysyHuu-qw3OSsex1l6x7hMGidhpxfzTIxw04=
03:12:09.543 [Expansion Quests] Quest with ID=19 is not a a valid achievement or auto start quest. Skip quest for player with UID=x2cBt07ysyHuu-qw3OSsex1l6x7hMGidhpxfzTIxw04=
03:12:09.543 [Expansion Quests] Quest with ID=22 is not a a valid achievement or auto start quest. Skip quest for player with UID=x2cBt07ysyHuu-qw3OSsex1l6x7hMGidhpxfzTIxw04=
03:12:09.543 [Expansion Quests] Quest with ID=23 is not a a valid achievement or auto start quest. Skip quest for player with UID=x2cBt07ysyHuu-qw3OSsex1l6x7hMGidhpxfzTIxw04=
03:12:09.543 [Expansion Quests] Quest with ID=24 is not a a valid achievement or auto start quest. Skip quest for player with UID=x2cBt07ysyHuu-qw3OSsex1l6x7hMGidhpxfzTIxw04=
03:12:09.545 [Expansion Quests] Sending x2cBt07ysyHuu-qw3OSsex1l6x7hMGidhpxfzTIxw04= quest configs to client for player with UID=x2cBt07ysyHuu-qw3OSsex1l6x7hMGidhpxfzTIxw04=
03:12:09.545 [Expansion Quests] Sending player quest data for 4 quests to player with UID=x2cBt07ysyHuu-qw3OSsex1l6x7hMGidhpxfzTIxw04=
03:12:10.016 [Expansion Quests] Added new objective data for type=TRAVEL | Key= | ID=3
03:12:10.018 [Expansion Quests] Updated and saved persistent player quest data for player with UID=x2cBt07ysyHuu-qw3OSsex1l6x7hMGidhpxfzTIxw04= | Quest ID=14
03:12:43.893 [Killfeed] UrHucklebery fell to their death.
03:22:50.420 [VehicleEnter] Player UrHucklebery [uid=x2cBt07ysyHuu-qw3OSsex1l6x7hMGidhpxfzTIxw04=] entered vehicle Gyrocopter (id=B54ECF74164D191A68AF3D81DB55B674 pos=<4983.091309, 9.551412, 2450.116943>) as passenger
03:22:58.216 [VehicleLeave] Player UrHucklebery [uid=x2cBt07ysyHuu-qw3OSsex1l6x7hMGidhpxfzTIxw04=] left vehicle Gyrocopter (id=B54ECF74164D191A68AF3D81DB55B674 pos=<4983.090820, 9.551766, 2450.116211>)
03:23:04.699 [VehicleEnter] Player UrHucklebery [uid=x2cBt07ysyHuu-qw3OSsex1l6x7hMGidhpxfzTIxw04=] entered vehicle Gyrocopter (id=B54ECF74164D191A68AF3D81DB55B674 pos=<4983.090820, 9.551670, 2450.116211>) as pilot
03:23:08.416 [VehicleEngine] Player UrHucklebery [uid=x2cBt07ysyHuu-qw3OSsex1l6x7hMGidhpxfzTIxw04=] started vehicle Gyrocopter (id=B54ECF74164D191A68AF3D81DB55B674 pos=<4983.090820, 9.551650, 2450.114746>)
03:23:18.963 [VehicleEnter] Player Nate Higgers [uid=gX-mGzx9RFx9F8jGKTZXFHTX2RzKzzdngvqPfvfqbSY=] entered vehicle Gyrocopter (id=B54ECF74164D191A68AF3D81DB55B674 pos=<4983.090820, 9.551653, 2450.111816>) as passenger
03:25:32.226 [VehicleLeave] Player Nate Higgers [uid=gX-mGzx9RFx9F8jGKTZXFHTX2RzKzzdngvqPfvfqbSY=] left vehicle Gyrocopter (id=B54ECF74164D191A68AF3D81DB55B674 pos=<3482.710449, 239.780807, 2682.424805>)
03:26:42.933 [VehicleLeave] Player UrHucklebery [uid=x2cBt07ysyHuu-qw3OSsex1l6x7hMGidhpxfzTIxw04=] left vehicle Gyrocopter (id=B54ECF74164D191A68AF3D81DB55B674 pos=<3601.023926, 60.180340, 3048.589355>)
03:50:40.937 [Killfeed] Nate Higgers got killed by UrHucklebery with AWM from a distance of 3 m.
03:52:06.050 [Killfeed] Nate Higgers got killed by UrHucklebery with AWM from a distance of 5 m.
03:52:33.655 [VehicleDeleted] ExpansionBigGyrocopter (id=B54ECF74164D191A68AF3D81DB55B674 pos=<3699.887451, 42.477917, 3011.363770>)
04:14:18.761 [Party] Player "UrHucklebery" (id=x2cBt07ysyHuu-qw3OSsex1l6x7hMGidhpxfzTIxw04=) joinded the party "Sabre Thunderous" (id=0 ownerUID= ownerName=)
04:14:18.761 [Party] Player "UrHucklebery" (id=x2cBt07ysyHuu-qw3OSsex1l6x7hMGidhpxfzTIxw04=) created a party named Sabre Thunderous (Sabre)
04:14:18.763 [Party] Player "UrHucklebery" (id=x2cBt07ysyHuu-qw3OSsex1l6x7hMGidhpxfzTIxw04=) invited the player "Nate Higgers" (id=gX-mGzx9RFx9F8jGKTZXFHTX2RzKzzdngvqPfvfqbSY=)to the party named Sabre Thunderous
04:14:19.759 [Expansion Quests] Created new persistent group quest data for group with ID=0
04:16:30.450 [Expansion Quests] Added new objective data for type=TRAVEL | Key= | ID=3
04:16:30.452 [Expansion Quests] Updated and saved persistent player quest data for player with UID=x2cBt07ysyHuu-qw3OSsex1l6x7hMGidhpxfzTIxw04= | Quest ID=14
04:16:30.453 [Expansion Quests] Player with UID=x2cBt07ysyHuu-qw3OSsex1l6x7hMGidhpxfzTIxw04= has completed quest with ID=14
04:16:30.455 [Expansion Quests] Updated and saved persistent player quest data for player with UID=x2cBt07ysyHuu-qw3OSsex1l6x7hMGidhpxfzTIxw04= | Quest ID=14
04:17:40.761 [VehicleEnter] Player UrHucklebery [uid=x2cBt07ysyHuu-qw3OSsex1l6x7hMGidhpxfzTIxw04=] entered vehicle Vodnik (id=AE5DB628D645721DF79C0BADAD5D6455 pos=<1168.115356, 6.054256, 2343.210693>) as driver
04:17:48.419 [VehicleEngine] Player UrHucklebery [uid=x2cBt07ysyHuu-qw3OSsex1l6x7hMGidhpxfzTIxw04=] started vehicle Vodnik (id=AE5DB628D645721DF79C0BADAD5D6455 pos=<1168.115356, 6.054263, 2343.210693>)
04:19:26.960 [VehicleEnter] Player Nate Higgers [uid=gX-mGzx9RFx9F8jGKTZXFHTX2RzKzzdngvqPfvfqbSY=] entered vehicle Vodnik (id=AE5DB628D645721DF79C0BADAD5D6455 pos=<1147.259399, 6.041743, 2395.593994>) as passenger
04:19:51.613 [VehicleEngine] Player UrHucklebery [uid=x2cBt07ysyHuu-qw3OSsex1l6x7hMGidhpxfzTIxw04=] stopped vehicle Vodnik (id=AE5DB628D645721DF79C0BADAD5D6455 pos=<1297.727173, -0.908466, 2224.013184>)
04:20:02.653 [VehicleEngine] Player UrHucklebery [uid=x2cBt07ysyHuu-qw3OSsex1l6x7hMGidhpxfzTIxw04=] started vehicle Vodnik (id=AE5DB628D645721DF79C0BADAD5D6455 pos=<1300.579712, -0.948810, 2222.706787>)
04:20:50.203 [VehicleEngine] Player UrHucklebery [uid=x2cBt07ysyHuu-qw3OSsex1l6x7hMGidhpxfzTIxw04=] started vehicle Vodnik (id=AE5DB628D645721DF79C0BADAD5D6455 pos=<1449.975586, 0.713161, 2086.157471>)
04:20:59.570 [VehicleLeave] Player UrHucklebery [uid=x2cBt07ysyHuu-qw3OSsex1l6x7hMGidhpxfzTIxw04=] left vehicle Vodnik (id=AE5DB628D645721DF79C0BADAD5D6455 pos=<1476.135376, 2.360348, 2081.070068>)
04:21:03.788 [VehicleLeave] Player Nate Higgers [uid=gX-mGzx9RFx9F8jGKTZXFHTX2RzKzzdngvqPfvfqbSY=] left vehicle Vodnik (id=AE5DB628D645721DF79C0BADAD5D6455 pos=<1476.135376, 2.360370, 2081.070313>)
04:21:26.203 [VehicleEnter] Player Nate Higgers [uid=gX-mGzx9RFx9F8jGKTZXFHTX2RzKzzdngvqPfvfqbSY=] entered vehicle Vodnik (id=AE5DB628D645721DF79C0BADAD5D6455 pos=<1476.135376, 2.360370, 2081.070313>) as passenger
04:21:46.445 [VehicleLeave] Player Nate Higgers [uid=gX-mGzx9RFx9F8jGKTZXFHTX2RzKzzdngvqPfvfqbSY=] left vehicle Vodnik (id=AE5DB628D645721DF79C0BADAD5D6455 pos=<1476.135376, 2.360370, 2081.070313>)
04:21:51.964 [VehicleEnter] Player UrHucklebery [uid=x2cBt07ysyHuu-qw3OSsex1l6x7hMGidhpxfzTIxw04=] entered vehicle Vodnik (id=AE5DB628D645721DF79C0BADAD5D6455 pos=<1476.135376, 2.360377, 2081.070313>) as driver
04:22:04.866 [VehicleEngine] Player UrHucklebery [uid=x2cBt07ysyHuu-qw3OSsex1l6x7hMGidhpxfzTIxw04=] stopped vehicle Vodnik (id=AE5DB628D645721DF79C0BADAD5D6455 pos=<1476.135254, 2.360392, 2081.070557>)
04:22:05.070 [VehicleEnter] Player Nate Higgers [uid=gX-mGzx9RFx9F8jGKTZXFHTX2RzKzzdngvqPfvfqbSY=] entered vehicle Vodnik (id=AE5DB628D645721DF79C0BADAD5D6455 pos=<1476.135254, 2.360390, 2081.070557>) as passenger
04:22:08.019 [VehicleLeave] Player UrHucklebery [uid=x2cBt07ysyHuu-qw3OSsex1l6x7hMGidhpxfzTIxw04=] left vehicle Vodnik (id=AE5DB628D645721DF79C0BADAD5D6455 pos=<1476.135254, 2.360384, 2081.070557>)
04:22:24.571 [VehicleLeave] Player Nate Higgers [uid=gX-mGzx9RFx9F8jGKTZXFHTX2RzKzzdngvqPfvfqbSY=] left vehicle Vodnik (id=AE5DB628D645721DF79C0BADAD5D6455 pos=<1476.135254, 2.360426, 2081.070801>)
04:25:58.181 [VehicleDeleted] ExpansionVodnik_Camo (id=AE5DB628D645721DF79C0BADAD5D6455 pos=<1476.135254, 2.360426, 2081.070801>)
04:30:35.370 [VehicleEnter] Player UrHucklebery [uid=x2cBt07ysyHuu-qw3OSsex1l6x7hMGidhpxfzTIxw04=] entered vehicle UH-1H (id=78DB306E1D4DF4198305028B0BE02259 pos=<4987.242676, 9.594568, 2472.944092>) as pilot
04:30:38.468 [VehicleEngine] Player UrHucklebery [uid=x2cBt07ysyHuu-qw3OSsex1l6x7hMGidhpxfzTIxw04=] started vehicle UH-1H (id=78DB306E1D4DF4198305028B0BE02259 pos=<4987.242676, 9.594562, 2472.944092>)
04:33:23.009 [VehicleEngine] Player UrHucklebery [uid=x2cBt07ysyHuu-qw3OSsex1l6x7hMGidhpxfzTIxw04=] stopped vehicle UH-1H (id=78DB306E1D4DF4198305028B0BE02259 pos=<1425.162231, 3.057586, 2111.241699>)
04:33:56.890 [VehicleLeave] Player UrHucklebery [uid=x2cBt07ysyHuu-qw3OSsex1l6x7hMGidhpxfzTIxw04=] left vehicle UH-1H (id=78DB306E1D4DF4198305028B0BE02259 pos=<1425.188354, 3.049571, 2111.235596>)
04:34:46.855 [VehicleDeleted] ExpansionUh1h_Green (id=78DB306E1D4DF4198305028B0BE02259 pos=<1425.237061, 3.054950, 2111.245117>)
04:41:17.406 [MissionAirdrop] An airdrop is heading towards "Zelenogorsk" (pos=<2351.000000, 0.000000, 5393.000000> type=Random_Zelenogorsk) with a ExpansionAirdropContainer_Basebuilding
04:44:21.119 [VehicleEnter] Player Nate Higgers [uid=gX-mGzx9RFx9F8jGKTZXFHTX2RzKzzdngvqPfvfqbSY=] entered vehicle UH-1H (id=129CFB5DF4410082F54CDA97AB0F63D4 pos=<1487.894775, 2.898239, 2081.357178>) as pilot
04:44:25.166 [VehicleEngine] Player Nate Higgers [uid=gX-mGzx9RFx9F8jGKTZXFHTX2RzKzzdngvqPfvfqbSY=] started vehicle UH-1H (id=129CFB5DF4410082F54CDA97AB0F63D4 pos=<1487.955933, 2.895618, 2081.313232>)
04:45:59.962 [VehicleEngine] Player Nate Higgers [uid=gX-mGzx9RFx9F8jGKTZXFHTX2RzKzzdngvqPfvfqbSY=] stopped vehicle UH-1H (id=129CFB5DF4410082F54CDA97AB0F63D4 pos=<1592.287354, 42.218666, 2616.423584>)
04:46:09.576 [VehicleLeave] Player Nate Higgers [uid=gX-mGzx9RFx9F8jGKTZXFHTX2RzKzzdngvqPfvfqbSY=] left vehicle UH-1H (id=129CFB5DF4410082F54CDA97AB0F63D4 pos=<1592.267700, 42.228958, 2616.522705>)
04:46:17.294 [VehicleEnter] Player UrHucklebery [uid=x2cBt07ysyHuu-qw3OSsex1l6x7hMGidhpxfzTIxw04=] entered vehicle UH-1H (id=40C12B8A8241CDDD456B8B8AEF3E46A1 pos=<4985.412598, 9.594548, 2464.617920>) as pilot
04:46:18.898 [VehicleEngine] Player UrHucklebery [uid=x2cBt07ysyHuu-qw3OSsex1l6x7hMGidhpxfzTIxw04=] started vehicle UH-1H (id=40C12B8A8241CDDD456B8B8AEF3E46A1 pos=<4985.412598, 9.594561, 2464.617920>)
04:46:23.244 [VehicleEngine] Player UrHucklebery [uid=x2cBt07ysyHuu-qw3OSsex1l6x7hMGidhpxfzTIxw04=] started vehicle UH-1H (id=40C12B8A8241CDDD456B8B8AEF3E46A1 pos=<4985.412598, 9.594548, 2464.617920>)
04:46:30.082 [VehicleLeave] Player UrHucklebery [uid=x2cBt07ysyHuu-qw3OSsex1l6x7hMGidhpxfzTIxw04=] left vehicle UH-1H (id=40C12B8A8241CDDD456B8B8AEF3E46A1 pos=<4985.412598, 9.594566, 2464.617920>)
04:47:00.207 [VehicleDeleted] ExpansionUh1h (id=40C12B8A8241CDDD456B8B8AEF3E46A1 pos=<4985.412598, 9.594561, 2464.617920>)
04:47:52.828 [VehicleEnter] Player Nate Higgers [uid=gX-mGzx9RFx9F8jGKTZXFHTX2RzKzzdngvqPfvfqbSY=] entered vehicle Mh-6 Little Bird (id=2B8EA97EFD4DDE3462C464B4266858EA pos=<1656.599365, 59.314304, 2718.456787>) as pilot
04:47:56.929 [VehicleEngine] Player Nate Higgers [uid=gX-mGzx9RFx9F8jGKTZXFHTX2RzKzzdngvqPfvfqbSY=] started vehicle Mh-6 Little Bird (id=2B8EA97EFD4DDE3462C464B4266858EA pos=<1656.576782, 59.310204, 2718.434814>)
04:48:37.921 [VehicleDeleted] ExpansionUh1h_Civilian (id=74EF93526147B3BDB00F88B9479DD78E pos=<4975.568359, 9.586189, 2493.647949>)
04:48:39.613 [VehicleDeleted] ExpansionUh1h_Green (id=F337C2106C4885BB96AE08BF4FFBF64C pos=<4978.573242, 9.602593, 2492.950928>)
04:49:50.093 [VehicleEngine] Player Nate Higgers [uid=gX-mGzx9RFx9F8jGKTZXFHTX2RzKzzdngvqPfvfqbSY=] stopped vehicle Mh-6 Little Bird (id=2B8EA97EFD4DDE3462C464B4266858EA pos=<2109.602295, 22.649139, 2355.948486>)
04:49:53.839 [VehicleDeleted] ExpansionUh1h_Resistance (id=139F3BDBFF4315EC037BCDBAF9355E99 pos=<4933.374512, 11.090749, 2477.250244>)
04:49:58.716 [VehicleLeave] Player Nate Higgers [uid=gX-mGzx9RFx9F8jGKTZXFHTX2RzKzzdngvqPfvfqbSY=] left vehicle Mh-6 Little Bird (id=2B8EA97EFD4DDE3462C464B4266858EA pos=<2110.433105, 21.879917, 2357.737793>)
04:50:07.662 [VehicleDestroyed] ExpansionMh6_Resistance (id=2B8EA97EFD4DDE3462C464B4266858EA pos=<2110.420654, 21.880175, 2357.731934>)
04:50:11.757 [VehicleEnter] Player UrHucklebery [uid=x2cBt07ysyHuu-qw3OSsex1l6x7hMGidhpxfzTIxw04=] entered vehicle UH-1H (id=3A6E2B92AD48E84951D1C6AC973D54E5 pos=<4985.206543, 9.594553, 2490.816895>) as pilot
04:50:13.781 [VehicleEngine] Player UrHucklebery [uid=x2cBt07ysyHuu-qw3OSsex1l6x7hMGidhpxfzTIxw04=] started vehicle UH-1H (id=3A6E2B92AD48E84951D1C6AC973D54E5 pos=<4985.206543, 9.594555, 2490.816895>)
04:50:17.818 [VehicleLeave] Player UrHucklebery [uid=x2cBt07ysyHuu-qw3OSsex1l6x7hMGidhpxfzTIxw04=] left vehicle UH-1H (id=3A6E2B92AD48E84951D1C6AC973D54E5 pos=<4985.206543, 9.594556, 2490.816895>)
04:50:49.730 [VehicleEnter] Player Nate Higgers [uid=gX-mGzx9RFx9F8jGKTZXFHTX2RzKzzdngvqPfvfqbSY=] entered vehicle Mh-6 Little Bird (id=D3750EC0414503FD3A688E85F0318BB5 pos=<2101.157227, 22.280666, 2367.862549>) as pilot
04:50:52.033 [VehicleEngine] Player Nate Higgers [uid=gX-mGzx9RFx9F8jGKTZXFHTX2RzKzzdngvqPfvfqbSY=] started vehicle Mh-6 Little Bird (id=D3750EC0414503FD3A688E85F0318BB5 pos=<2101.167969, 22.240623, 2367.846436>)
04:50:55.195 [VehicleEnter] Player UrHucklebery [uid=x2cBt07ysyHuu-qw3OSsex1l6x7hMGidhpxfzTIxw04=] entered vehicle UH-1H (id=3A6E2B92AD48E84951D1C6AC973D54E5 pos=<4985.207031, 9.594110, 2490.817871>) as pilot
04:50:56.675 [VehicleEngine] Player UrHucklebery [uid=x2cBt07ysyHuu-qw3OSsex1l6x7hMGidhpxfzTIxw04=] started vehicle UH-1H (id=3A6E2B92AD48E84951D1C6AC973D54E5 pos=<4985.207031, 9.593666, 2490.818115>)
04:51:01.931 [VehicleLeave] Player UrHucklebery [uid=x2cBt07ysyHuu-qw3OSsex1l6x7hMGidhpxfzTIxw04=] left vehicle UH-1H (id=3A6E2B92AD48E84951D1C6AC973D54E5 pos=<4985.207031, 9.594557, 2490.817627>)
04:51:16.958 [VehicleLeave] Player Nate Higgers [uid=gX-mGzx9RFx9F8jGKTZXFHTX2RzKzzdngvqPfvfqbSY=] left vehicle Mh-6 Little Bird (id=D3750EC0414503FD3A688E85F0318BB5 pos=<2101.188721, 22.488329, 2367.837402>)
04:51:43.394 [VehicleDestroyed] ExpansionMh6_Black (id=D3750EC0414503FD3A688E85F0318BB5 pos=<2101.071045, 22.234854, 2367.820313>)
04:51:48.601 [VehicleDeleted] ExpansionMh6_Black (id=D3750EC0414503FD3A688E85F0318BB5 pos=<0.000000, 0.000000, 0.000000>)
04:52:23.607 [VehicleDeleted] ExpansionUh1h_Resistance (id=3A6E2B92AD48E84951D1C6AC973D54E5 pos=<4985.207031, 9.594552, 2490.817627>)
04:53:00.009 [VehicleEnter] Player Nate Higgers [uid=gX-mGzx9RFx9F8jGKTZXFHTX2RzKzzdngvqPfvfqbSY=] entered vehicle Mh-6 Little Bird (id=1BB1D16B924132F8542AC1AC89828518 pos=<2090.593750, 5.533664, 2263.733398>) as pilot
04:53:02.753 [VehicleEngine] Player Nate Higgers [uid=gX-mGzx9RFx9F8jGKTZXFHTX2RzKzzdngvqPfvfqbSY=] started vehicle Mh-6 Little Bird (id=1BB1D16B924132F8542AC1AC89828518 pos=<2090.592285, 5.533352, 2263.733643>)
04:54:44.880 [VehicleEnter] Player UrHucklebery [uid=x2cBt07ysyHuu-qw3OSsex1l6x7hMGidhpxfzTIxw04=] entered vehicle Mh-6 Little Bird (id=92CD6FDB354708419E2430BE968433BA pos=<2064.710938, 52.001743, 2526.535889>) as pilot
04:54:47.984 [VehicleEngine] Player UrHucklebery [uid=x2cBt07ysyHuu-qw3OSsex1l6x7hMGidhpxfzTIxw04=] started vehicle Mh-6 Little Bird (id=92CD6FDB354708419E2430BE968433BA pos=<2064.710938, 52.001850, 2526.535645>)
04:54:51.582 [VehicleEngine] Player UrHucklebery [uid=x2cBt07ysyHuu-qw3OSsex1l6x7hMGidhpxfzTIxw04=] started vehicle Mh-6 Little Bird (id=92CD6FDB354708419E2430BE968433BA pos=<2064.710938, 52.001911, 2526.535645>)
04:54:56.644 [VehicleLeave] Player UrHucklebery [uid=x2cBt07ysyHuu-qw3OSsex1l6x7hMGidhpxfzTIxw04=] left vehicle Mh-6 Little Bird (id=92CD6FDB354708419E2430BE968433BA pos=<2064.710938, 52.001831, 2526.535400>)
04:55:05.345 [VehicleLeave] Player Nate Higgers [uid=gX-mGzx9RFx9F8jGKTZXFHTX2RzKzzdngvqPfvfqbSY=] left vehicle Mh-6 Little Bird (id=1BB1D16B924132F8542AC1AC89828518 pos=<1771.593628, 82.645889, 2996.196777>)
04:55:17.927 [VehicleDestroyed] ExpansionMh6_Resistance (id=1BB1D16B924132F8542AC1AC89828518 pos=<1771.247437, 82.720009, 2996.294678>)
04:55:40.125 [VehicleEnter] Player Nate Higgers [uid=gX-mGzx9RFx9F8jGKTZXFHTX2RzKzzdngvqPfvfqbSY=] entered vehicle Mh-6 Little Bird (id=845AB46E804D6A4799086EBB8C6B76E2 pos=<1774.038696, 79.042213, 2975.099121>) as passenger
04:55:40.785 [VehicleEnter] Player UrHucklebery [uid=x2cBt07ysyHuu-qw3OSsex1l6x7hMGidhpxfzTIxw04=] entered vehicle Mh-6 Little Bird (id=845AB46E804D6A4799086EBB8C6B76E2 pos=<1774.035645, 79.041962, 2975.099854>) as pilot
04:55:43.910 [VehicleEngine] Player UrHucklebery [uid=x2cBt07ysyHuu-qw3OSsex1l6x7hMGidhpxfzTIxw04=] started vehicle Mh-6 Little Bird (id=845AB46E804D6A4799086EBB8C6B76E2 pos=<1774.033569, 79.041588, 2975.098877>)
04:56:22.105 [VehicleDeleted] ExpansionMh6_Resistance (id=2B8EA97EFD4DDE3462C464B4266858EA pos=<2110.409180, 21.879673, 2357.723633>)
05:00:52.578 [VehicleEngine] Player UrHucklebery [uid=x2cBt07ysyHuu-qw3OSsex1l6x7hMGidhpxfzTIxw04=] stopped vehicle Mh-6 Little Bird (id=845AB46E804D6A4799086EBB8C6B76E2 pos=<3972.767090, 314.769226, 6583.723145>)
05:01:19.390 [VehicleDeleted] ExpansionMh6_Resistance (id=1BB1D16B924132F8542AC1AC89828518 pos=<1771.664429, 82.724648, 2993.471191>)
05:01:41.216 [VehicleEngine] Player UrHucklebery [uid=x2cBt07ysyHuu-qw3OSsex1l6x7hMGidhpxfzTIxw04=] started vehicle Mh-6 Little Bird (id=845AB46E804D6A4799086EBB8C6B76E2 pos=<3972.794434, 314.767792, 6583.728027>)
05:05:11.031 [VehicleLeave] Player Nate Higgers [uid=gX-mGzx9RFx9F8jGKTZXFHTX2RzKzzdngvqPfvfqbSY=] left vehicle Mh-6 Little Bird (id=845AB46E804D6A4799086EBB8C6B76E2 pos=<7792.000977, 663.172546, 8505.495117>)
05:05:46.494 [VehicleEnter] Player Nate Higgers [uid=gX-mGzx9RFx9F8jGKTZXFHTX2RzKzzdngvqPfvfqbSY=] entered vehicle Mh-6 Little Bird (id=E85AAFD686407DEE8FD2FFA8AA752741 pos=<7835.294922, 384.979523, 8447.684570>) as pilot
05:05:48.044 [VehicleEngine] Player Nate Higgers [uid=gX-mGzx9RFx9F8jGKTZXFHTX2RzKzzdngvqPfvfqbSY=] started vehicle Mh-6 Little Bird (id=E85AAFD686407DEE8FD2FFA8AA752741 pos=<7835.294922, 384.979462, 8447.684570>)
05:05:49.714 [VehicleEngine] Player UrHucklebery [uid=x2cBt07ysyHuu-qw3OSsex1l6x7hMGidhpxfzTIxw04=] stopped vehicle Mh-6 Little Bird (id=845AB46E804D6A4799086EBB8C6B76E2 pos=<8123.320801, 464.048767, 8987.989258>)
05:06:02.357 [VehicleLeave] Player UrHucklebery [uid=x2cBt07ysyHuu-qw3OSsex1l6x7hMGidhpxfzTIxw04=] left vehicle Mh-6 Little Bird (id=845AB46E804D6A4799086EBB8C6B76E2 pos=<8106.802246, 462.340668, 8996.207031>)
05:06:43.402 [VehicleDeleted] ExpansionUh1h_Green (id=129CFB5DF4410082F54CDA97AB0F63D4 pos=<1592.232910, 42.222492, 2616.529541>)
05:07:06.814 [VehicleDestroyed] ExpansionMh6_Resistance (id=845AB46E804D6A4799086EBB8C6B76E2 pos=<8106.408691, 462.302490, 8996.170898>)
05:12:26.755 [VehicleEngine] Player Nate Higgers [uid=gX-mGzx9RFx9F8jGKTZXFHTX2RzKzzdngvqPfvfqbSY=] stopped vehicle Mh-6 Little Bird (id=E85AAFD686407DEE8FD2FFA8AA752741 pos=<8066.416992, 457.158417, 8984.431641>)
05:14:28.566 [VehicleEngine] Player Nate Higgers [uid=gX-mGzx9RFx9F8jGKTZXFHTX2RzKzzdngvqPfvfqbSY=] started vehicle Mh-6 Little Bird (id=E85AAFD686407DEE8FD2FFA8AA752741 pos=<8066.442871, 457.148010, 8984.406250>)
05:15:21.367 [VehicleAttachments] Player UrHucklebery (uid=x2cBt07ysyHuu-qw3OSsex1l6x7hMGidhpxfzTIxw04=) detached Mh-6 Front-Left Door (type=Expansion_Mh6_Door_1_1_Resistance) from vehicle Mh-6 Little Bird(id=EEA57A2FD847842267ED59890BE9739E pos=<8076.880371, 458.516663, 8993.797852>)
05:15:28.353 [VehicleEnter] Player UrHucklebery [uid=x2cBt07ysyHuu-qw3OSsex1l6x7hMGidhpxfzTIxw04=] entered vehicle Mh-6 Little Bird (id=EEA57A2FD847842267ED59890BE9739E pos=<8076.883789, 458.518555, 8993.794922>) as pilot
05:15:30.535 [VehicleEngine] Player UrHucklebery [uid=x2cBt07ysyHuu-qw3OSsex1l6x7hMGidhpxfzTIxw04=] started vehicle Mh-6 Little Bird (id=EEA57A2FD847842267ED59890BE9739E pos=<8076.888184, 458.517334, 8993.798828>)
05:15:36.164 [VehicleLeave] Player UrHucklebery [uid=x2cBt07ysyHuu-qw3OSsex1l6x7hMGidhpxfzTIxw04=] left vehicle Mh-6 Little Bird (id=EEA57A2FD847842267ED59890BE9739E pos=<8076.891113, 458.518829, 8993.796875>)
05:15:59.193 [VehicleDestroyed] ExpansionMh6_Resistance (id=EEA57A2FD847842267ED59890BE9739E pos=<8076.892578, 458.520782, 8993.794922>)
05:16:44.281 [VehicleEnter] Player UrHucklebery [uid=x2cBt07ysyHuu-qw3OSsex1l6x7hMGidhpxfzTIxw04=] entered vehicle Mh-6 Little Bird (id=022245FBD74061947E95DFB4104B6B80 pos=<8063.544434, 456.869904, 9003.984375>) as pilot
05:16:46.750 [VehicleEngine] Player UrHucklebery [uid=x2cBt07ysyHuu-qw3OSsex1l6x7hMGidhpxfzTIxw04=] started vehicle Mh-6 Little Bird (id=022245FBD74061947E95DFB4104B6B80 pos=<8063.521484, 456.869354, 9003.958008>)
05:16:50.216 [VehicleLeave] Player UrHucklebery [uid=x2cBt07ysyHuu-qw3OSsex1l6x7hMGidhpxfzTIxw04=] left vehicle Mh-6 Little Bird (id=022245FBD74061947E95DFB4104B6B80 pos=<8063.497559, 456.863312, 9003.942383>)
05:17:14.484 [VehicleDestroyed] ExpansionMh6_Resistance (id=022245FBD74061947E95DFB4104B6B80 pos=<8063.282715, 456.829163, 9003.729492>)
05:17:33.000 [VehicleEngine] Player Nate Higgers [uid=gX-mGzx9RFx9F8jGKTZXFHTX2RzKzzdngvqPfvfqbSY=] stopped vehicle Mh-6 Little Bird (id=E85AAFD686407DEE8FD2FFA8AA752741 pos=<8074.351563, 458.445129, 9007.905273>)
05:17:38.132 [VehicleLeave] Player Nate Higgers [uid=gX-mGzx9RFx9F8jGKTZXFHTX2RzKzzdngvqPfvfqbSY=] left vehicle Mh-6 Little Bird (id=E85AAFD686407DEE8FD2FFA8AA752741 pos=<8074.285156, 458.436615, 9007.918945>)
05:18:02.582 [VehicleAttachments] Player UrHucklebery (uid=x2cBt07ysyHuu-qw3OSsex1l6x7hMGidhpxfzTIxw04=) detached Mh-6 Front-Left Door (type=Expansion_Mh6_Door_1_1) from vehicle Mh-6 Little Bird(id=77269BF6A940E815A83E568297CEEEB7 pos=<8056.914063, 456.924408, 9018.345703>)
05:18:10.773 [VehicleAttachments] Player UrHucklebery (uid=x2cBt07ysyHuu-qw3OSsex1l6x7hMGidhpxfzTIxw04=) detached Mh-6 Front-Left Door (type=Expansion_Mh6_Door_1_1) from vehicle Mh-6 Little Bird(id=77269BF6A940E815A83E568297CEEEB7 pos=<8056.878418, 456.912750, 9018.269531>)
05:18:16.400 [VehicleEnter] Player Nate Higgers [uid=gX-mGzx9RFx9F8jGKTZXFHTX2RzKzzdngvqPfvfqbSY=] entered vehicle Mh-6 Little Bird (id=77269BF6A940E815A83E568297CEEEB7 pos=<8056.852539, 456.906097, 9018.210938>) as passenger
05:18:21.566 [VehicleLeave] Player Nate Higgers [uid=gX-mGzx9RFx9F8jGKTZXFHTX2RzKzzdngvqPfvfqbSY=] left vehicle Mh-6 Little Bird (id=77269BF6A940E815A83E568297CEEEB7 pos=<8056.844727, 456.905487, 9018.162109>)
05:18:22.958 [VehicleEnter] Player UrHucklebery [uid=x2cBt07ysyHuu-qw3OSsex1l6x7hMGidhpxfzTIxw04=] entered vehicle Mh-6 Little Bird (id=77269BF6A940E815A83E568297CEEEB7 pos=<8056.836914, 456.903076, 9018.150391>) as pilot
05:18:25.708 [VehicleEngine] Player UrHucklebery [uid=x2cBt07ysyHuu-qw3OSsex1l6x7hMGidhpxfzTIxw04=] started vehicle Mh-6 Little Bird (id=77269BF6A940E815A83E568297CEEEB7 pos=<8056.832520, 456.900330, 9018.139648>)
05:18:50.968 [VehicleEnter] Player Nate Higgers [uid=gX-mGzx9RFx9F8jGKTZXFHTX2RzKzzdngvqPfvfqbSY=] entered vehicle Mh-6 Little Bird (id=77269BF6A940E815A83E568297CEEEB7 pos=<8056.842285, 456.893433, 9018.088867>) as passenger
05:19:21.080 [VehicleDeleted] ExpansionMh6_Resistance (id=845AB46E804D6A4799086EBB8C6B76E2 pos=<8102.708984, 461.938843, 8996.880859>)
05:19:38.097 [VehicleLeave] Player Nate Higgers [uid=gX-mGzx9RFx9F8jGKTZXFHTX2RzKzzdngvqPfvfqbSY=] left vehicle Mh-6 Little Bird (id=77269BF6A940E815A83E568297CEEEB7 pos=<8091.979980, 632.166321, 8901.571289>)
05:20:14.484 [VehicleEnter] Player Nate Higgers [uid=gX-mGzx9RFx9F8jGKTZXFHTX2RzKzzdngvqPfvfqbSY=] entered vehicle Mh-6 Little Bird (id=E85AAFD686407DEE8FD2FFA8AA752741 pos=<8073.290039, 458.287140, 9007.545898>) as pilot
05:20:19.083 [VehicleEngine] Player Nate Higgers [uid=gX-mGzx9RFx9F8jGKTZXFHTX2RzKzzdngvqPfvfqbSY=] started vehicle Mh-6 Little Bird (id=E85AAFD686407DEE8FD2FFA8AA752741 pos=<8073.284668, 458.287018, 9007.546875>)
05:21:28.914 [VehicleLeave] Player Nate Higgers [uid=gX-mGzx9RFx9F8jGKTZXFHTX2RzKzzdngvqPfvfqbSY=] left vehicle Mh-6 Little Bird (id=E85AAFD686407DEE8FD2FFA8AA752741 pos=<8492.253906, 382.769684, 8541.834961>)
05:21:49.564 [VehicleDestroyed] ExpansionMh6_Resistance (id=E85AAFD686407DEE8FD2FFA8AA752741 pos=<8493.551758, 381.254364, 8541.482422>)
05:22:02.949 [VehicleDeleted] ExpansionMh6_Resistance (id=EEA57A2FD847842267ED59890BE9739E pos=<8076.829102, 458.509216, 8993.795898>)
05:22:27.076 [VehicleEnter] Player Nate Higgers [uid=gX-mGzx9RFx9F8jGKTZXFHTX2RzKzzdngvqPfvfqbSY=] entered vehicle UH-1H (id=DBB219211D4FF9A28759F4A0EE974391 pos=<8447.676758, 397.626160, 8574.006836>) as pilot
05:22:29.191 [VehicleEngine] Player Nate Higgers [uid=gX-mGzx9RFx9F8jGKTZXFHTX2RzKzzdngvqPfvfqbSY=] started vehicle UH-1H (id=DBB219211D4FF9A28759F4A0EE974391 pos=<8447.653320, 397.599548, 8573.987305>)
05:23:24.042 [VehicleDeleted] ExpansionMh6_Resistance (id=022245FBD74061947E95DFB4104B6B80 pos=<8062.382324, 456.666138, 9002.764648>)
05:25:55.500 [VehicleLeave] Player Nate Higgers [uid=gX-mGzx9RFx9F8jGKTZXFHTX2RzKzzdngvqPfvfqbSY=] left vehicle UH-1H (id=DBB219211D4FF9A28759F4A0EE974391 pos=<8255.466797, 299.818604, 10740.940430>)
05:27:54.300 [VehicleDeleted] ExpansionMh6_Resistance (id=E85AAFD686407DEE8FD2FFA8AA752741 pos=<8493.542969, 381.254364, 8541.474609>)
05:27:54.912 [VehicleEngine] Player UrHucklebery [uid=x2cBt07ysyHuu-qw3OSsex1l6x7hMGidhpxfzTIxw04=] stopped vehicle Mh-6 Little Bird (id=77269BF6A940E815A83E568297CEEEB7 pos=<3726.403076, 401.249512, 6020.066406>)
05:28:05.093 [VehicleLeave] Player UrHucklebery [uid=x2cBt07ysyHuu-qw3OSsex1l6x7hMGidhpxfzTIxw04=] left vehicle Mh-6 Little Bird (id=77269BF6A940E815A83E568297CEEEB7 pos=<3726.342773, 401.170197, 6020.126953>)
05:35:35.812 [VehicleEnter] Player UrHucklebery [uid=x2cBt07ysyHuu-qw3OSsex1l6x7hMGidhpxfzTIxw04=] entered vehicle Mh-6 Little Bird (id=77269BF6A940E815A83E568297CEEEB7 pos=<3726.212158, 401.131775, 6020.752930>) as pilot
05:35:37.267 [VehicleEngine] Player UrHucklebery [uid=x2cBt07ysyHuu-qw3OSsex1l6x7hMGidhpxfzTIxw04=] started vehicle Mh-6 Little Bird (id=77269BF6A940E815A83E568297CEEEB7 pos=<3726.211182, 401.132050, 6020.756836>)
05:37:39.728 [VehicleEnter] Player Nate Higgers [uid=gX-mGzx9RFx9F8jGKTZXFHTX2RzKzzdngvqPfvfqbSY=] entered vehicle UH-1H (id=E7D67FA9D1401CC52C715A8F5A04C0F8 pos=<8145.688965, 260.864532, 10925.189453>) as pilot
05:37:41.994 [VehicleEngine] Player Nate Higgers [uid=gX-mGzx9RFx9F8jGKTZXFHTX2RzKzzdngvqPfvfqbSY=] started vehicle UH-1H (id=E7D67FA9D1401CC52C715A8F5A04C0F8 pos=<8145.688965, 260.864532, 10925.189453>)
05:39:47.322 [VehicleEngine] Player UrHucklebery [uid=x2cBt07ysyHuu-qw3OSsex1l6x7hMGidhpxfzTIxw04=] stopped vehicle Mh-6 Little Bird (id=77269BF6A940E815A83E568297CEEEB7 pos=<8063.061035, 464.949097, 9086.115234>)
05:39:51.337 [VehicleLeave] Player UrHucklebery [uid=x2cBt07ysyHuu-qw3OSsex1l6x7hMGidhpxfzTIxw04=] left vehicle Mh-6 Little Bird (id=77269BF6A940E815A83E568297CEEEB7 pos=<8063.063965, 464.948486, 9086.114258>)
05:48:27.593 [VehicleDestroyed] ExpansionMh6_Resistance (id=77269BF6A940E815A83E568297CEEEB7 pos=<8063.159668, 464.953369, 9086.026367>)
05:49:19.992 [VehicleEnter] Player UrHucklebery [uid=x2cBt07ysyHuu-qw3OSsex1l6x7hMGidhpxfzTIxw04=] entered vehicle UH-1H (id=8BAB4EC60A4DE16E88CF61AFAFB09FC3 pos=<8040.924316, 458.675201, 9059.136719>) as pilot
05:49:22.441 [VehicleEngine] Player UrHucklebery [uid=x2cBt07ysyHuu-qw3OSsex1l6x7hMGidhpxfzTIxw04=] started vehicle UH-1H (id=8BAB4EC60A4DE16E88CF61AFAFB09FC3 pos=<8040.884277, 458.671234, 9059.139648>)
05:49:25.585 [VehicleLeave] Player Nate Higgers [uid=gX-mGzx9RFx9F8jGKTZXFHTX2RzKzzdngvqPfvfqbSY=] left vehicle UH-1H (id=E7D67FA9D1401CC52C715A8F5A04C0F8 pos=<8136.245117, 621.799744, 9123.388672>)
05:51:14.468 [VehicleLeave] Player UrHucklebery [uid=x2cBt07ysyHuu-qw3OSsex1l6x7hMGidhpxfzTIxw04=] left vehicle UH-1H (id=8BAB4EC60A4DE16E88CF61AFAFB09FC3 pos=<8130.195801, 859.679321, 9140.187500>)
05:52:45.656 [VehicleEnter] Player UrHucklebery [uid=x2cBt07ysyHuu-qw3OSsex1l6x7hMGidhpxfzTIxw04=] entered vehicle UH-1H (id=8BAB4EC60A4DE16E88CF61AFAFB09FC3 pos=<8201.023438, 476.657806, 9133.786133>) as pilot
05:52:47.535 [VehicleEngine] Player UrHucklebery [uid=x2cBt07ysyHuu-qw3OSsex1l6x7hMGidhpxfzTIxw04=] started vehicle UH-1H (id=8BAB4EC60A4DE16E88CF61AFAFB09FC3 pos=<8201.022461, 476.634430, 9133.992188>)
05:52:54.398 [VehicleEnter] Player Nate Higgers [uid=gX-mGzx9RFx9F8jGKTZXFHTX2RzKzzdngvqPfvfqbSY=] entered vehicle UH-1H (id=E7D67FA9D1401CC52C715A8F5A04C0F8 pos=<8161.888184, 476.945557, 9100.184570>) as pilot
05:52:58.558 [VehicleEngine] Player Nate Higgers [uid=gX-mGzx9RFx9F8jGKTZXFHTX2RzKzzdngvqPfvfqbSY=] started vehicle UH-1H (id=E7D67FA9D1401CC52C715A8F5A04C0F8 pos=<8161.916992, 476.951385, 9100.093750>)
05:53:33.417 [VehicleLeave] Player Nate Higgers [uid=gX-mGzx9RFx9F8jGKTZXFHTX2RzKzzdngvqPfvfqbSY=] left vehicle UH-1H (id=E7D67FA9D1401CC52C715A8F5A04C0F8 pos=<8162.007324, 476.923553, 9099.219727>)
05:53:39.769 [VehicleLeave] Player UrHucklebery [uid=x2cBt07ysyHuu-qw3OSsex1l6x7hMGidhpxfzTIxw04=] left vehicle UH-1H (id=8BAB4EC60A4DE16E88CF61AFAFB09FC3 pos=<8203.715820, 475.996368, 9134.117188>)
05:54:53.660 [VehicleDeleted] ExpansionMh6_Resistance (id=77269BF6A940E815A83E568297CEEEB7 pos=<8063.151367, 464.954529, 9086.026367>)
05:57:22.195 [VehicleDeleted] ExpansionUh1h_Resistance (id=8BAB4EC60A4DE16E88CF61AFAFB09FC3 pos=<8203.712891, 475.861877, 9134.766602>)
05:57:31.511 [VehicleEnter] Player Nate Higgers [uid=gX-mGzx9RFx9F8jGKTZXFHTX2RzKzzdngvqPfvfqbSY=] entered vehicle UH-1H (id=E7D67FA9D1401CC52C715A8F5A04C0F8 pos=<8161.953125, 474.135010, 9098.335938>) as pilot
05:57:34.457 [VehicleEngine] Player Nate Higgers [uid=gX-mGzx9RFx9F8jGKTZXFHTX2RzKzzdngvqPfvfqbSY=] started vehicle UH-1H (id=E7D67FA9D1401CC52C715A8F5A04C0F8 pos=<8161.951660, 474.134521, 9098.335938>)
05:59:19.773 [VehicleLeave] Player Nate Higgers [uid=gX-mGzx9RFx9F8jGKTZXFHTX2RzKzzdngvqPfvfqbSY=] left vehicle UH-1H (id=E7D67FA9D1401CC52C715A8F5A04C0F8 pos=<8142.530762, 487.350586, 9092.373047>)
05:59:21.210 [Killfeed] Nate Higgers fell to their death.
05:59:52.406 [VehicleDeleted] ExpansionUh1h (id=E7D67FA9D1401CC52C715A8F5A04C0F8 pos=<8141.919922, 486.805756, 9094.505859>)
06:07:46.804 [Party] Player "UrHucklebery" (id=x2cBt07ysyHuu-qw3OSsex1l6x7hMGidhpxfzTIxw04=) left the party "Sabre Thunderous" (id=0 ownerUID=x2cBt07ysyHuu-qw3OSsex1l6x7hMGidhpxfzTIxw04= ownerName=UrHucklebery)
06:07:46.806 [Expansion Quests] Deleted quest with ID=8 is a of player with UID=x2cBt07ysyHuu-qw3OSsex1l6x7hMGidhpxfzTIxw04=.
06:07:46.806 [Expansion Quests] Deleted quest with ID=9 is a of player with UID=x2cBt07ysyHuu-qw3OSsex1l6x7hMGidhpxfzTIxw04=.
06:07:46.806 [Expansion Quests] Deleted quest with ID=11 is a of player with UID=x2cBt07ysyHuu-qw3OSsex1l6x7hMGidhpxfzTIxw04=.
06:09:26.562 [VehicleDeleted] ExpansionBus (id=F206C9BFD54CEE91A08BA39DABA9178C pos=<8144.063477, 474.992096, 9130.189453>)
06:11:06.972 [MissionAirdrop] An airdrop is heading towards "Stary Sobor" (pos=<5823.000000, 0.000000, 7764.000000> type=Random_Stary Sobor) with a ExpansionAirdropContainer_Military
06:11:31.027 [Killfeed] Nate Higgers got killed by Nate Higgers with M79 from a distance of 0 m.
06:11:36.855 [Expansion Quests] Deleted quest with ID=8 is a of player with UID=gX-mGzx9RFx9F8jGKTZXFHTX2RzKzzdngvqPfvfqbSY=.
06:11:36.855 [Expansion Quests] Deleted quest with ID=9 is a of player with UID=gX-mGzx9RFx9F8jGKTZXFHTX2RzKzzdngvqPfvfqbSY=.
06:11:36.855 [Expansion Quests] Deleted quest with ID=11 is a of player with UID=gX-mGzx9RFx9F8jGKTZXFHTX2RzKzzdngvqPfvfqbSY=.
06:11:36.855 [Expansion Quests] Deleted quest with ID=14 is a of player with UID=gX-mGzx9RFx9F8jGKTZXFHTX2RzKzzdngvqPfvfqbSY=.
07:38:24.251 [MissionAirdrop] An airdrop is heading towards "Skalisty Island" (pos=<13452.000000, 0.000000, 3112.000000> type=Random_Skalisty Island) with a ExpansionAirdropContainer_Military
09:10:21.589 [MissionAirdrop] An airdrop is heading towards "Novodmitrovsk" (pos=<11125.000000, 0.000000, 14040.000000> type=Random_Novodmitrovsk) with a ExpansionAirdropContainer_Military
10:42:14.312 [MissionAirdrop] An airdrop is heading towards "Chernogorsk" (pos=<6128.000000, 0.000000, 2497.000000> type=Random_Chernogorsk) with a ExpansionAirdropContainer
12:12:28.714 [MissionAirdrop] An airdrop is heading towards "Stary Sobor" (pos=<5823.000000, 0.000000, 7764.000000> type=Random_Stary Sobor) with a ExpansionAirdropContainer_Military
13:40:00.820 [MissionAirdrop] An airdrop is heading towards "Chernogorsk" (pos=<6128.000000, 0.000000, 2497.000000> type=Random_Chernogorsk) with a ExpansionAirdropContainer
15:10:01.964 [MissionAirdrop] An airdrop is heading towards "Stary Sobor" (pos=<5823.000000, 0.000000, 7764.000000> type=Random_Stary Sobor) with a ExpansionAirdropContainer_Military
