Log File created at [06:01:00] | 05/11/2024
[06:01:00] < - - - Server Started - - - >
[06:01:00] [INFO] [RandomFuelStations] Fuel Pump with ClassName "CJ_RandomFuelStation_Pump_02" in location "Fuelstation_Chernogosk_West" has 1331.29 ml gasoline
[06:01:00] [INFO] [RandomFuelStations] Fuel Pump with ClassName "CJ_RandomFuelStation_Pump_09" in location "Fuelstation_Chernogosk_West" has 4973.84 ml gasoline
[06:01:00] [INFO] [RandomFuelStations] Fuel Pump with ClassName "CJ_RandomFuelStation_Pump_07" in location "Fuelstation_Chernogosk_West" has 3767.15 ml gasoline
[06:01:00] [INFO] [RandomFuelStations] Fuel Pump with ClassName "CJ_RandomFuelStation_Pump_01" in location "Fuelstation_Chernogosk_West" has 482.963 ml gasoline
[06:01:00] [INFO] [RandomFuelStations] Fuel Pump with ClassName "CJ_RandomFuelStation_Pump_05" in location "Fuelstation_Chernogosk_East" has 3450.89 ml gasoline
[06:01:00] [INFO] [RandomFuelStations] Fuel Pump with ClassName "CJ_RandomFuelStation_Pump_01" in location "Fuelstation_Chernogosk_East" has 1467.73 ml gasoline
[06:01:00] [INFO] [RandomFuelStations] Fuel Pump with ClassName "CJ_RandomFuelStation_Pump_00" in location "Fuelstation_Chernogosk_East" has 0 ml gasoline
[06:01:00] [INFO] [RandomFuelStations] Fuel Pump with ClassName "CJ_RandomFuelStation_Pump_03" in location "Fuelstation_Solnichniy" has 1974.43 ml gasoline
[06:01:00] [INFO] [RandomFuelStations] Fuel Pump with ClassName "CJ_RandomFuelStation_Pump_00" in location "Fuelstation_Solnichniy" has 0 ml gasoline
[06:01:00] [INFO] [RandomFuelStations] Fuel Pump with ClassName "CJ_RandomFuelStation_Pump_00" in location "Fuelstation_Solnichniy" has 0 ml gasoline
[06:01:00] [INFO] [RandomFuelStations] Fuel Pump with ClassName "CJ_RandomFuelStation_Pump_09" in location "Fuelstation_Berezino" has 4428.21 ml gasoline
[06:01:00] [INFO] [RandomFuelStations] Fuel Pump with ClassName "CJ_RandomFuelStation_Pump_02" in location "Fuelstation_Berezino" has 2191.4 ml gasoline
[06:01:00] [INFO] [RandomFuelStations] Fuel Pump with ClassName "CJ_RandomFuelStation_Pump_01" in location "Fuelstation_Berezino" has 829.18 ml gasoline
[06:01:00] [INFO] [RandomFuelStations] Fuel Pump with ClassName "CJ_RandomFuelStation_Pump_00" in location "Fuelstation_Svetlojarsk" has 0 ml gasoline
[06:01:00] [INFO] [RandomFuelStations] Fuel Pump with ClassName "CJ_RandomFuelStation_Pump_02" in location "Fuelstation_Svetlojarsk" has 1881.58 ml gasoline
[06:01:00] [INFO] [RandomFuelStations] Fuel Pump with ClassName "CJ_RandomFuelStation_Pump_00" in location "Fuelstation_Svetlojarsk" has 0 ml gasoline
[06:01:00] [INFO] [RandomFuelStations] Fuel Pump with ClassName "CJ_RandomFuelStation_Pump_01" in location "Fuelstation_Svetlojarsk" has 257.096 ml gasoline
[06:01:00] [INFO] [RandomFuelStations] Fuel Pump with ClassName "CJ_RandomFuelStation_Pump_02" in location "Fuelstation_Svetlojarsk" has 1438.22 ml gasoline
[06:01:00] [INFO] [RandomFuelStations] Fuel Pump with ClassName "CJ_RandomFuelStation_Pump_04" in location "Fuelstation_Svetlojarsk" has 2477.82 ml gasoline
[06:01:00] [INFO] [RandomFuelStations] Fuel Pump with ClassName "CJ_RandomFuelStation_Pump_00" in location "Fuelstation_Svetlojarsk" has 0 ml gasoline
[06:01:00] [INFO] [RandomFuelStations] Fuel Pump with ClassName "CJ_RandomFuelStation_Pump_03" in location "Fuelstation_Svetlojarsk" has 1605.01 ml gasoline
[06:01:00] [INFO] [RandomFuelStations] Fuel Pump with ClassName "CJ_RandomFuelStation_Pump_03" in location "Fuelstation_Svetlojarsk" has 1406.29 ml gasoline
[06:01:00] [INFO] [RandomFuelStations] Fuel Pump with ClassName "CJ_RandomFuelStation_Pump_09" in location "Fuelstation_Svetlojarsk" has 5310.4 ml gasoline
[06:01:00] [INFO] [RandomFuelStations] Fuel Pump with ClassName "CJ_RandomFuelStation_Pump_10" in location "Fuelstation_Svetlojarsk" has 6100.9 ml gasoline
[06:01:00] [INFO] [RandomFuelStations] Fuel Pump with ClassName "CJ_RandomFuelStation_Pump_03" in location "Fuelstation_Svetlojarsk" has 1375.71 ml gasoline
[06:01:00] [INFO] [RandomFuelStations] Fuel Pump with ClassName "CJ_RandomFuelStation_Pump_07" in location "Fuelstation_Dubrovka-Krasnostav" has 3806.34 ml gasoline
[06:01:00] [INFO] [RandomFuelStations] Fuel Pump with ClassName "CJ_RandomFuelStation_Pump_06" in location "Fuelstation_Dubrovka-Krasnostav" has 3918.11 ml gasoline
[06:01:00] [INFO] [RandomFuelStations] Fuel Pump with ClassName "CJ_RandomFuelStation_Pump_02" in location "Fuelstation_Dubrovka-Krasnostav" has 1657.77 ml gasoline
[06:01:00] [INFO] [RandomFuelStations] Fuel Pump with ClassName "CJ_RandomFuelStation_Pump_00" in location "Fuelstation_Dubrovka-Krasnostav" has 0 ml gasoline
[06:01:00] [INFO] [RandomFuelStations] Fuel Pump with ClassName "CJ_RandomFuelStation_Pump_02" in location "Fuelstation_Dubrovka-Krasnostav" has 1811.36 ml gasoline
[06:01:00] [INFO] [RandomFuelStations] Fuel Pump with ClassName "CJ_RandomFuelStation_Pump_00" in location "Fuelstation_Dubrovka-Krasnostav" has 0 ml gasoline
[06:01:00] [INFO] [RandomFuelStations] Fuel Pump with ClassName "CJ_RandomFuelStation_Pump_06" in location "Fuelstation_Polana-Gorka" has 3422.89 ml gasoline
[06:01:00] [INFO] [RandomFuelStations] Fuel Pump with ClassName "CJ_RandomFuelStation_Pump_05" in location "Fuelstation_Polana-Gorka" has 2592.51 ml gasoline
[06:01:00] [INFO] [RandomFuelStations] Fuel Pump with ClassName "CJ_RandomFuelStation_Pump_10" in location "Fuelstation_Polana-Gorka" has 5672.7 ml gasoline
[06:01:00] [INFO] [RandomFuelStations] Fuel Pump with ClassName "CJ_RandomFuelStation_Pump_02" in location "Fuelstation_Staroye" has 1875.17 ml gasoline
[06:01:00] [INFO] [RandomFuelStations] Fuel Pump with ClassName "CJ_RandomFuelStation_Pump_02" in location "Fuelstation_Staroye" has 2007.61 ml gasoline
[06:01:00] [INFO] [RandomFuelStations] Fuel Pump with ClassName "CJ_RandomFuelStation_Pump_01" in location "Fuelstation_Staroye" has 832.11 ml gasoline
[06:01:00] [INFO] [RandomFuelStations] Fuel Pump with ClassName "CJ_RandomFuelStation_Pump_10" in location "Fuelstation_Elekrozavodsk" has 5023.2 ml gasoline
[06:01:00] [INFO] [RandomFuelStations] Fuel Pump with ClassName "CJ_RandomFuelStation_Pump_06" in location "Fuelstation_Elekrozavodsk" has 3362.32 ml gasoline
[06:01:00] [INFO] [RandomFuelStations] Fuel Pump with ClassName "CJ_RandomFuelStation_Pump_10" in location "Fuelstation_Elekrozavodsk" has 5157.38 ml gasoline
[06:01:00] [INFO] [RandomFuelStations] Fuel Pump with ClassName "CJ_RandomFuelStation_Pump_00" in location "Fuelstation_Kamenka" has 0 ml gasoline
[06:01:00] [INFO] [RandomFuelStations] Fuel Pump with ClassName "CJ_RandomFuelStation_Pump_01" in location "Fuelstation_Kamenka" has 617.138 ml gasoline
[06:01:00] [INFO] [RandomFuelStations] Fuel Pump with ClassName "CJ_RandomFuelStation_Pump_03" in location "Fuelstation_Kamenka" has 2286.77 ml gasoline
[06:01:00] [INFO] [RandomFuelStations] Fuel Pump with ClassName "CJ_RandomFuelStation_Pump_02" in location "Fuelstation_Pavlovo Base" has 1210.98 ml gasoline
[06:01:00] [INFO] [RandomFuelStations] Fuel Pump with ClassName "CJ_RandomFuelStation_Pump_03" in location "Fuelstation_Zelenogorsk" has 1827.21 ml gasoline
[06:01:00] [INFO] [RandomFuelStations] Fuel Pump with ClassName "CJ_RandomFuelStation_Pump_01" in location "Fuelstation_Zelenogorsk" has 508.049 ml gasoline
[06:01:00] [INFO] [RandomFuelStations] Fuel Pump with ClassName "CJ_RandomFuelStation_Pump_05" in location "Fuelstation_Zelenogorsk" has 3407.63 ml gasoline
[06:01:00] [INFO] [RandomFuelStations] Fuel Pump with ClassName "CJ_RandomFuelStation_Pump_08" in location "Fuelstation_Zelenogorsk" has 3996.79 ml gasoline
[06:01:00] [INFO] [RandomFuelStations] Fuel Pump with ClassName "CJ_RandomFuelStation_Pump_02" in location "Fuelstation_Zelenogorsk" has 2141.6 ml gasoline
[06:01:00] [INFO] [RandomFuelStations] Fuel Pump with ClassName "CJ_RandomFuelStation_Pump_10" in location "Fuelstation_Zelenogorsk" has 5163.97 ml gasoline
[06:01:00] [INFO] [RandomFuelStations] Fuel Pump with ClassName "CJ_RandomFuelStation_Pump_01" in location "Fuelstation_Pogorevka" has 1089.52 ml gasoline
[06:01:00] [INFO] [RandomFuelStations] Fuel Pump with ClassName "CJ_RandomFuelStation_Pump_00" in location "Fuelstation_Pustoshka" has 0 ml gasoline
[06:01:00] [INFO] [RandomFuelStations] Fuel Pump with ClassName "CJ_RandomFuelStation_Pump_00" in location "Fuelstation_Pustoshka" has 0 ml gasoline
[06:01:00] [INFO] [RandomFuelStations] Fuel Pump with ClassName "CJ_RandomFuelStation_Pump_03" in location "Fuelstation_Pustoshka" has 2520.1 ml gasoline
[06:01:00] [INFO] [RandomFuelStations] Fuel Pump with ClassName "CJ_RandomFuelStation_Pump_03" in location "Fuelstation_Pustoshka" has 1276.92 ml gasoline
[06:01:00] [INFO] [RandomFuelStations] Fuel Pump with ClassName "CJ_RandomFuelStation_Pump_06" in location "Fuelstation_Pustoshka" has 3468.48 ml gasoline
[06:01:00] [INFO] [RandomFuelStations] Fuel Pump with ClassName "CJ_RandomFuelStation_Pump_07" in location "Fuelstation_Pustoshka" has 3889.7 ml gasoline
[06:01:00] [INFO] [RandomFuelStations] Fuel Pump with ClassName "CJ_RandomFuelStation_Pump_03" in location "Fuelstation_Vybor" has 2469.15 ml gasoline
[06:01:00] [INFO] [RandomFuelStations] Fuel Pump with ClassName "CJ_RandomFuelStation_Pump_01" in location "Fuelstation_Vybor" has 406.651 ml gasoline
[06:01:00] [INFO] [RandomFuelStations] Fuel Pump with ClassName "CJ_RandomFuelStation_Pump_01" in location "Fuelstation_Vybor" has 1452.99 ml gasoline
[06:01:00] [INFO] [RandomFuelStations] Fuel Pump with ClassName "CJ_RandomFuelStation_Pump_06" in location "Fuelstation_Vybor" has 3315.54 ml gasoline
[06:01:00] [INFO] [RandomFuelStations] Fuel Pump with ClassName "CJ_RandomFuelStation_Pump_06" in location "Fuelstation_Vybor" has 2789 ml gasoline
[06:01:00] [INFO] [RandomFuelStations] Fuel Pump with ClassName "CJ_RandomFuelStation_Pump_10" in location "Fuelstation_Vybor" has 5257.03 ml gasoline
[06:01:00] [INFO] [RandomFuelStations] Fuel Pump with ClassName "CJ_RandomFuelStation_Pump_02" in location "Fuelstation_NWAF_Barracks" has 1122.36 ml gasoline
[06:01:00] [INFO] [RandomFuelStations] Fuel Pump with ClassName "CJ_RandomFuelStation_Pump_01" in location "Fuelstation_NWAF_Barracks" has 442.679 ml gasoline
[06:01:00] [INFO] [RandomFuelStations] Fuel Pump with ClassName "CJ_RandomFuelStation_Pump_04" in location "Fuelstation_NWAF_Barracks" has 2008.05 ml gasoline
[06:01:00] [INFO] [RandomFuelStations] Fuel Pump with ClassName "CJ_RandomFuelStation_Pump_02" in location "Fuelstation_NWAF_Barracks" has 2235.44 ml gasoline
[06:01:00] [INFO] [RandomFuelStations] Fuel Pump with ClassName "CJ_RandomFuelStation_Pump_00" in location "Fuelstation_NWAF_Barracks" has 0 ml gasoline
[06:01:00] [INFO] [RandomFuelStations] Fuel Pump with ClassName "CJ_RandomFuelStation_Pump_03" in location "Fuelstation_NWAF_Barracks" has 1440.39 ml gasoline
[06:01:00] [INFO] [RandomFuelStations] Fuel Pump with ClassName "CJ_RandomFuelStation_Pump_00" in location "Fuelstation_NWAF_Barracks" has 0 ml gasoline
[06:01:00] [INFO] [RandomFuelStations] Fuel Pump with ClassName "CJ_RandomFuelStation_Pump_00" in location "Fuelstation_NWAF_Barracks" has 0 ml gasoline
[06:01:00] [INFO] [RandomFuelStations] Fuel Pump with ClassName "CJ_RandomFuelStation_Pump_03" in location "Fuelstation_NWAF_Bunkers" has 1718.17 ml gasoline
[06:01:00] [INFO] [RandomFuelStations] Fuel Pump with ClassName "CJ_RandomFuelStation_Pump_00" in location "Fuelstation_NWAF_Bunkers" has 0 ml gasoline
[06:01:00] [INFO] [RandomFuelStations] Fuel Pump with ClassName "CJ_RandomFuelStation_Pump_09" in location "Fuelstation_NWAF_Bunkers" has 4263 ml gasoline
[06:01:00] [INFO] [RandomFuelStations] Fuel Pump with ClassName "CJ_RandomFuelStation_Pump_00" in location "Fuelstation_NWAF_Bunkers" has 0 ml gasoline
[06:01:00] [INFO] [RandomFuelStations] Fuel Pump with ClassName "CJ_RandomFuelStation_Pump_00" in location "Fuelstation_NWAF_Bunkers" has 0 ml gasoline
[06:01:00] [INFO] [RandomFuelStations] Fuel Pump with ClassName "CJ_RandomFuelStation_Pump_10" in location "Fuelstation_Grishino" has 5254.2 ml gasoline
[06:01:00] [INFO] [RandomFuelStations] Fuel Pump with ClassName "CJ_RandomFuelStation_Pump_01" in location "Fuelstation_Grishino" has 519.768 ml gasoline
[06:01:00] [INFO] [RandomFuelStations] Fuel Pump with ClassName "CJ_RandomFuelStation_Pump_01" in location "Fuelstation_Grishino" has 1723.17 ml gasoline
[06:01:00] [INFO] [RandomFuelStations] Fuel Pump with ClassName "CJ_RandomFuelStation_Pump_05" in location "Fuelstation_Tri_Kresta" has 2913.23 ml gasoline
[06:01:00] [INFO] [RandomFuelStations] Fuel Pump with ClassName "CJ_RandomFuelStation_Pump_01" in location "Fuelstation_Tri_Kresta" has 268.723 ml gasoline
[06:01:00] [INFO] [RandomFuelStations] Fuel Pump with ClassName "CJ_RandomFuelStation_Pump_07" in location "Fuelstation_Tri_Kresta" has 3910.53 ml gasoline
[06:01:00] [INFO] [RandomFuelStations] Fuel Pump with ClassName "CJ_RandomFuelStation_Pump_03" in location "Fuelstation_Tri_Kresta" has 2411.93 ml gasoline
[06:01:00] [INFO] [RandomFuelStations] Fuel Pump with ClassName "CJ_RandomFuelStation_Pump_02" in location "Fuelstation_Tri_Kresta" has 1687.48 ml gasoline
[06:01:00] [INFO] [RandomFuelStations] Fuel Pump with ClassName "CJ_RandomFuelStation_Pump_10" in location "Fuelstation_Tri_Kresta" has 5125.01 ml gasoline
[06:01:00] [INFO] [RandomFuelStations] Fuel Pump with ClassName "CJ_RandomFuelStation_Pump_10" in location "Fuelstation_Topolniki" has 5006.58 ml gasoline
[06:01:00] [INFO] [RandomFuelStations] Fuel Pump with ClassName "CJ_RandomFuelStation_Pump_02" in location "Fuelstation_Topolniki" has 871.54 ml gasoline
[06:01:00] [INFO] [RandomFuelStations] Fuel Pump with ClassName "CJ_RandomFuelStation_Pump_03" in location "Fuelstation_Topolniki" has 1949.76 ml gasoline
[06:01:00] [INFO] [RandomFuelStations] Fuel Pump with ClassName "CJ_RandomFuelStation_Pump_08" in location "Fuelstation_NovayaPetrovka-Zaprudnoe" has 4074.84 ml gasoline
[06:01:00] [INFO] [RandomFuelStations] Fuel Pump with ClassName "CJ_RandomFuelStation_Pump_01" in location "Fuelstation_NovayaPetrovka-Zaprudnoe" has 508.919 ml gasoline
[06:01:00] [INFO] [RandomFuelStations] Fuel Pump with ClassName "CJ_RandomFuelStation_Pump_00" in location "Fuelstation_NovayaPetrovka-Zaprudnoe" has 0 ml gasoline
[06:01:00] [INFO] [RandomFuelStations] Fuel Pump with ClassName "CJ_RandomFuelStation_Pump_02" in location "Fuelstation_Severograd" has 1707.95 ml gasoline
[06:01:00] [INFO] [RandomFuelStations] Fuel Pump with ClassName "CJ_RandomFuelStation_Pump_06" in location "Fuelstation_Severograd" has 3779.36 ml gasoline
[06:01:00] [INFO] [RandomFuelStations] Fuel Pump with ClassName "CJ_RandomFuelStation_Pump_03" in location "Fuelstation_Severograd" has 2675.38 ml gasoline
[06:01:00] [INFO] [RandomFuelStations] Fuel Pump with ClassName "CJ_RandomFuelStation_Pump_01" in location "Fuelstation_Severograd" has 330.66 ml gasoline
[06:01:00] [INFO] [RandomFuelStations] Fuel Pump with ClassName "CJ_RandomFuelStation_Pump_10" in location "Fuelstation_Severograd" has 5342.41 ml gasoline
[06:01:00] [INFO] [RandomFuelStations] Fuel Pump with ClassName "CJ_RandomFuelStation_Pump_02" in location "Fuelstation_Severograd" has 2126.95 ml gasoline
