2024-10-14 @ 16-43-40:  [AirdropPlane] Aircraft created on 2024-10-14 @ 16-43-40
2024-10-14 @ 16-43-40:  [InitializeAircraft] Aircraft Initialized: Chernogorsk @ 6128/2497 (true)
2024-10-14 @ 16-43-44:  [EOnSpawnZombies] Zombie Spawned [1] ZmbM_Jacket_khaki @ <6174.803711, 17.540873, 2548.423828> ... Lifespan:  Set to 60 minutes.
2024-10-14 @ 16-43-47:  [EOnSpawnZombies] Zombie Spawned [2] ZmbF_ShortSkirt_brown @ <6130.129395, 23.359226, 2455.233643> ... Lifespan:  Set to 60 minutes.
2024-10-14 @ 16-43-51:  [EOnSpawnZombies] Zombie Spawned [3] ZmbF_JoggerSkinny_Brown @ <6095.016113, 28.463491, 2496.421631> ... Lifespan:  Set to 60 minutes.
2024-10-14 @ 16-43-55:  [EOnSpawnZombies] Zombie Spawned [4] ZmbM_Jacket_beige @ <6141.581055, 21.573204, 2501.888916> ... Lifespan:  Set to 60 minutes.
2024-10-14 @ 16-43-58:  [EOnSpawnZombies] Zombie Spawned [5] ZmbF_JoggerSkinny_Green @ <6152.316406, 20.249277, 2518.828369> ... Lifespan:  Set to 60 minutes.
2024-10-14 @ 16-44-02:  [EOnSpawnZombies] Zombie Spawned [6] ZmbM_PatrolNormal_PautRev @ <6121.406250, 24.092020, 2492.965576> ... Lifespan:  Set to 60 minutes.
2024-10-14 @ 16-44-06:  [EOnSpawnZombies] Zombie Spawned [7] ZmbM_Jacket_blue @ <6108.715332, 25.784672, 2513.938232> ... Lifespan:  Set to 60 minutes.
2024-10-14 @ 16-44-09:  [EOnSpawnZombies] Zombie Spawned [8] ZmbM_PatrolNormal_Autumn @ <6094.952637, 30.595325, 2440.107666> ... Lifespan:  Set to 60 minutes.
2024-10-14 @ 16-44-13:  [EOnSpawnZombies] Zombie Spawned [9] ZmbM_PatrolNormal_Autumn @ <6137.235352, 22.159565, 2502.494873> ... Lifespan:  Set to 60 minutes.
2024-10-14 @ 16-44-17:  [EOnSpawnZombies] Zombie Spawned [10] ZmbF_JournalistNormal_Green @ <6140.755859, 20.714857, 2458.651367> ... Lifespan:  Set to 60 minutes.
2024-10-14 @ 16-44-20:  [EOnSpawnZombies] Zombie Spawned [11] ZmbM_ClerkFat_White @ <6108.726074, 26.271507, 2490.573486> ... Lifespan:  Set to 60 minutes.
2024-10-14 @ 16-44-24:  [EOnSpawnZombies] Zombie Spawned [12] ZmbF_SkaterYoung_Striped @ <6097.147461, 28.169163, 2479.557617> ... Lifespan:  Set to 60 minutes.
2024-10-14 @ 16-44-28:  [EOnSpawnZombies] Zombie Spawned [13] ZmbF_CitizenANormal_Beige @ <6082.347168, 31.296129, 2501.908691> ... Lifespan:  Set to 60 minutes.
2024-10-14 @ 16-44-31:  [EOnSpawnZombies] Zombie Spawned [14] ZmbM_CommercialPilotOld_Grey @ <6189.638184, 13.981840, 2532.593018> ... Lifespan:  Set to 60 minutes.
2024-10-14 @ 16-44-34:  [EOnBeforeDrop] The Aircraft is 1 Km from Chernogorsk, from the South/East (116°). @ <7472.092285, 152.000610, 1833.541748>
2024-10-14 @ 16-44-35:  [EOnSpawnZombies] Zombie Spawned [15] ZmbF_ShortSkirt_stripes @ <6147.156738, 20.331116, 2481.672607> ... Lifespan:  Set to 60 minutes.
2024-10-14 @ 16-44-39:  [EOnSpawnZombies] Zombie Spawned [16] ZmbM_CitizenASkinny_Red @ <6137.781250, 21.350235, 2461.406738> ... Lifespan:  Set to 60 minutes.
2024-10-14 @ 16-44-42:  [EOnSpawnZombies] Zombie Spawned [17] ZmbM_CommercialPilotOld_Blue @ <6144.950684, 19.970369, 2460.173584> ... Lifespan:  Set to 60 minutes.
2024-10-14 @ 16-44-46:  [EOnSpawnZombies] Zombie Spawned [18] ZmbM_PatientSkinny @ <6135.700684, 22.443073, 2508.812256> ... Lifespan:  Set to 60 minutes.
2024-10-14 @ 16-44-50:  [EOnSpawnZombies] Zombie Spawned [19] ZmbM_Jacket_stripes @ <6152.687012, 21.778069, 2563.813721> ... Lifespan:  Set to 60 minutes.
2024-10-14 @ 16-44-52:  [EOnDrop] Drop spawned with 20 infected at <6190.176758, 150.710266, 2466.027588>.
2024-10-14 @ 16-44-52:  [EOnDrop] Supplies have been dropped near Chernogorsk.
2024-10-14 @ 16-46-22:  [EOnBeforeDelete] Aircraft despawned @ <-1.533509, 320.748444, 5520.760254>
2024-10-14 @ 16-46-22:  [~AirdropPlane] Aircraft destroyed.
