22:02:11.835 [Party] Player "Ron Jeremy" (id=C6-V59th-6wDB528z-fMLRgWJWOrW-CZ0K9uNN42yOQ=) joinded the party "boogaloos" (id=4 ownerUID=gX-mGzx9RFx9F8jGKTZXFHTX2RzKzzdngvqPfvfqbSY= ownerName=Nate Higgers)
22:02:11.835 [Expansion Quests] Initialize quest system on the connected client with UID=C6-V59th-6wDB528z-fMLRgWJWOrW-CZ0K9uNN42yOQ=
22:02:11.843 [Expansion Quests] Loaded existing player quest data for player with UID=C6-V59th-6wDB528z-fMLRgWJWOrW-CZ0K9uNN42yOQ=
22:02:11.843 [Expansion Quests] Loaded existing group quest data for group with ID=4
22:02:11.843 [Expansion Quests] Check quest initialization for quest with ID=8 | State=STARTED | Player UID=C6-V59th-6wDB528z-fMLRgWJWOrW-CZ0K9uNN42yOQ=
22:02:11.843 [Expansion Quests] Create new quest instance for quest with ID=8 | Player UID=C6-V59th-6wDB528z-fMLRgWJWOrW-CZ0K9uNN42yOQ=
22:02:11.843 [Expansion Quests] Check quest initialization for quest with ID=9 | State=STARTED | Player UID=C6-V59th-6wDB528z-fMLRgWJWOrW-CZ0K9uNN42yOQ=
22:02:11.843 [Expansion Quests] Create new quest instance for quest with ID=9 | Player UID=C6-V59th-6wDB528z-fMLRgWJWOrW-CZ0K9uNN42yOQ=
22:02:11.843 [Expansion Quests] Check quest initialization for quest with ID=11 | State=STARTED | Player UID=C6-V59th-6wDB528z-fMLRgWJWOrW-CZ0K9uNN42yOQ=
22:02:11.843 [Expansion Quests] Create new quest instance for quest with ID=11 | Player UID=C6-V59th-6wDB528z-fMLRgWJWOrW-CZ0K9uNN42yOQ=
22:02:11.843 [Expansion Quests] Check quest initialization for quest with ID=14 | State=COMPLETED | Player UID=C6-V59th-6wDB528z-fMLRgWJWOrW-CZ0K9uNN42yOQ=
22:02:11.843 [Expansion Quests] Quest with ID=1 is not a a valid achievement or auto start quest. Skip quest for player with UID=C6-V59th-6wDB528z-fMLRgWJWOrW-CZ0K9uNN42yOQ=
22:02:11.843 [Expansion Quests] Quest with ID=2 is not a a valid achievement or auto start quest. Skip quest for player with UID=C6-V59th-6wDB528z-fMLRgWJWOrW-CZ0K9uNN42yOQ=
22:02:11.843 [Expansion Quests] Quest with ID=3 is not a a valid achievement or auto start quest. Skip quest for player with UID=C6-V59th-6wDB528z-fMLRgWJWOrW-CZ0K9uNN42yOQ=
22:02:11.843 [Expansion Quests] Quest with ID=4 is not a a valid achievement or auto start quest. Skip quest for player with UID=C6-V59th-6wDB528z-fMLRgWJWOrW-CZ0K9uNN42yOQ=
22:02:11.843 [Expansion Quests] Quest with ID=12 is not a a valid achievement or auto start quest. Skip quest for player with UID=C6-V59th-6wDB528z-fMLRgWJWOrW-CZ0K9uNN42yOQ=
22:02:11.843 [Expansion Quests] Quest with ID=13 is not a a valid achievement or auto start quest. Skip quest for player with UID=C6-V59th-6wDB528z-fMLRgWJWOrW-CZ0K9uNN42yOQ=
22:02:11.843 [Expansion Quests] Quest with ID=15 is not a a valid achievement or auto start quest. Skip quest for player with UID=C6-V59th-6wDB528z-fMLRgWJWOrW-CZ0K9uNN42yOQ=
22:02:11.843 [Expansion Quests] Quest with ID=16 is not a a valid achievement or auto start quest. Skip quest for player with UID=C6-V59th-6wDB528z-fMLRgWJWOrW-CZ0K9uNN42yOQ=
22:02:11.843 [Expansion Quests] Quest with ID=17 is not a a valid achievement or auto start quest. Skip quest for player with UID=C6-V59th-6wDB528z-fMLRgWJWOrW-CZ0K9uNN42yOQ=
22:02:11.843 [Expansion Quests] Quest with ID=18 is not a a valid achievement or auto start quest. Skip quest for player with UID=C6-V59th-6wDB528z-fMLRgWJWOrW-CZ0K9uNN42yOQ=
22:02:11.843 [Expansion Quests] Quest with ID=19 is not a a valid achievement or auto start quest. Skip quest for player with UID=C6-V59th-6wDB528z-fMLRgWJWOrW-CZ0K9uNN42yOQ=
22:02:11.843 [Expansion Quests] Quest with ID=22 is not a a valid achievement or auto start quest. Skip quest for player with UID=C6-V59th-6wDB528z-fMLRgWJWOrW-CZ0K9uNN42yOQ=
22:02:11.843 [Expansion Quests] Quest with ID=23 is not a a valid achievement or auto start quest. Skip quest for player with UID=C6-V59th-6wDB528z-fMLRgWJWOrW-CZ0K9uNN42yOQ=
22:02:11.843 [Expansion Quests] Quest with ID=24 is not a a valid achievement or auto start quest. Skip quest for player with UID=C6-V59th-6wDB528z-fMLRgWJWOrW-CZ0K9uNN42yOQ=
22:02:11.851 [Expansion Quests] Sending C6-V59th-6wDB528z-fMLRgWJWOrW-CZ0K9uNN42yOQ= quest configs to client for player with UID=C6-V59th-6wDB528z-fMLRgWJWOrW-CZ0K9uNN42yOQ=
22:02:11.851 [Expansion Quests] Sending player quest data for 4 quests to player with UID=C6-V59th-6wDB528z-fMLRgWJWOrW-CZ0K9uNN42yOQ=
22:02:12.789 [Expansion Quests] - LoadGroupQuestData - Got cached group quest data for group with ID=4
22:03:00.242 [Party] Player "Nate Higgers" (id=gX-mGzx9RFx9F8jGKTZXFHTX2RzKzzdngvqPfvfqbSY=) joinded the party "boogaloos" (id=4 ownerUID=gX-mGzx9RFx9F8jGKTZXFHTX2RzKzzdngvqPfvfqbSY= ownerName=Nate Higgers)
22:03:00.242 [Expansion Quests] Initialize quest system on the connected client with UID=gX-mGzx9RFx9F8jGKTZXFHTX2RzKzzdngvqPfvfqbSY=
22:03:00.242 [Expansion Quests] Loaded existing player quest data for player with UID=gX-mGzx9RFx9F8jGKTZXFHTX2RzKzzdngvqPfvfqbSY=
22:03:00.242 [Expansion Quests] - LoadGroupQuestData - Got cached group quest data for group with ID=4
22:03:00.250 [Expansion Quests] Check quest initialization for quest with ID=8 | State=STARTED | Player UID=gX-mGzx9RFx9F8jGKTZXFHTX2RzKzzdngvqPfvfqbSY=
22:03:00.250 [Expansion Quests] Create new quest instance for quest with ID=8 | Player UID=gX-mGzx9RFx9F8jGKTZXFHTX2RzKzzdngvqPfvfqbSY=
22:03:00.250 [Expansion Quests] Check quest initialization for quest with ID=9 | State=STARTED | Player UID=gX-mGzx9RFx9F8jGKTZXFHTX2RzKzzdngvqPfvfqbSY=
22:03:00.250 [Expansion Quests] Create new quest instance for quest with ID=9 | Player UID=gX-mGzx9RFx9F8jGKTZXFHTX2RzKzzdngvqPfvfqbSY=
22:03:00.250 [Expansion Quests] Check quest initialization for quest with ID=11 | State=STARTED | Player UID=gX-mGzx9RFx9F8jGKTZXFHTX2RzKzzdngvqPfvfqbSY=
22:03:00.250 [Expansion Quests] Create new quest instance for quest with ID=11 | Player UID=gX-mGzx9RFx9F8jGKTZXFHTX2RzKzzdngvqPfvfqbSY=
22:03:00.250 [Expansion Quests] Check quest initialization for quest with ID=14 | State=STARTED | Player UID=gX-mGzx9RFx9F8jGKTZXFHTX2RzKzzdngvqPfvfqbSY=
22:03:00.250 [Expansion Quests] Create new quest instance for quest with ID=14 | Player UID=gX-mGzx9RFx9F8jGKTZXFHTX2RzKzzdngvqPfvfqbSY=
22:03:00.250 [Expansion Quests] Quest with ID=1 is not a a valid achievement or auto start quest. Skip quest for player with UID=gX-mGzx9RFx9F8jGKTZXFHTX2RzKzzdngvqPfvfqbSY=
22:03:00.250 [Expansion Quests] Quest with ID=2 is not a a valid achievement or auto start quest. Skip quest for player with UID=gX-mGzx9RFx9F8jGKTZXFHTX2RzKzzdngvqPfvfqbSY=
22:03:00.250 [Expansion Quests] Quest with ID=3 is not a a valid achievement or auto start quest. Skip quest for player with UID=gX-mGzx9RFx9F8jGKTZXFHTX2RzKzzdngvqPfvfqbSY=
22:03:00.250 [Expansion Quests] Quest with ID=4 is not a a valid achievement or auto start quest. Skip quest for player with UID=gX-mGzx9RFx9F8jGKTZXFHTX2RzKzzdngvqPfvfqbSY=
22:03:00.250 [Expansion Quests] Quest with ID=12 is not a a valid achievement or auto start quest. Skip quest for player with UID=gX-mGzx9RFx9F8jGKTZXFHTX2RzKzzdngvqPfvfqbSY=
22:03:00.250 [Expansion Quests] Quest with ID=13 is not a a valid achievement or auto start quest. Skip quest for player with UID=gX-mGzx9RFx9F8jGKTZXFHTX2RzKzzdngvqPfvfqbSY=
22:03:00.250 [Expansion Quests] Quest with ID=15 is not a a valid achievement or auto start quest. Skip quest for player with UID=gX-mGzx9RFx9F8jGKTZXFHTX2RzKzzdngvqPfvfqbSY=
22:03:00.250 [Expansion Quests] Quest with ID=16 is not a a valid achievement or auto start quest. Skip quest for player with UID=gX-mGzx9RFx9F8jGKTZXFHTX2RzKzzdngvqPfvfqbSY=
22:03:00.250 [Expansion Quests] Quest with ID=17 is not a a valid achievement or auto start quest. Skip quest for player with UID=gX-mGzx9RFx9F8jGKTZXFHTX2RzKzzdngvqPfvfqbSY=
22:03:00.250 [Expansion Quests] Quest with ID=18 is not a a valid achievement or auto start quest. Skip quest for player with UID=gX-mGzx9RFx9F8jGKTZXFHTX2RzKzzdngvqPfvfqbSY=
22:03:00.250 [Expansion Quests] Quest with ID=19 is not a a valid achievement or auto start quest. Skip quest for player with UID=gX-mGzx9RFx9F8jGKTZXFHTX2RzKzzdngvqPfvfqbSY=
22:03:00.250 [Expansion Quests] Quest with ID=22 is not a a valid achievement or auto start quest. Skip quest for player with UID=gX-mGzx9RFx9F8jGKTZXFHTX2RzKzzdngvqPfvfqbSY=
22:03:00.250 [Expansion Quests] Quest with ID=23 is not a a valid achievement or auto start quest. Skip quest for player with UID=gX-mGzx9RFx9F8jGKTZXFHTX2RzKzzdngvqPfvfqbSY=
22:03:00.250 [Expansion Quests] Quest with ID=24 is not a a valid achievement or auto start quest. Skip quest for player with UID=gX-mGzx9RFx9F8jGKTZXFHTX2RzKzzdngvqPfvfqbSY=
22:03:00.250 [Expansion Quests] Sending gX-mGzx9RFx9F8jGKTZXFHTX2RzKzzdngvqPfvfqbSY= quest configs to client for player with UID=gX-mGzx9RFx9F8jGKTZXFHTX2RzKzzdngvqPfvfqbSY=
22:03:00.250 [Expansion Quests] Sending player quest data for 4 quests to player with UID=gX-mGzx9RFx9F8jGKTZXFHTX2RzKzzdngvqPfvfqbSY=
22:03:00.703 [Expansion Quests] Added new objective data for type=TRAVEL | Key=gX-mGzx9RFx9F8jGKTZXFHTX2RzKzzdngvqPfvfqbSY= | ID=3
22:03:00.703 [Expansion Quests] Updated and saved persistent player quest data for player with UID=gX-mGzx9RFx9F8jGKTZXFHTX2RzKzzdngvqPfvfqbSY= | Quest ID=14
22:03:01.203 [Expansion Quests] - LoadGroupQuestData - Got cached group quest data for group with ID=4
22:03:36.765 [VehicleEnter] Player Ron Jeremy [uid=C6-V59th-6wDB528z-fMLRgWJWOrW-CZ0K9uNN42yOQ=] entered vehicle Pitbull (id=FD3BDEE6084F05976123738925E5E20F pos=<3660.353027, 311.249969, 8992.944336>) as passenger
22:03:48.515 [Chat - Team]("Nate Higgers"(id=gX-mGzx9RFx9F8jGKTZXFHTX2RzKzzdngvqPfvfqbSY=)): is there new stuff to look for yet or no
22:03:54.023 [VehicleEnter] Player Nate Higgers [uid=gX-mGzx9RFx9F8jGKTZXFHTX2RzKzzdngvqPfvfqbSY=] entered vehicle Pitbull (id=FD3BDEE6084F05976123738925E5E20F pos=<3660.353027, 311.250000, 8992.943359>) as driver
22:03:54.531 [Chat - Team]("Ron Jeremy"(id=C6-V59th-6wDB528z-fMLRgWJWOrW-CZ0K9uNN42yOQ=)): no
22:03:59.015 [Chat - Team]("Nate Higgers"(id=gX-mGzx9RFx9F8jGKTZXFHTX2RzKzzdngvqPfvfqbSY=)): ok
22:04:05.437 [VehicleEngine] Player Nate Higgers [uid=gX-mGzx9RFx9F8jGKTZXFHTX2RzKzzdngvqPfvfqbSY=] started vehicle Pitbull (id=FD3BDEE6084F05976123738925E5E20F pos=<3660.353027, 311.249969, 8992.944336>)
22:04:07.531 [Chat - Team]("Ron Jeremy"(id=C6-V59th-6wDB528z-fMLRgWJWOrW-CZ0K9uNN42yOQ=)): gonna have some of the new guns in over the next couple days
22:04:38.390 [Chat - Team]("Nate Higgers"(id=gX-mGzx9RFx9F8jGKTZXFHTX2RzKzzdngvqPfvfqbSY=)): yeah i saw you write that just wasnt sure if the new mod came with anything else that was on
22:04:55.054 [Chat - Team]("Ron Jeremy"(id=C6-V59th-6wDB528z-fMLRgWJWOrW-CZ0K9uNN42yOQ=)): nope,  i was testing most of it today
22:05:00.445 [Chat - Team]("Ron Jeremy"(id=C6-V59th-6wDB528z-fMLRgWJWOrW-CZ0K9uNN42yOQ=)): trying out some of the guns
22:05:08.804 [Chat - Team]("Ron Jeremy"(id=C6-V59th-6wDB528z-fMLRgWJWOrW-CZ0K9uNN42yOQ=)): pitbull spawns are in though
22:05:52.523 [VehicleLeave] Player Ron Jeremy [uid=C6-V59th-6wDB528z-fMLRgWJWOrW-CZ0K9uNN42yOQ=] left vehicle Pitbull (id=FD3BDEE6084F05976123738925E5E20F pos=<4149.070313, 324.364746, 8917.375000>)
22:05:55.296 [VehicleLeave] Player Nate Higgers [uid=gX-mGzx9RFx9F8jGKTZXFHTX2RzKzzdngvqPfvfqbSY=] left vehicle Pitbull (id=FD3BDEE6084F05976123738925E5E20F pos=<4149.070801, 324.364746, 8917.375000>)
22:06:38.601 [MissionAirdrop] An airdrop is heading towards "Novy Sobor" (pos=<7436.000000, 0.000000, 7720.000000> type=Random_Novy Sobor) with a ExpansionAirdropContainer_Medical
22:06:59.218 [Chat - Team]("Nate Higgers"(id=gX-mGzx9RFx9F8jGKTZXFHTX2RzKzzdngvqPfvfqbSY=)): lol
22:07:10.085 [Chat - Team]("Ron Jeremy"(id=C6-V59th-6wDB528z-fMLRgWJWOrW-CZ0K9uNN42yOQ=)): im taking over this whole area lol
22:07:21.132 [Chat - Team]("Nate Higgers"(id=gX-mGzx9RFx9F8jGKTZXFHTX2RzKzzdngvqPfvfqbSY=)): i thought this was going to be your new garage lol
22:07:30.882 [Chat - Team]("Ron Jeremy"(id=C6-V59th-6wDB528z-fMLRgWJWOrW-CZ0K9uNN42yOQ=)): thats across the road
22:07:56.281 [Chat - Team]("Nate Higgers"(id=gX-mGzx9RFx9F8jGKTZXFHTX2RzKzzdngvqPfvfqbSY=)): hey are you sure that all this stuff is in the loot pool
22:08:13.437 [Chat - Team]("Nate Higgers"(id=gX-mGzx9RFx9F8jGKTZXFHTX2RzKzzdngvqPfvfqbSY=)): ive yet to see the to wall types
22:08:27.882 [Chat - Team]("Ron Jeremy"(id=C6-V59th-6wDB528z-fMLRgWJWOrW-CZ0K9uNN42yOQ=)): yeah they are in
22:08:52.882 [Chat - Team]("Nate Higgers"(id=gX-mGzx9RFx9F8jGKTZXFHTX2RzKzzdngvqPfvfqbSY=)): whats the other color pitbull
22:09:05.937 [Chat - Team]("Nate Higgers"(id=gX-mGzx9RFx9F8jGKTZXFHTX2RzKzzdngvqPfvfqbSY=)): this is police
22:09:39.804 [Chat - Team]("Ron Jeremy"(id=C6-V59th-6wDB528z-fMLRgWJWOrW-CZ0K9uNN42yOQ=)): green black and police
22:09:40.039 [Chat - Team]("Nate Higgers"(id=gX-mGzx9RFx9F8jGKTZXFHTX2RzKzzdngvqPfvfqbSY=)): thyre making a baby
22:09:54.703 [Chat - Team]("Nate Higgers"(id=gX-mGzx9RFx9F8jGKTZXFHTX2RzKzzdngvqPfvfqbSY=)): can i trade ya
22:10:03.593 [Chat - Team]("Ron Jeremy"(id=C6-V59th-6wDB528z-fMLRgWJWOrW-CZ0K9uNN42yOQ=)): sure
22:10:23.101 [VehicleAttachments] Player Nate Higgers (uid=gX-mGzx9RFx9F8jGKTZXFHTX2RzKzzdngvqPfvfqbSY=) detached Jerrycan (type=CanisterGasoline) from vehicle Pitbull(id=FD3BDEE6084F05976123738925E5E20F pos=<4149.070801, 324.364807, 8917.375000>)
22:10:38.468 [Chat - Team]("Nate Higgers"(id=gX-mGzx9RFx9F8jGKTZXFHTX2RzKzzdngvqPfvfqbSY=)): ok show me around
22:11:47.820 [Chat - Team]("Ron Jeremy"(id=C6-V59th-6wDB528z-fMLRgWJWOrW-CZ0K9uNN42yOQ=)): thats it so far
22:11:52.515 [Chat - Team]("Ron Jeremy"(id=C6-V59th-6wDB528z-fMLRgWJWOrW-CZ0K9uNN42yOQ=)): gonna do mesh fence around the place
22:12:08.250 [Chat - Team]("Ron Jeremy"(id=C6-V59th-6wDB528z-fMLRgWJWOrW-CZ0K9uNN42yOQ=)): not sure what to do wiht the 3rd building yet
22:12:13.484 [Chat - Team]("Nate Higgers"(id=gX-mGzx9RFx9F8jGKTZXFHTX2RzKzzdngvqPfvfqbSY=)): so garage with office and an armory with your bunk
22:12:18.531 [Chat - Team]("Ron Jeremy"(id=C6-V59th-6wDB528z-fMLRgWJWOrW-CZ0K9uNN42yOQ=)): maybe a indoor grow house
22:12:24.953 [Chat - Team]("Ron Jeremy"(id=C6-V59th-6wDB528z-fMLRgWJWOrW-CZ0K9uNN42yOQ=)): yeah
22:12:27.265 [Chat - Team]("Nate Higgers"(id=gX-mGzx9RFx9F8jGKTZXFHTX2RzKzzdngvqPfvfqbSY=)): that would be cool
22:12:39.765 [Chat - Team]("Nate Higgers"(id=gX-mGzx9RFx9F8jGKTZXFHTX2RzKzzdngvqPfvfqbSY=)): or you could sell used cars lol
22:13:11.953 [Chat - Team]("Nate Higgers"(id=gX-mGzx9RFx9F8jGKTZXFHTX2RzKzzdngvqPfvfqbSY=)): parts in this one and sales in the other
22:13:54.281 [Chat - Team]("Nate Higgers"(id=gX-mGzx9RFx9F8jGKTZXFHTX2RzKzzdngvqPfvfqbSY=)): no you ad it right
22:13:59.632 [Chat - Team]("Nate Higgers"(id=gX-mGzx9RFx9F8jGKTZXFHTX2RzKzzdngvqPfvfqbSY=)): indoor groww
22:14:11.515 [Chat - Team]("Nate Higgers"(id=gX-mGzx9RFx9F8jGKTZXFHTX2RzKzzdngvqPfvfqbSY=)): cocain on the left and weed on the right
22:14:27.078 [Chat - Team]("Nate Higgers"(id=gX-mGzx9RFx9F8jGKTZXFHTX2RzKzzdngvqPfvfqbSY=)): or however you want but it would look good in here
22:14:59.437 [Chat - Team]("Nate Higgers"(id=gX-mGzx9RFx9F8jGKTZXFHTX2RzKzzdngvqPfvfqbSY=)): too bad crop plots dont stay you could sink walls and make it look likean open green house 
22:15:48.000 [Chat - Team]("Nate Higgers"(id=gX-mGzx9RFx9F8jGKTZXFHTX2RzKzzdngvqPfvfqbSY=)): just diffrent garden plats with an edge to the garden using wall tops
22:16:01.750 [Chat - Team]("Nate Higgers"(id=gX-mGzx9RFx9F8jGKTZXFHTX2RzKzzdngvqPfvfqbSY=)): youd have to use half walls tho
22:16:13.039 [Chat - Team]("Ron Jeremy"(id=C6-V59th-6wDB528z-fMLRgWJWOrW-CZ0K9uNN42yOQ=)): planter box
22:16:29.867 [Chat - Team]("Nate Higgers"(id=gX-mGzx9RFx9F8jGKTZXFHTX2RzKzzdngvqPfvfqbSY=)): thats a tedious job to lay these out but if your going to do it i caan give you a hande
22:17:01.609 [Chat - Team]("Ron Jeremy"(id=C6-V59th-6wDB528z-fMLRgWJWOrW-CZ0K9uNN42yOQ=)): maybe some of those and some greenhouses
22:17:06.960 [Chat - Team]("Ron Jeremy"(id=C6-V59th-6wDB528z-fMLRgWJWOrW-CZ0K9uNN42yOQ=)): for the better strains
22:18:02.570 [Chat - Team]("Nate Higgers"(id=gX-mGzx9RFx9F8jGKTZXFHTX2RzKzzdngvqPfvfqbSY=)): yeah but your garden wontstay for the asthetic if you use crop plots for normal buf\d
22:18:06.898 [Chat - Team]("Nate Higgers"(id=gX-mGzx9RFx9F8jGKTZXFHTX2RzKzzdngvqPfvfqbSY=)): bud
22:18:19.562 [Chat - Team]("Nate Higgers"(id=gX-mGzx9RFx9F8jGKTZXFHTX2RzKzzdngvqPfvfqbSY=)): can i have this pot
22:18:25.773 [Chat - Team]("Ron Jeremy"(id=C6-V59th-6wDB528z-fMLRgWJWOrW-CZ0K9uNN42yOQ=)): yeah
22:18:41.218 [Chat - Team]("Nate Higgers"(id=gX-mGzx9RFx9F8jGKTZXFHTX2RzKzzdngvqPfvfqbSY=)): i lost all the seeds you gave me lol
22:19:05.765 [Chat - Team]("Nate Higgers"(id=gX-mGzx9RFx9F8jGKTZXFHTX2RzKzzdngvqPfvfqbSY=)): i dropped the bag i had em in on the heli floor and couldnt get em bacvk
22:19:48.554 [Chat - Team]("Nate Higgers"(id=gX-mGzx9RFx9F8jGKTZXFHTX2RzKzzdngvqPfvfqbSY=)): h
22:20:09.281 [Chat - Team]("Nate Higgers"(id=gX-mGzx9RFx9F8jGKTZXFHTX2RzKzzdngvqPfvfqbSY=)): theres a construction light and a pallet storage down there too
22:20:16.992 [Chat - Team]("Nate Higgers"(id=gX-mGzx9RFx9F8jGKTZXFHTX2RzKzzdngvqPfvfqbSY=)): lol
22:20:19.875 [Chat - Team]("Ron Jeremy"(id=C6-V59th-6wDB528z-fMLRgWJWOrW-CZ0K9uNN42yOQ=)): lol
22:20:35.617 [Chat - Team]("Ron Jeremy"(id=C6-V59th-6wDB528z-fMLRgWJWOrW-CZ0K9uNN42yOQ=)): theres some seedds
22:20:39.265 [Chat - Team]("Nate Higgers"(id=gX-mGzx9RFx9F8jGKTZXFHTX2RzKzzdngvqPfvfqbSY=)): i can see those when im leaviong base cuz they stay on the 1st floor
22:20:48.796 [Chat - Team]("Nate Higgers"(id=gX-mGzx9RFx9F8jGKTZXFHTX2RzKzzdngvqPfvfqbSY=)): oh sht thanks
22:21:35.703 [Chat - Team]("Ron Jeremy"(id=C6-V59th-6wDB528z-fMLRgWJWOrW-CZ0K9uNN42yOQ=)): oh and titos taqueria sucks
22:21:45.078 [Chat - Team]("Nate Higgers"(id=gX-mGzx9RFx9F8jGKTZXFHTX2RzKzzdngvqPfvfqbSY=)): wood for the better strains and the poly for the normal or the otherway
22:21:52.382 [Chat - Team]("Nate Higgers"(id=gX-mGzx9RFx9F8jGKTZXFHTX2RzKzzdngvqPfvfqbSY=)): titos burritos
22:21:56.265 [Chat - Team]("Ron Jeremy"(id=C6-V59th-6wDB528z-fMLRgWJWOrW-CZ0K9uNN42yOQ=)): yeah wood for the better ones
22:22:01.531 [Chat - Team]("Nate Higgers"(id=gX-mGzx9RFx9F8jGKTZXFHTX2RzKzzdngvqPfvfqbSY=)): and yeah they do
22:22:16.015 [Chat - Team]("Nate Higgers"(id=gX-mGzx9RFx9F8jGKTZXFHTX2RzKzzdngvqPfvfqbSY=)): it used to be good when it was just a food truck in brat
22:22:50.468 [Chat - Team]("Ron Jeremy"(id=C6-V59th-6wDB528z-fMLRgWJWOrW-CZ0K9uNN42yOQ=)): we need to bus some mexicans up here
22:23:28.578 [Chat - Team]("Nate Higgers"(id=gX-mGzx9RFx9F8jGKTZXFHTX2RzKzzdngvqPfvfqbSY=)): areba dirt cha
22:23:51.945 [Chat - Team]("Nate Higgers"(id=gX-mGzx9RFx9F8jGKTZXFHTX2RzKzzdngvqPfvfqbSY=)): i think austin is part mexican
22:23:57.679 [Chat - Team]("Ron Jeremy"(id=C6-V59th-6wDB528z-fMLRgWJWOrW-CZ0K9uNN42yOQ=)): haha
22:24:01.015 [Chat - Team]("Ron Jeremy"(id=C6-V59th-6wDB528z-fMLRgWJWOrW-CZ0K9uNN42yOQ=)): i can see that
22:24:15.031 [Chat - Team]("Nate Higgers"(id=gX-mGzx9RFx9F8jGKTZXFHTX2RzKzzdngvqPfvfqbSY=)): do you wana know the order id put the strains in
22:24:25.843 [Chat - Team]("Ron Jeremy"(id=C6-V59th-6wDB528z-fMLRgWJWOrW-CZ0K9uNN42yOQ=)): I wanna use htis building as a gate house
22:25:02.101 [Chat - Team]("Nate Higgers"(id=gX-mGzx9RFx9F8jGKTZXFHTX2RzKzzdngvqPfvfqbSY=)): goats?
22:25:08.765 [Chat - Team]("Ron Jeremy"(id=C6-V59th-6wDB528z-fMLRgWJWOrW-CZ0K9uNN42yOQ=)): zombie whores
22:25:23.031 [Chat - Team]("Nate Higgers"(id=gX-mGzx9RFx9F8jGKTZXFHTX2RzKzzdngvqPfvfqbSY=)): mmmm my favorite
22:26:00.750 [Chat - Team]("Nate Higgers"(id=gX-mGzx9RFx9F8jGKTZXFHTX2RzKzzdngvqPfvfqbSY=)): i am satan hear my goats
22:26:50.007 [Chat - Team]("Nate Higgers"(id=gX-mGzx9RFx9F8jGKTZXFHTX2RzKzzdngvqPfvfqbSY=)): only 2 and 1
22:27:14.164 [Chat - Team]("Nate Higgers"(id=gX-mGzx9RFx9F8jGKTZXFHTX2RzKzzdngvqPfvfqbSY=)): goats suck
22:27:42.382 [Chat - Team]("Nate Higgers"(id=gX-mGzx9RFx9F8jGKTZXFHTX2RzKzzdngvqPfvfqbSY=)): my friend
22:27:47.734 [Chat - Team]("Nate Higgers"(id=gX-mGzx9RFx9F8jGKTZXFHTX2RzKzzdngvqPfvfqbSY=)): WHYYYYYYYY
22:27:55.976 [Chat - Team]("Ron Jeremy"(id=C6-V59th-6wDB528z-fMLRgWJWOrW-CZ0K9uNN42yOQ=)): theres another one
22:27:58.109 [Chat - Team]("Nate Higgers"(id=gX-mGzx9RFx9F8jGKTZXFHTX2RzKzzdngvqPfvfqbSY=)): NOT WINNIE WITH THE BROWN HAIR
22:28:15.851 [Chat - Team]("Nate Higgers"(id=gX-mGzx9RFx9F8jGKTZXFHTX2RzKzzdngvqPfvfqbSY=)): HIS BUTTHOLE WAS THE TIGHTEST
22:29:01.250 [Chat - Team]("Nate Higgers"(id=gX-mGzx9RFx9F8jGKTZXFHTX2RzKzzdngvqPfvfqbSY=)): ALL BETTER NOW
22:29:52.312 [Chat - Team]("Nate Higgers"(id=gX-mGzx9RFx9F8jGKTZXFHTX2RzKzzdngvqPfvfqbSY=)): bear isnt good to eat right
22:29:58.375 [Chat - Team]("Ron Jeremy"(id=C6-V59th-6wDB528z-fMLRgWJWOrW-CZ0K9uNN42yOQ=)): no
22:30:20.062 [Chat - Team]("Nate Higgers"(id=gX-mGzx9RFx9F8jGKTZXFHTX2RzKzzdngvqPfvfqbSY=)): muah
22:30:55.437 [Chat - Team]("Ron Jeremy"(id=C6-V59th-6wDB528z-fMLRgWJWOrW-CZ0K9uNN42yOQ=)): ok im gonna get goin
22:30:59.835 [VehicleEnter] Player Nate Higgers [uid=gX-mGzx9RFx9F8jGKTZXFHTX2RzKzzdngvqPfvfqbSY=] entered vehicle Pitbull (id=FD3BDEE6084F05976123738925E5E20F pos=<4149.070801, 324.364777, 8917.375000>) as driver
22:31:03.359 [VehicleLeave] Player Nate Higgers [uid=gX-mGzx9RFx9F8jGKTZXFHTX2RzKzzdngvqPfvfqbSY=] left vehicle Pitbull (id=FD3BDEE6084F05976123738925E5E20F pos=<4149.070313, 324.364807, 8917.375000>)
22:31:23.539 [Chat - Team]("Nate Higgers"(id=gX-mGzx9RFx9F8jGKTZXFHTX2RzKzzdngvqPfvfqbSY=)): i might keep the green depending on gas
22:31:28.859 [VehicleEnter] Player Nate Higgers [uid=gX-mGzx9RFx9F8jGKTZXFHTX2RzKzzdngvqPfvfqbSY=] entered vehicle Pitbull (id=FD3BDEE6084F05976123738925E5E20F pos=<4149.070313, 324.364746, 8917.375000>) as driver
22:31:31.140 [VehicleLeave] Player Nate Higgers [uid=gX-mGzx9RFx9F8jGKTZXFHTX2RzKzzdngvqPfvfqbSY=] left vehicle Pitbull (id=FD3BDEE6084F05976123738925E5E20F pos=<4149.070801, 324.364746, 8917.375000>)
22:31:39.726 [VehicleEnter] Player Nate Higgers [uid=gX-mGzx9RFx9F8jGKTZXFHTX2RzKzzdngvqPfvfqbSY=] entered vehicle Pitbull (id=701B4EBD97494AA12F9035BFBC13C117 pos=<4146.030273, 324.490387, 8942.083008>) as driver
22:31:47.328 [VehicleLeave] Player Nate Higgers [uid=gX-mGzx9RFx9F8jGKTZXFHTX2RzKzzdngvqPfvfqbSY=] left vehicle Pitbull (id=701B4EBD97494AA12F9035BFBC13C117 pos=<4146.030273, 324.490417, 8942.083008>)
22:32:01.820 [VehicleAttachments] Player Nate Higgers (uid=gX-mGzx9RFx9F8jGKTZXFHTX2RzKzzdngvqPfvfqbSY=) detached Задняя левая дверь Pitbull (type=Pitbull_doors_cargo1_black) from vehicle Pitbull(id=701B4EBD97494AA12F9035BFBC13C117 pos=<4146.030273, 324.490448, 8942.083008>)
22:32:06.781 [VehicleAttachments] Player Nate Higgers (uid=gX-mGzx9RFx9F8jGKTZXFHTX2RzKzzdngvqPfvfqbSY=) detached Jerrycan (type=CanisterGasoline) from vehicle Pitbull(id=701B4EBD97494AA12F9035BFBC13C117 pos=<4146.030273, 324.490448, 8942.083008>)
22:32:28.257 [Chat - Team]("Ron Jeremy"(id=C6-V59th-6wDB528z-fMLRgWJWOrW-CZ0K9uNN42yOQ=)): oh ya whats the order for the weed?
22:32:34.492 [Chat - Team]("Nate Higgers"(id=gX-mGzx9RFx9F8jGKTZXFHTX2RzKzzdngvqPfvfqbSY=)): yeah imma stick eith the green one
22:33:05.781 [Chat - Team]("Nate Higgers"(id=gX-mGzx9RFx9F8jGKTZXFHTX2RzKzzdngvqPfvfqbSY=)): blue god and purple kush at the top other than s1 if your going to implament the role play
22:33:13.765 [Chat - Team]("Nate Higgers"(id=gX-mGzx9RFx9F8jGKTZXFHTX2RzKzzdngvqPfvfqbSY=)): then 
22:33:39.492 [Chat - Team]("Nate Higgers"(id=gX-mGzx9RFx9F8jGKTZXFHTX2RzKzzdngvqPfvfqbSY=)): nomad and skunk at mid teir
22:33:52.195 [Chat - Team]("Nate Higgers"(id=gX-mGzx9RFx9F8jGKTZXFHTX2RzKzzdngvqPfvfqbSY=)): and strwdog at the bottom
22:34:28.781 [Chat - Team]("Ron Jeremy"(id=C6-V59th-6wDB528z-fMLRgWJWOrW-CZ0K9uNN42yOQ=)): there is also future and black frost
22:34:37.000 [Chat - Team]("Nate Higgers"(id=gX-mGzx9RFx9F8jGKTZXFHTX2RzKzzdngvqPfvfqbSY=)): oh yea lol
22:34:53.164 [Chat - Team]("Nate Higgers"(id=gX-mGzx9RFx9F8jGKTZXFHTX2RzKzzdngvqPfvfqbSY=)): black frost is with blu god and kush
22:35:14.328 [Chat - Team]("Nate Higgers"(id=gX-mGzx9RFx9F8jGKTZXFHTX2RzKzzdngvqPfvfqbSY=)): and future with strawdog
22:35:21.023 [VehicleAttachments] Player Nate Higgers (uid=gX-mGzx9RFx9F8jGKTZXFHTX2RzKzzdngvqPfvfqbSY=) detached Задняя левая дверь Pitbull (type=Pitbull_doors_cargo1_green) from vehicle Pitbull(id=FD3BDEE6084F05976123738925E5E20F pos=<4149.070313, 324.364716, 8917.375000>)
22:35:21.898 [Chat - Team]("Ron Jeremy"(id=C6-V59th-6wDB528z-fMLRgWJWOrW-CZ0K9uNN42yOQ=)): sounds good
22:35:45.117 [VehicleAttachments] Player Nate Higgers (uid=gX-mGzx9RFx9F8jGKTZXFHTX2RzKzzdngvqPfvfqbSY=) detached Задняя левая дверь Pitbull (type=Pitbull_doors_cargo1_black) from vehicle Pitbull(id=FD3BDEE6084F05976123738925E5E20F pos=<4149.070313, 324.364716, 8917.375000>)
22:36:19.726 [Chat - Team]("Nate Higgers"(id=gX-mGzx9RFx9F8jGKTZXFHTX2RzKzzdngvqPfvfqbSY=)): do you have a sea chest here to see if thats what the pit takes
22:37:28.890 [Chat - Team]("Ron Jeremy"(id=C6-V59th-6wDB528z-fMLRgWJWOrW-CZ0K9uNN42yOQ=)): looks like its wooden crates
22:37:36.351 [Chat - Team]("Nate Higgers"(id=gX-mGzx9RFx9F8jGKTZXFHTX2RzKzzdngvqPfvfqbSY=)): ywah
22:37:58.429 [Chat - Team]("Nate Higgers"(id=gX-mGzx9RFx9F8jGKTZXFHTX2RzKzzdngvqPfvfqbSY=)): hey are you going to take all vehical parts in for trade here
22:38:23.632 [Chat - Team]("Ron Jeremy"(id=C6-V59th-6wDB528z-fMLRgWJWOrW-CZ0K9uNN42yOQ=)): yeah I just gotta finihs moving stuff from petrovka
22:38:47.351 [Chat - Team]("Nate Higgers"(id=gX-mGzx9RFx9F8jGKTZXFHTX2RzKzzdngvqPfvfqbSY=)): ok cuz i was wondering if your trading for heli parts
22:39:02.414 [Chat - Team]("Ron Jeremy"(id=C6-V59th-6wDB528z-fMLRgWJWOrW-CZ0K9uNN42yOQ=)): ya i plan on having parts for those too
22:39:06.554 [Chat - Team]("Nate Higgers"(id=gX-mGzx9RFx9F8jGKTZXFHTX2RzKzzdngvqPfvfqbSY=)): ok
22:39:34.273 [Chat - Team]("Nate Higgers"(id=gX-mGzx9RFx9F8jGKTZXFHTX2RzKzzdngvqPfvfqbSY=)): i need to practice flying with the new mode
22:39:50.554 [Chat - Team]("Ron Jeremy"(id=C6-V59th-6wDB528z-fMLRgWJWOrW-CZ0K9uNN42yOQ=)): did you set the key for the flight recovery?
22:39:59.343 [Chat - Team]("Nate Higgers"(id=gX-mGzx9RFx9F8jGKTZXFHTX2RzKzzdngvqPfvfqbSY=)): yeah
22:40:23.453 [Chat - Team]("Nate Higgers"(id=gX-mGzx9RFx9F8jGKTZXFHTX2RzKzzdngvqPfvfqbSY=)): i like the other controls cuz you can move in auto hover
22:40:28.140 [Chat - Team]("Ron Jeremy"(id=C6-V59th-6wDB528z-fMLRgWJWOrW-CZ0K9uNN42yOQ=)): ah
22:40:49.773 [Chat - Team]("Nate Higgers"(id=gX-mGzx9RFx9F8jGKTZXFHTX2RzKzzdngvqPfvfqbSY=)): ill learn the new one tho cuz i like that lil bird more
22:41:13.898 [Chat - Team]("Nate Higgers"(id=gX-mGzx9RFx9F8jGKTZXFHTX2RzKzzdngvqPfvfqbSY=)): speaking of can i trade in my old one for the new or should we stick to finding them
22:41:28.796 [Chat - Team]("Ron Jeremy"(id=C6-V59th-6wDB528z-fMLRgWJWOrW-CZ0K9uNN42yOQ=)): ya i dont mind
22:41:41.117 [Chat - Team]("Ron Jeremy"(id=C6-V59th-6wDB528z-fMLRgWJWOrW-CZ0K9uNN42yOQ=)): i plan on switching to red falcon anyway
22:41:55.281 [Chat - Team]("Nate Higgers"(id=gX-mGzx9RFx9F8jGKTZXFHTX2RzKzzdngvqPfvfqbSY=)): ok ill fly the other one over here and put it on your heli pad later and grab my bike
22:41:59.562 [Chat - Team]("Ron Jeremy"(id=C6-V59th-6wDB528z-fMLRgWJWOrW-CZ0K9uNN42yOQ=)): has the flight helmet , can get containers to upgrade the storage too
22:42:02.718 [Chat - Team]("Ron Jeremy"(id=C6-V59th-6wDB528z-fMLRgWJWOrW-CZ0K9uNN42yOQ=)): ok
22:42:08.570 [Chat - Team]("Ron Jeremy"(id=C6-V59th-6wDB528z-fMLRgWJWOrW-CZ0K9uNN42yOQ=)): heli pad on the roof is bugged
22:42:14.656 [Chat - Team]("Ron Jeremy"(id=C6-V59th-6wDB528z-fMLRgWJWOrW-CZ0K9uNN42yOQ=)): I landed on it
22:42:19.453 [Chat - Team]("Ron Jeremy"(id=C6-V59th-6wDB528z-fMLRgWJWOrW-CZ0K9uNN42yOQ=)): heli floated off
22:42:23.726 [Chat - Team]("Nate Higgers"(id=gX-mGzx9RFx9F8jGKTZXFHTX2RzKzzdngvqPfvfqbSY=)): oh yeah you can fully land
22:42:37.906 [Chat - Team]("Nate Higgers"(id=gX-mGzx9RFx9F8jGKTZXFHTX2RzKzzdngvqPfvfqbSY=)): where do you want it
22:42:56.710 [Chat - Team]("Ron Jeremy"(id=C6-V59th-6wDB528z-fMLRgWJWOrW-CZ0K9uNN42yOQ=)): wherever
22:43:00.812 [Chat - Team]("Ron Jeremy"(id=C6-V59th-6wDB528z-fMLRgWJWOrW-CZ0K9uNN42yOQ=)): preferably on the ground
22:43:04.828 [Chat - Team]("Nate Higgers"(id=gX-mGzx9RFx9F8jGKTZXFHTX2RzKzzdngvqPfvfqbSY=)): lol
22:43:11.054 [Chat - Team]("Nate Higgers"(id=gX-mGzx9RFx9F8jGKTZXFHTX2RzKzzdngvqPfvfqbSY=)): ok
22:43:25.867 [Chat - Team]("Nate Higgers"(id=gX-mGzx9RFx9F8jGKTZXFHTX2RzKzzdngvqPfvfqbSY=)): i was going to land on the smoke satack
22:43:34.789 [Chat - Team]("Ron Jeremy"(id=C6-V59th-6wDB528z-fMLRgWJWOrW-CZ0K9uNN42yOQ=)): i wouldnt be upset
22:43:36.695 [Chat - Team]("Nate Higgers"(id=gX-mGzx9RFx9F8jGKTZXFHTX2RzKzzdngvqPfvfqbSY=)): till you said that
22:43:54.226 [Chat - Team]("Nate Higgers"(id=gX-mGzx9RFx9F8jGKTZXFHTX2RzKzzdngvqPfvfqbSY=)): id probaby die getting out
22:43:54.843 [Chat - Team]("Ron Jeremy"(id=C6-V59th-6wDB528z-fMLRgWJWOrW-CZ0K9uNN42yOQ=)): you ever look down into one of those?
22:44:04.171 [Chat - Team]("Nate Higgers"(id=gX-mGzx9RFx9F8jGKTZXFHTX2RzKzzdngvqPfvfqbSY=)): the stop sign?
22:44:11.554 [Chat - Team]("Ron Jeremy"(id=C6-V59th-6wDB528z-fMLRgWJWOrW-CZ0K9uNN42yOQ=)): in some of them you can see evil santa smoking a cigar
22:44:14.015 [Chat - Team]("Ron Jeremy"(id=C6-V59th-6wDB528z-fMLRgWJWOrW-CZ0K9uNN42yOQ=)): the smoke stacks
22:44:37.171 [Chat - Team]("Nate Higgers"(id=gX-mGzx9RFx9F8jGKTZXFHTX2RzKzzdngvqPfvfqbSY=)): lol i know i was saying theres a stop sign in them right?
22:44:53.562 [Chat - Team]("Ron Jeremy"(id=C6-V59th-6wDB528z-fMLRgWJWOrW-CZ0K9uNN42yOQ=)): not in this one at least
22:45:01.460 [Chat - Team]("Nate Higgers"(id=gX-mGzx9RFx9F8jGKTZXFHTX2RzKzzdngvqPfvfqbSY=)): oh
22:45:47.843 [Chat - Team]("Ron Jeremy"(id=C6-V59th-6wDB528z-fMLRgWJWOrW-CZ0K9uNN42yOQ=)): ok im about to fall sleep lol
22:45:53.171 [Chat - Team]("Ron Jeremy"(id=C6-V59th-6wDB528z-fMLRgWJWOrW-CZ0K9uNN42yOQ=)): later
22:45:58.039 [Chat - Team]("Nate Higgers"(id=gX-mGzx9RFx9F8jGKTZXFHTX2RzKzzdngvqPfvfqbSY=)): LOL
22:46:05.890 [Chat - Team]("Nate Higgers"(id=gX-mGzx9RFx9F8jGKTZXFHTX2RzKzzdngvqPfvfqbSY=)): BLOODY FINGERS
22:46:38.203 [Party] Player "Ron Jeremy" (id=C6-V59th-6wDB528z-fMLRgWJWOrW-CZ0K9uNN42yOQ=) left the party "boogaloos" (id=4 ownerUID=gX-mGzx9RFx9F8jGKTZXFHTX2RzKzzdngvqPfvfqbSY= ownerName=Nate Higgers)
22:46:38.203 [Expansion Quests] Deleted quest with ID=8 is a of player with UID=C6-V59th-6wDB528z-fMLRgWJWOrW-CZ0K9uNN42yOQ=.
22:46:38.203 [Expansion Quests] Deleted quest with ID=9 is a of player with UID=C6-V59th-6wDB528z-fMLRgWJWOrW-CZ0K9uNN42yOQ=.
22:46:38.203 [Expansion Quests] Deleted quest with ID=11 is a of player with UID=C6-V59th-6wDB528z-fMLRgWJWOrW-CZ0K9uNN42yOQ=.
22:46:49.609 [VehicleEnter] Player Nate Higgers [uid=gX-mGzx9RFx9F8jGKTZXFHTX2RzKzzdngvqPfvfqbSY=] entered vehicle Pitbull (id=FD3BDEE6084F05976123738925E5E20F pos=<4149.070313, 324.364746, 8917.375000>) as driver
22:46:51.859 [VehicleEngine] Player Nate Higgers [uid=gX-mGzx9RFx9F8jGKTZXFHTX2RzKzzdngvqPfvfqbSY=] started vehicle Pitbull (id=FD3BDEE6084F05976123738925E5E20F pos=<4149.070313, 324.364777, 8917.375000>)
22:50:12.703 [VehicleLeave] Player Nate Higgers [uid=gX-mGzx9RFx9F8jGKTZXFHTX2RzKzzdngvqPfvfqbSY=] left vehicle Pitbull (id=FD3BDEE6084F05976123738925E5E20F pos=<2673.254639, 273.760101, 9923.010742>)
22:50:30.804 [VehicleEnter] Player Nate Higgers [uid=gX-mGzx9RFx9F8jGKTZXFHTX2RzKzzdngvqPfvfqbSY=] entered vehicle Pitbull (id=FD3BDEE6084F05976123738925E5E20F pos=<2673.254639, 273.760132, 9923.010742>) as driver
22:51:18.953 [VehicleLeave] Player Nate Higgers [uid=gX-mGzx9RFx9F8jGKTZXFHTX2RzKzzdngvqPfvfqbSY=] left vehicle Pitbull (id=FD3BDEE6084F05976123738925E5E20F pos=<2394.511475, 268.587830, 10254.013672>)
22:53:11.109 [VehicleEnter] Player Nate Higgers [uid=gX-mGzx9RFx9F8jGKTZXFHTX2RzKzzdngvqPfvfqbSY=] entered vehicle Pitbull (id=FD3BDEE6084F05976123738925E5E20F pos=<2394.410645, 268.583130, 10254.007813>) as driver
22:58:23.460 [VehicleLeave] Player Nate Higgers [uid=gX-mGzx9RFx9F8jGKTZXFHTX2RzKzzdngvqPfvfqbSY=] left vehicle Pitbull (id=FD3BDEE6084F05976123738925E5E20F pos=<194.829315, 384.704407, 12539.036133>)
22:59:01.039 [VehicleEnter] Player Nate Higgers [uid=gX-mGzx9RFx9F8jGKTZXFHTX2RzKzzdngvqPfvfqbSY=] entered vehicle Pitbull (id=FD3BDEE6084F05976123738925E5E20F pos=<194.860382, 384.704193, 12538.972656>) as driver
22:59:16.976 [VehicleLeave] Player Nate Higgers [uid=gX-mGzx9RFx9F8jGKTZXFHTX2RzKzzdngvqPfvfqbSY=] left vehicle Pitbull (id=FD3BDEE6084F05976123738925E5E20F pos=<178.659775, 386.364807, 12529.618164>)
23:32:34.992 [MissionAirdrop] An airdrop is heading towards "Stary Sobor" (pos=<5823.000000, 0.000000, 7764.000000> type=Random_Stary Sobor) with a ExpansionAirdropContainer_Medical
23:37:40.203 [VehicleEnter] Player Nate Higgers [uid=gX-mGzx9RFx9F8jGKTZXFHTX2RzKzzdngvqPfvfqbSY=] entered vehicle Pitbull (id=FD3BDEE6084F05976123738925E5E20F pos=<178.659927, 386.364807, 12529.618164>) as passenger
23:37:48.812 [VehicleLeave] Player Nate Higgers [uid=gX-mGzx9RFx9F8jGKTZXFHTX2RzKzzdngvqPfvfqbSY=] left vehicle Pitbull (id=FD3BDEE6084F05976123738925E5E20F pos=<178.659927, 386.364807, 12529.618164>)
23:37:59.164 [VehicleEnter] Player Nate Higgers [uid=gX-mGzx9RFx9F8jGKTZXFHTX2RzKzzdngvqPfvfqbSY=] entered vehicle Pitbull (id=FD3BDEE6084F05976123738925E5E20F pos=<178.659927, 386.364807, 12529.618164>) as passenger
23:38:15.062 [VehicleLeave] Player Nate Higgers [uid=gX-mGzx9RFx9F8jGKTZXFHTX2RzKzzdngvqPfvfqbSY=] left vehicle Pitbull (id=FD3BDEE6084F05976123738925E5E20F pos=<178.659927, 386.364807, 12529.618164>)
23:51:29.257 [VehicleCarKey] Player "Nate Higgers" (id=gX-mGzx9RFx9F8jGKTZXFHTX2RzKzzdngvqPfvfqbSY= pos=<170.471298, 386.935089, 12524.221680>) used the  ExpansionCarKey to unlock Dingo_CZ (id=53653D7B8047524B57899ABEA73A462F pos=<172.889618, 386.796387, 12526.121094>)
01:00:39.203 [MissionAirdrop] An airdrop is heading towards "Skalisty Island" (pos=<13452.000000, 0.000000, 3112.000000> type=Random_Skalisty Island) with a ExpansionAirdropContainer_Medical
