02:02:12.747 [Party] Player "Nate Higgers" (id=gX-mGzx9RFx9F8jGKTZXFHTX2RzKzzdngvqPfvfqbSY=) joinded the party "boogaloos" (id=4 ownerUID=gX-mGzx9RFx9F8jGKTZXFHTX2RzKzzdngvqPfvfqbSY= ownerName=Nate Higgers)
02:02:12.747 [Expansion Quests] Initialize quest system on the connected client with UID=gX-mGzx9RFx9F8jGKTZXFHTX2RzKzzdngvqPfvfqbSY=
02:02:12.750 [Expansion Quests] Loaded existing player quest data for player with UID=gX-mGzx9RFx9F8jGKTZXFHTX2RzKzzdngvqPfvfqbSY=
02:02:12.750 [Expansion Quests] Loaded existing group quest data for group with ID=4
02:02:12.750 [Expansion Quests] Check quest initialization for quest with ID=8 | State=STARTED | Player UID=gX-mGzx9RFx9F8jGKTZXFHTX2RzKzzdngvqPfvfqbSY=
02:02:12.750 [Expansion Quests] Create new quest instance for quest with ID=8 | Player UID=gX-mGzx9RFx9F8jGKTZXFHTX2RzKzzdngvqPfvfqbSY=
02:02:12.750 [Expansion Quests] Check quest initialization for quest with ID=9 | State=STARTED | Player UID=gX-mGzx9RFx9F8jGKTZXFHTX2RzKzzdngvqPfvfqbSY=
02:02:12.750 [Expansion Quests] Create new quest instance for quest with ID=9 | Player UID=gX-mGzx9RFx9F8jGKTZXFHTX2RzKzzdngvqPfvfqbSY=
02:02:12.750 [Expansion Quests] Check quest initialization for quest with ID=11 | State=STARTED | Player UID=gX-mGzx9RFx9F8jGKTZXFHTX2RzKzzdngvqPfvfqbSY=
02:02:12.751 [Expansion Quests] Create new quest instance for quest with ID=11 | Player UID=gX-mGzx9RFx9F8jGKTZXFHTX2RzKzzdngvqPfvfqbSY=
02:02:12.751 [Expansion Quests] Check quest initialization for quest with ID=14 | State=STARTED | Player UID=gX-mGzx9RFx9F8jGKTZXFHTX2RzKzzdngvqPfvfqbSY=
02:02:12.751 [Expansion Quests] Create new quest instance for quest with ID=14 | Player UID=gX-mGzx9RFx9F8jGKTZXFHTX2RzKzzdngvqPfvfqbSY=
02:02:12.752 [Expansion Quests] Quest with ID=1 is not a a valid achievement or auto start quest. Skip quest for player with UID=gX-mGzx9RFx9F8jGKTZXFHTX2RzKzzdngvqPfvfqbSY=
02:02:12.752 [Expansion Quests] Quest with ID=2 is not a a valid achievement or auto start quest. Skip quest for player with UID=gX-mGzx9RFx9F8jGKTZXFHTX2RzKzzdngvqPfvfqbSY=
02:02:12.752 [Expansion Quests] Quest with ID=3 is not a a valid achievement or auto start quest. Skip quest for player with UID=gX-mGzx9RFx9F8jGKTZXFHTX2RzKzzdngvqPfvfqbSY=
02:02:12.752 [Expansion Quests] Quest with ID=4 is not a a valid achievement or auto start quest. Skip quest for player with UID=gX-mGzx9RFx9F8jGKTZXFHTX2RzKzzdngvqPfvfqbSY=
02:02:12.752 [Expansion Quests] Quest with ID=12 is not a a valid achievement or auto start quest. Skip quest for player with UID=gX-mGzx9RFx9F8jGKTZXFHTX2RzKzzdngvqPfvfqbSY=
02:02:12.752 [Expansion Quests] Quest with ID=13 is not a a valid achievement or auto start quest. Skip quest for player with UID=gX-mGzx9RFx9F8jGKTZXFHTX2RzKzzdngvqPfvfqbSY=
02:02:12.752 [Expansion Quests] Quest with ID=15 is not a a valid achievement or auto start quest. Skip quest for player with UID=gX-mGzx9RFx9F8jGKTZXFHTX2RzKzzdngvqPfvfqbSY=
02:02:12.752 [Expansion Quests] Quest with ID=16 is not a a valid achievement or auto start quest. Skip quest for player with UID=gX-mGzx9RFx9F8jGKTZXFHTX2RzKzzdngvqPfvfqbSY=
02:02:12.753 [Expansion Quests] Quest with ID=17 is not a a valid achievement or auto start quest. Skip quest for player with UID=gX-mGzx9RFx9F8jGKTZXFHTX2RzKzzdngvqPfvfqbSY=
02:02:12.753 [Expansion Quests] Quest with ID=18 is not a a valid achievement or auto start quest. Skip quest for player with UID=gX-mGzx9RFx9F8jGKTZXFHTX2RzKzzdngvqPfvfqbSY=
02:02:12.753 [Expansion Quests] Quest with ID=19 is not a a valid achievement or auto start quest. Skip quest for player with UID=gX-mGzx9RFx9F8jGKTZXFHTX2RzKzzdngvqPfvfqbSY=
02:02:12.753 [Expansion Quests] Quest with ID=22 is not a a valid achievement or auto start quest. Skip quest for player with UID=gX-mGzx9RFx9F8jGKTZXFHTX2RzKzzdngvqPfvfqbSY=
02:02:12.753 [Expansion Quests] Quest with ID=23 is not a a valid achievement or auto start quest. Skip quest for player with UID=gX-mGzx9RFx9F8jGKTZXFHTX2RzKzzdngvqPfvfqbSY=
02:02:12.753 [Expansion Quests] Quest with ID=24 is not a a valid achievement or auto start quest. Skip quest for player with UID=gX-mGzx9RFx9F8jGKTZXFHTX2RzKzzdngvqPfvfqbSY=
02:02:12.754 [Expansion Quests] Sending gX-mGzx9RFx9F8jGKTZXFHTX2RzKzzdngvqPfvfqbSY= quest configs to client for player with UID=gX-mGzx9RFx9F8jGKTZXFHTX2RzKzzdngvqPfvfqbSY=
02:02:12.754 [Expansion Quests] Sending player quest data for 4 quests to player with UID=gX-mGzx9RFx9F8jGKTZXFHTX2RzKzzdngvqPfvfqbSY=
02:02:13.397 [Expansion Quests] Added new objective data for type=TRAVEL | Key=gX-mGzx9RFx9F8jGKTZXFHTX2RzKzzdngvqPfvfqbSY= | ID=3
02:02:13.398 [Expansion Quests] Updated and saved persistent player quest data for player with UID=gX-mGzx9RFx9F8jGKTZXFHTX2RzKzzdngvqPfvfqbSY= | Quest ID=14
02:02:13.682 [Expansion Quests] - LoadGroupQuestData - Got cached group quest data for group with ID=4
02:06:41.013 [MissionAirdrop] An airdrop is heading towards "Novy Sobor" (pos=<7436.000000, 0.000000, 7720.000000> type=Random_Novy Sobor) with a ExpansionAirdropContainer_Basebuilding
03:13:42.538 [Party] Player "Nate Higgers" (id=gX-mGzx9RFx9F8jGKTZXFHTX2RzKzzdngvqPfvfqbSY=) left the party "boogaloos" (id=4 ownerUID=gX-mGzx9RFx9F8jGKTZXFHTX2RzKzzdngvqPfvfqbSY= ownerName=Nate Higgers)
03:13:42.539 [Expansion Quests] Deleted quest with ID=8 is a of player with UID=gX-mGzx9RFx9F8jGKTZXFHTX2RzKzzdngvqPfvfqbSY=.
03:13:42.539 [Expansion Quests] Deleted quest with ID=9 is a of player with UID=gX-mGzx9RFx9F8jGKTZXFHTX2RzKzzdngvqPfvfqbSY=.
03:13:42.539 [Expansion Quests] Deleted quest with ID=11 is a of player with UID=gX-mGzx9RFx9F8jGKTZXFHTX2RzKzzdngvqPfvfqbSY=.
03:13:42.539 [Expansion Quests] Deleted quest with ID=14 is a of player with UID=gX-mGzx9RFx9F8jGKTZXFHTX2RzKzzdngvqPfvfqbSY=.
03:32:28.194 [MissionAirdrop] An airdrop is heading towards "Novy Sobor" (pos=<7436.000000, 0.000000, 7720.000000> type=Random_Novy Sobor) with a ExpansionAirdropContainer_Basebuilding
04:58:13.371 [MissionAirdrop] An airdrop is heading towards "Stary Sobor" (pos=<5823.000000, 0.000000, 7764.000000> type=Random_Stary Sobor) with a ExpansionAirdropContainer_Basebuilding
