[11-04-2024][10.01.47] New Access Log File Created!
[11-04-2024][10.06.50] Log file reloaded ( Server Restart )
[10:13:01] Player (Ron Jeremy, 76561198059652382)(<4119.965332, 324.601013, 8962.382813>) quick accessed a lock!
[10:13:06] Player (Ron Jeremy, 76561198059652382)(<4111.609375, 324.602173, 8963.906250>) quick accessed a lock!
[11-04-2024][11.14.37] Log file reloaded ( Server Restart )
[11:20:06] Player (Ron Jeremy, 76561198059652382)(<3789.953369, 190.160019, 13000.239258>) quick accessed a lock!
[11:21:25] Player (Ron Jeremy, 76561198059652382)(<3791.092529, 190.422882, 12985.872070>) quick accessed a lock!
[11:26:10] Player (Ron Jeremy, 76561198059652382)(<3826.160645, 190.422882, 12996.052734>) removed a lock!
[11:47:39] Player (Ron Jeremy, 76561198059652382)(<4136.719727, 324.486603, 8915.201172>) quick accessed a lock!
[11-04-2024][13.54.42] Log file reloaded ( Server Restart )
[11-04-2024][14.01.01] Log file reloaded ( Server Restart )
[14:25:36] Player (Ron Jeremy, 76561198059652382)(<4111.609375, 324.602173, 8963.906250>) quick accessed a lock!
[14:25:52] Player (Ron Jeremy, 76561198059652382)(<4119.965332, 324.601013, 8962.382813>) quick accessed a lock!
[14:35:36] Player (Ron Jeremy, 76561198059652382)(<4111.609375, 324.602173, 8963.906250>) quick accessed a lock!
[14:41:17] Player (Ron Jeremy, 76561198059652382)(<189.622070, 385.230957, 12535.733398>) quick accessed a lock!
[14:41:30] Player (Ron Jeremy, 76561198059652382)(<189.622070, 385.230957, 12535.733398>) quick accessed a lock!
[14:48:36] Player (Ron Jeremy, 76561198059652382)(<4136.719727, 324.486603, 8915.201172>) quick accessed a lock!
[11-04-2024][15.08.32] Log file reloaded ( Server Restart )
[15:10:07] Player (Ron Jeremy, 76561198059652382)(<4136.719727, 324.486603, 8915.201172>) quick accessed a lock!
[11-04-2024][16.23.35] Log file reloaded ( Server Restart )
[11-04-2024][16.25.16] Log file reloaded ( Server Restart )
[11-04-2024][16.26.05] Log file reloaded ( Server Restart )
[11-04-2024][17.19.02] Log file reloaded ( Server Restart )
[17:24:30] Player (Renix, 76561199628561855)(<6556.203613, 392.805634, 5616.765137>) quick accessed a lock!
[17:24:53] Player (Renix, 76561199628561855)(<6526.631348, 398.707916, 5579.525391>) quick accessed a lock!
[17:24:57] Player (Renix, 76561199628561855)(<6520.472168, 397.530243, 5579.570801>) quick accessed a lock!
[17:25:00] Player (Renix, 76561199628561855)(<6517.485352, 401.963226, 5580.700684>) quick accessed a lock!
[17:25:02] Player (Renix, 76561199628561855)(<6520.867676, 401.963867, 5584.457520>) quick accessed a lock!
[17:25:05] Player (Renix, 76561199628561855)(<6525.507324, 404.501404, 5584.708984>) quick accessed a lock!
[17:25:07] Player (Renix, 76561199628561855)(<6531.505859, 406.283905, 5584.302246>) quick accessed a lock!
[17:25:10] Player (Renix, 76561199628561855)(<6536.822754, 409.054108, 5584.535156>) quick accessed a lock!
[17:25:15] Player (Renix, 76561199628561855)(<6547.292969, 412.486206, 5585.479980>) quick accessed a lock!
[17:25:17] Player (Renix, 76561199628561855)(<6548.829590, 412.480499, 5585.437012>) quick accessed a lock!
[17:25:20] Player (Renix, 76561199628561855)(<6548.845215, 412.480560, 5586.937012>) quick accessed a lock!
[17:25:25] Player (Renix, 76561199628561855)(<6551.115234, 412.477539, 5601.276367>) quick accessed a lock!
[17:25:28] Player (Renix, 76561199628561855)(<6550.347656, 412.268433, 5598.176270>) quick accessed a lock!
[17:25:34] Player (Renix, 76561199628561855)(<6550.425293, 404.401306, 5600.237305>) quick accessed a lock!
[17:25:36] Player (Renix, 76561199628561855)(<6550.557129, 404.401306, 5599.023926>) quick accessed a lock!
[17:25:47] Player (Renix, 76561199628561855)(<6552.875977, 412.510162, 5586.863770>) quick accessed a lock!
[17:25:50] Player (Renix, 76561199628561855)(<6556.999023, 412.492157, 5587.708008>) quick accessed a lock!
[17:25:56] Player (Renix, 76561199628561855)(<6556.365234, 412.474854, 5601.233398>) quick accessed a lock!
[17:25:58] Player (Renix, 76561199628561855)(<6556.399902, 415.486237, 5604.124023>) quick accessed a lock!
[17:26:00] Player (Renix, 76561199628561855)(<6553.406250, 416.881653, 5603.495117>) quick accessed a lock!
[17:26:02] Player (Renix, 76561199628561855)(<6547.406738, 416.881439, 5603.561523>) quick accessed a lock!
[17:28:38] Player (Renix, 76561199628561855)(<6526.631348, 398.707916, 5579.525391>) quick accessed a lock!
[17:30:37] Player (Renix, 76561199628561855)(<6526.631348, 398.707916, 5579.525391>) quick accessed a lock!
[17:32:57] Player (Renix, 76561199628561855)(<6557.072266, 412.486420, 5595.228027>) set a new passcode on lock!
[17:32:57] Player (Renix, 76561199628561855)(<6557.072266, 412.486420, 5595.228027>) claimed ownership of a lock!
[17:32:58] Player (Renix, 76561199628561855)(<6557.072266, 412.486420, 5595.228027>) quick accessed a lock!
[17:33:18] Player (Renix, 76561199628561855)(<6555.035645, 413.665100, 5586.836914>) set a new passcode on lock!
[17:33:18] Player (Renix, 76561199628561855)(<6555.035645, 413.665100, 5586.836914>) claimed ownership of a lock!
[17:38:04] Player (Renix, 76561199628561855)(<6556.203613, 392.805634, 5616.765137>) quick accessed a lock!
[17:38:11] Player (Renix, 76561199628561855)(<6548.068848, 393.926025, 5597.631348>) quick accessed a lock!
[17:38:13] Player (Renix, 76561199628561855)(<6549.569336, 393.926025, 5597.663574>) quick accessed a lock!
[17:38:15] Player (Renix, 76561199628561855)(<6551.396973, 392.748138, 5597.043945>) quick accessed a lock!
[17:38:17] Player (Renix, 76561199628561855)(<6554.584473, 392.748138, 5594.091309>) quick accessed a lock!
[17:38:18] Player (Renix, 76561199628561855)(<6555.935059, 392.748138, 5595.878418>) quick accessed a lock!
[17:38:20] Player (Renix, 76561199628561855)(<6554.495117, 392.748138, 5597.358398>) quick accessed a lock!
[17:38:22] Player (Renix, 76561199628561855)(<6554.010254, 392.748138, 5599.219238>) quick accessed a lock!
[17:38:24] Player (Renix, 76561199628561855)(<6553.345215, 392.748138, 5600.194824>) quick accessed a lock!
[17:39:34] Player (Renix, 76561199628561855)(<6548.068848, 393.926025, 5597.631348>) quick accessed a lock!
[17:43:11] Player (Renix, 76561199628561855)(<6556.203613, 392.805634, 5616.765137>) quick accessed a lock!
[17:43:47] Player (Renix, 76561199628561855)(<6548.068848, 393.926025, 5597.631348>) quick accessed a lock!
[17:45:06] Player (Renix, 76561199628561855)(<6548.068848, 393.926025, 5597.631348>) quick accessed a lock!
[17:46:30] Player (Renix, 76561199628561855)(<6548.068848, 393.926025, 5597.631348>) quick accessed a lock!
[17:46:53] Player (Renix, 76561199628561855)(<6548.068848, 393.926025, 5597.631348>) quick accessed a lock!
[17:56:20] Player (Survivor, 76561198261637700)(<6512.910156, 388.850586, 5597.850098>) quick accessed a lock!
[17:56:41] Player (Renix, 76561199628561855)(<6556.203613, 392.805634, 5616.765137>) quick accessed a lock!
[11-04-2024][18.01.05] Log file reloaded ( Server Restart )
[18:07:40] Player (Survivor, 76561198261637700)(<6512.910156, 388.850586, 5597.850098>) quick accessed a lock!
[18:08:05] Player (Survivor, 76561198261637700)(<6512.910156, 388.850586, 5597.850098>) quick accessed a lock!
[18:08:45] Player (Survivor, 76561198261637700)(<6529.366211, 385.896973, 5581.227051>) quick accessed a lock!
[18:08:48] Player (Survivor, 76561198261637700)(<6530.633301, 386.021393, 5570.770996>) quick accessed a lock!
[18:31:35] Player (Nate Higgers, 76561198143738244)(<189.622070, 385.230957, 12535.733398>) quick accessed a lock!
[18:31:38] Player (Nate Higgers, 76561198143738244)(<189.622070, 385.230957, 12535.733398>) quick accessed a lock!
[18:35:21] Player (Nate Higgers, 76561198143738244)(<180.165665, 387.974945, 12522.898438>) quick accessed a lock!
[18:35:24] Player (Nate Higgers, 76561198143738244)(<177.753494, 386.823303, 12521.594727>) quick accessed a lock!
[18:54:32] Player (Renix, 76561199628561855)(<6548.068848, 393.926025, 5597.631348>) quick accessed a lock!
[18:54:57] Player (Renix, 76561199628561855)(<6553.345215, 392.748138, 5600.194824>) quick accessed a lock!
[18:54:58] Player (Renix, 76561199628561855)(<6554.010254, 392.748138, 5599.219238>) quick accessed a lock!
[18:54:59] Player (Renix, 76561199628561855)(<6554.495117, 392.748138, 5597.358398>) quick accessed a lock!
[18:55:00] Player (Renix, 76561199628561855)(<6555.935059, 392.748138, 5595.878418>) quick accessed a lock!
[18:55:02] Player (Renix, 76561199628561855)(<6554.584473, 392.748138, 5594.091309>) quick accessed a lock!
[18:55:03] Player (Renix, 76561199628561855)(<6552.817871, 392.748138, 5594.763672>) quick accessed a lock!
[18:55:44] Player (Renix, 76561199628561855)(<6556.999023, 412.492157, 5587.708008>) quick accessed a lock!
[18:57:10] Player (Renix, 76561199628561855)(<6526.631348, 398.707916, 5579.525391>) quick accessed a lock!
[18:57:22] Player (Renix, 76561199628561855)(<6529.366211, 385.896973, 5581.227051>) quick accessed a lock!
[18:57:27] Player (Renix, 76561199628561855)(<6529.366211, 388.896973, 5581.227051>) quick accessed a lock!
[18:57:35] Player (Renix, 76561199628561855)(<6530.633301, 389.021393, 5570.770996>) quick accessed a lock!
[18:57:36] Player (Renix, 76561199628561855)(<6530.633301, 386.021393, 5570.770996>) quick accessed a lock!
[19:14:41] Player (Nate Higgers, 76561198143738244)(<189.622070, 385.230957, 12535.733398>) quick accessed a lock!
[19:15:54] Player (Renix, 76561199628561855)(<6530.633301, 386.021393, 5570.770996>) quick accessed a lock!
[20:28:53] Player (Nate Higgers, 76561198143738244)(<202.868103, 385.414917, 12496.550781>) quick accessed a lock!
[20:29:04] Player (Nate Higgers, 76561198143738244)(<202.868103, 385.414917, 12496.550781>) quick accessed a lock!
[20:30:29] Player (Nate Higgers, 76561198143738244)(<202.868103, 385.414917, 12496.550781>) quick accessed a lock!
[11-04-2024][22.01.05] Log file reloaded ( Server Restart )
[22:05:59] Player (Ron Jeremy, 76561198059652382)(<4136.719727, 324.486603, 8915.201172>) quick accessed a lock!
[22:11:21] Player (Ron Jeremy, 76561198059652382)(<4146.040527, 324.609253, 8947.558594>) quick accessed a lock!
[22:11:24] Player (Ron Jeremy, 76561198059652382)(<4146.285156, 324.606567, 8955.324219>) quick accessed a lock!
[22:11:33] Player (Ron Jeremy, 76561198059652382)(<4119.965332, 324.601013, 8962.382813>) quick accessed a lock!
[22:11:36] Player (Ron Jeremy, 76561198059652382)(<4111.609375, 324.602173, 8963.906250>) quick accessed a lock!
[22:11:40] Player (Ron Jeremy, 76561198059652382)(<4111.609375, 324.602173, 8963.906250>) quick accessed a lock!
[22:31:02] Player (Ron Jeremy, 76561198059652382)(<4136.719727, 324.486603, 8915.201172>) quick accessed a lock!
[22:58:27] Player (Nate Higgers, 76561198143738244)(<189.622070, 385.230957, 12535.733398>) quick accessed a lock!
[23:26:51] Player (Nate Higgers, 76561198143738244)(<177.753494, 386.823303, 12521.594727>) quick accessed a lock!
[00:31:36] Player (Nate Higgers, 76561198143738244)(<192.928146, 385.043396, 12527.054688>) quick accessed a lock!
[00:39:07] Player (Nate Higgers, 76561198143738244)(<202.868103, 385.414917, 12496.550781>) quick accessed a lock!
